<?xml version="1.0" encoding="utf-8"?>
<testsuites name="pytest tests">
  <testsuite name="pytest" errors="0" failures="0" skipped="0" tests="1321" time="7.058">
    <testcase classname="tests.test_agent_api_schemas" name="test_request_strips_fields_and_accepts_optional_goal" time="0.001" />
    <testcase classname="tests.test_agent_api_schemas" name="test_request_allows_missing_task_goal" time="0.000" />
    <testcase classname="tests.test_agent_api_schemas" name="test_request_rejects_client_controlled_agent_boundaries" time="0.001" />
    <testcase classname="tests.test_agent_api_schemas" name="test_request_rejects_blank_explicit_task_goal" time="0.001" />
    <testcase classname="tests.test_agent_api_schemas" name="test_success_trace_has_no_error_code" time="0.000" />
    <testcase classname="tests.test_agent_api_schemas" name="test_timeout_trace_accepts_matching_error_code" time="0.000" />
    <testcase classname="tests.test_agent_api_schemas" name="test_trace_rejects_mismatched_status_and_error_code[success-tool_timeout]" time="0.001" />
    <testcase classname="tests.test_agent_api_schemas" name="test_trace_rejects_mismatched_status_and_error_code[timeout-None]" time="0.001" />
    <testcase classname="tests.test_agent_api_schemas" name="test_trace_rejects_mismatched_status_and_error_code[timeout-empty_result]" time="0.001" />
    <testcase classname="tests.test_agent_api_schemas" name="test_completed_execution_accepts_continuous_steps" time="0.000" />
    <testcase classname="tests.test_agent_api_schemas" name="test_aborted_execution_requires_missing_information" time="0.000" />
    <testcase classname="tests.test_agent_api_schemas" name="test_execution_rejects_step_count_mismatch" time="0.001" />
    <testcase classname="tests.test_agent_api_schemas" name="test_execution_rejects_non_continuous_step_ids" time="0.000" />
    <testcase classname="tests.test_agent_api_schemas" name="test_non_completed_finish_requires_missing_information" time="0.001" />
    <testcase classname="tests.test_agent_api_schemas" name="test_valid_agent_response_combines_all_public_outputs" time="0.001" />
    <testcase classname="tests.test_agent_api_schemas" name="test_response_requires_matching_request_ids" time="0.001" />
    <testcase classname="tests.test_agent_api_schemas" name="test_response_rejects_duplicate_telemetry_robot_ids" time="0.001" />
    <testcase classname="tests.test_agent_api_schemas" name="test_response_rejects_draft_evidence_outside_diagnosis" time="0.001" />
    <testcase classname="tests.test_agent_diagnosis_api" name="test_agent_diagnose_returns_completed_response" time="0.013" />
    <testcase classname="tests.test_agent_diagnosis_api" name="test_agent_diagnose_returns_abstention_with_200" time="0.026" />
    <testcase classname="tests.test_agent_diagnosis_api" name="test_invalid_agent_request_returns_422_before_service[missing-robot-id]" time="0.014" />
    <testcase classname="tests.test_agent_diagnosis_api" name="test_invalid_agent_request_returns_422_before_service[blank-symptom]" time="0.032" />
    <testcase classname="tests.test_agent_diagnosis_api" name="test_invalid_agent_request_returns_422_before_service[extra-tools-field]" time="0.012" />
    <testcase classname="tests.test_agent_diagnosis_api" name="test_invalid_agent_request_returns_422_before_service[blank-task-goal]" time="0.033" />
    <testcase classname="tests.test_agent_diagnosis_api" name="test_agent_diagnose_endpoint_rejects_get_method" time="0.009" />
    <testcase classname="tests.test_agent_diagnosis_report_builder" name="test_builder_reconstructs_real_metadata_and_global_ranks" time="0.001" />
    <testcase classname="tests.test_agent_diagnosis_report_builder" name="test_builder_deduplicates_chunk_referenced_by_cause_and_check" time="0.000" />
    <testcase classname="tests.test_agent_diagnosis_report_builder" name="test_builder_rejects_unconfirmed_chunk_id" time="0.001" />
    <testcase classname="tests.test_agent_diagnosis_report_builder" name="test_builder_rejects_citation_without_rrf_score" time="0.000" />
    <testcase classname="tests.test_agent_diagnosis_report_builder" name="test_builder_rejects_more_than_ten_unique_evidence_items" time="0.001" />
    <testcase classname="tests.test_agent_diagnosis_report_builder" name="test_builder_preserves_partial_missing_information" time="0.000" />
    <testcase classname="tests.test_agent_diagnosis_report_builder" name="test_builder_converts_abstained_draft_without_exposing_evidence" time="0.000" />
    <testcase classname="tests.test_agent_diagnosis_report_builder" name="test_abstained_builder_includes_explicit_test_draft_evidence" time="0.000" />
    <testcase classname="tests.test_agent_diagnosis_report_builder" name="test_builder_rejects_unconfirmed_additional_evidence" time="0.000" />
    <testcase classname="tests.test_agent_diagnosis_report_builder" name="test_builder_marks_symptom_and_log_sources" time="0.000" />
    <testcase classname="tests.test_agent_diagnosis_report_builder" name="test_builder_records_agent_versions" time="0.000" />
    <testcase classname="tests.test_agent_diagnosis_report_builder" name="test_abstained_builder_creates_stable_runner_failure_report" time="0.000" />
    <testcase classname="tests.test_agent_diagnosis_report_builder" name="test_abstained_builder_rejects_empty_missing_information" time="0.000" />
    <testcase classname="tests.test_agent_diagnosis_report_builder" name="test_builder_rejects_blank_tracking_fields[request_id-   ]" time="0.000" />
    <testcase classname="tests.test_agent_diagnosis_report_builder" name="test_builder_rejects_blank_tracking_fields[planner_prompt_version-   ]" time="0.001" />
    <testcase classname="tests.test_agent_diagnosis_schemas" name="test_completed_draft_accepts_supported_conclusions" time="0.000" />
    <testcase classname="tests.test_agent_diagnosis_schemas" name="test_partial_draft_requires_and_accepts_missing_information" time="0.000" />
    <testcase classname="tests.test_agent_diagnosis_schemas" name="test_abstained_draft_accepts_safe_empty_conclusions" time="0.000" />
    <testcase classname="tests.test_agent_diagnosis_schemas" name="test_draft_strips_text_and_converts_json_arrays_to_tuples" time="0.000" />
    <testcase classname="tests.test_agent_diagnosis_schemas" name="test_draft_rejects_model_generated_chunk_metadata" time="0.000" />
    <testcase classname="tests.test_agent_diagnosis_schemas" name="test_draft_rejects_mismatched_status_and_abstained[completed-True]" time="0.001" />
    <testcase classname="tests.test_agent_diagnosis_schemas" name="test_draft_rejects_mismatched_status_and_abstained[partial-True]" time="0.001" />
    <testcase classname="tests.test_agent_diagnosis_schemas" name="test_draft_rejects_mismatched_status_and_abstained[abstained-False]" time="0.001" />
    <testcase classname="tests.test_agent_diagnosis_schemas" name="test_abstained_draft_rejects_possible_causes" time="0.000" />
    <testcase classname="tests.test_agent_diagnosis_schemas" name="test_abstained_draft_requires_missing_information" time="0.000" />
    <testcase classname="tests.test_agent_diagnosis_schemas" name="test_abstained_draft_requires_unknown_risk" time="0.000" />
    <testcase classname="tests.test_agent_diagnosis_schemas" name="test_non_abstained_draft_requires_cause_or_check" time="0.000" />
    <testcase classname="tests.test_agent_diagnosis_schemas" name="test_partial_draft_rejects_empty_missing_information" time="0.000" />
    <testcase classname="tests.test_agent_diagnosis_schemas" name="test_completed_draft_rejects_missing_information" time="0.000" />
    <testcase classname="tests.test_agent_diagnosis_schemas" name="test_draft_rejects_duplicate_missing_information" time="0.002" />
    <testcase classname="tests.test_agent_diagnosis_schemas" name="test_draft_reuses_high_risk_qualification_rule" time="0.000" />
    <testcase classname="tests.test_agent_diagnosis_schemas" name="test_schema_accepts_syntactic_id_before_service_whitelist" time="0.000" />
    <testcase classname="tests.test_agent_diagnosis_schemas" name="test_draft_top_level_fields_are_frozen" time="0.001" />
    <testcase classname="tests.test_agent_diagnosis_service" name="test_task_builder_serializes_request_as_untrusted_json" time="0.000" />
    <testcase classname="tests.test_agent_diagnosis_service" name="test_service_combines_three_step_agent_result" time="0.002" />
    <testcase classname="tests.test_agent_diagnosis_service" name="test_trace_redacts_query_and_knowledge_body" time="0.002" />
    <testcase classname="tests.test_agent_diagnosis_service" name="test_aborted_runner_returns_stable_abstained_response" time="0.001" />
    <testcase classname="tests.test_agent_diagnosis_service" name="test_invalid_final_json_degrades_to_safe_abstention" time="0.020" />
    <testcase classname="tests.test_agent_diagnosis_service" name="test_unconfirmed_final_chunk_id_degrades_safely" time="0.002" />
    <testcase classname="tests.test_agent_diagnosis_service" name="test_aborted_response_preserves_confirmed_test_draft" time="0.002" />
    <testcase classname="tests.test_agent_diagnosis_service" name="test_failed_tool_appears_in_public_trace" time="0.001" />
    <testcase classname="tests.test_agent_diagnosis_service" name="test_duplicate_robot_telemetry_keeps_latest_snapshot" time="0.022" />
    <testcase classname="tests.test_agent_diagnosis_service" name="test_finish_reason_draft_status_mismatch_degrades_safely" time="0.002" />
    <testcase classname="tests.test_agent_diagnosis_service" name="test_service_rejects_wrong_runner_return_type" time="0.001" />
    <testcase classname="tests.test_agent_diagnosis_service" name="test_service_constructor_validates_dependencies" time="0.001" />
    <testcase classname="tests.test_agent_evaluation_cli" name="test_run_real_evaluation_connects_complete_flow" time="0.059" />
    <testcase classname="tests.test_agent_evaluation_cli" name="test_run_real_evaluation_rejects_timeout_before_loading" time="0.005" />
    <testcase classname="tests.test_agent_evaluation_cli" name="test_main_connects_args_settings_runner_and_summary" time="0.002" />
    <testcase classname="tests.test_agent_evaluation_data" name="test_load_agent_scenarios_preserves_order_and_models" time="0.004" />
    <testcase classname="tests.test_agent_evaluation_data" name="test_agent_scenario_loader_requires_jsonl_suffix" time="0.002" />
    <testcase classname="tests.test_agent_evaluation_data" name="test_agent_scenario_loader_requires_existing_file" time="0.002" />
    <testcase classname="tests.test_agent_evaluation_data" name="test_agent_scenario_loader_rejects_blank_line" time="0.002" />
    <testcase classname="tests.test_agent_evaluation_data" name="test_agent_scenario_loader_rejects_invalid_json" time="0.002" />
    <testcase classname="tests.test_agent_evaluation_data" name="test_agent_scenario_loader_rejects_schema_error" time="0.002" />
    <testcase classname="tests.test_agent_evaluation_data" name="test_agent_scenario_loader_rejects_duplicate_id" time="0.002" />
    <testcase classname="tests.test_agent_evaluation_data" name="test_agent_scenario_loader_rejects_empty_file" time="0.002" />
    <testcase classname="tests.test_agent_evaluation_metrics" name="test_calculate_metrics_aggregates_all_week4_dimensions" time="0.001" />
    <testcase classname="tests.test_agent_evaluation_metrics" name="test_metrics_accept_tuple_without_mutating_input" time="0.000" />
    <testcase classname="tests.test_agent_evaluation_metrics" name="test_metrics_reject_empty_results" time="0.000" />
    <testcase classname="tests.test_agent_evaluation_metrics" name="test_metrics_reject_duplicate_scenario_ids" time="0.000" />
    <testcase classname="tests.test_agent_evaluation_metrics" name="test_metrics_reject_unvalidated_result_object" time="0.000" />
    <testcase classname="tests.test_agent_evaluation_metrics" name="test_zero_denominators_produce_stable_zero_rates" time="0.000" />
    <testcase classname="tests.test_agent_evaluation_report_schemas" name="test_valid_metrics_preserve_required_week4_indicators" time="0.000" />
    <testcase classname="tests.test_agent_evaluation_report_schemas" name="test_metrics_reject_impossible_count_relationships[replacement0-request_success_count\u4e0d\u80fd\u8d85\u8fc7scenario_count]" time="0.001" />
    <testcase classname="tests.test_agent_evaluation_report_schemas" name="test_metrics_reject_impossible_count_relationships[replacement1-passed_scenario_count\u4e0d\u80fd\u8d85\u8fc7request_success_count]" time="0.001" />
    <testcase classname="tests.test_agent_evaluation_report_schemas" name="test_metrics_reject_impossible_count_relationships[replacement2-tool_selection_correct_count\u4e0d\u80fd\u8d85\u8fc7scenario_count]" time="0.001" />
    <testcase classname="tests.test_agent_evaluation_report_schemas" name="test_metrics_reject_impossible_count_relationships[replacement3-completed_task_count\u4e0d\u80fd\u8d85\u8fc7expected_completion_count]" time="0.001" />
    <testcase classname="tests.test_agent_evaluation_report_schemas" name="test_metrics_reject_impossible_count_relationships[replacement4-correct_citation_count\u4e0d\u80fd\u8d85\u8fc7returned_citation_count]" time="0.001" />
    <testcase classname="tests.test_agent_evaluation_report_schemas" name="test_metrics_reject_impossible_count_relationships[replacement5-matched_expected_evidence_count\u4e0d\u80fd\u8d85\u8fc7expected_evidence_count]" time="0.001" />
    <testcase classname="tests.test_agent_evaluation_report_schemas" name="test_metrics_reject_impossible_count_relationships[replacement6-correct_safe_refusal_count\u4e0d\u80fd\u8d85\u8fc7safe_refusal_case_count]" time="0.001" />
    <testcase classname="tests.test_agent_evaluation_report_schemas" name="test_metrics_reject_impossible_count_relationships[replacement7-total_step_count\u4e0d\u80fd\u8d85\u8fc7\u6210\u529f\u8bf7\u6c42\u7684\u6700\u5927\u6b65\u9aa4\u6570]" time="0.001" />
    <testcase classname="tests.test_agent_evaluation_report_schemas" name="test_metrics_reject_rates_not_matching_counts[request_success_rate-0.5]" time="0.001" />
    <testcase classname="tests.test_agent_evaluation_report_schemas" name="test_metrics_reject_rates_not_matching_counts[scenario_pass_rate-0.5]" time="0.001" />
    <testcase classname="tests.test_agent_evaluation_report_schemas" name="test_metrics_reject_rates_not_matching_counts[tool_selection_accuracy-0.5]" time="0.001" />
    <testcase classname="tests.test_agent_evaluation_report_schemas" name="test_metrics_reject_rates_not_matching_counts[task_completion_rate-0.5]" time="0.001" />
    <testcase classname="tests.test_agent_evaluation_report_schemas" name="test_metrics_reject_rates_not_matching_counts[citation_correctness-0.5]" time="0.001" />
    <testcase classname="tests.test_agent_evaluation_report_schemas" name="test_metrics_reject_rates_not_matching_counts[citation_coverage-0.5]" time="0.001" />
    <testcase classname="tests.test_agent_evaluation_report_schemas" name="test_metrics_reject_rates_not_matching_counts[safe_refusal_rate-0.5]" time="0.001" />
    <testcase classname="tests.test_agent_evaluation_report_schemas" name="test_metrics_reject_rates_not_matching_counts[average_steps-0.5]" time="0.001" />
    <testcase classname="tests.test_agent_evaluation_report_schemas" name="test_zero_denominators_use_zero_rates" time="0.000" />
    <testcase classname="tests.test_agent_evaluation_report_schemas" name="test_valid_report_matches_all_result_aggregates" time="0.001" />
    <testcase classname="tests.test_agent_evaluation_report_schemas" name="test_report_explicitly_rejects_generated_time" time="0.001" />
    <testcase classname="tests.test_agent_evaluation_report_schemas" name="test_report_rejects_duplicate_scenario_ids" time="0.001" />
    <testcase classname="tests.test_agent_evaluation_report_schemas" name="test_report_rejects_metrics_not_matching_results[scenario_count]" time="0.001" />
    <testcase classname="tests.test_agent_evaluation_report_schemas" name="test_report_rejects_metrics_not_matching_results[request_success_count]" time="0.001" />
    <testcase classname="tests.test_agent_evaluation_report_schemas" name="test_report_rejects_metrics_not_matching_results[passed_scenario_count]" time="0.001" />
    <testcase classname="tests.test_agent_evaluation_report_schemas" name="test_report_rejects_metrics_not_matching_results[tool_selection_correct_count]" time="0.001" />
    <testcase classname="tests.test_agent_evaluation_report_schemas" name="test_report_rejects_metrics_not_matching_results[expected_completion_count]" time="0.001" />
    <testcase classname="tests.test_agent_evaluation_report_schemas" name="test_report_rejects_metrics_not_matching_results[completed_task_count]" time="0.001" />
    <testcase classname="tests.test_agent_evaluation_report_schemas" name="test_report_rejects_metrics_not_matching_results[returned_citation_count]" time="0.001" />
    <testcase classname="tests.test_agent_evaluation_report_schemas" name="test_report_rejects_metrics_not_matching_results[correct_citation_count]" time="0.001" />
    <testcase classname="tests.test_agent_evaluation_report_schemas" name="test_report_rejects_metrics_not_matching_results[expected_evidence_count]" time="0.001" />
    <testcase classname="tests.test_agent_evaluation_report_schemas" name="test_report_rejects_metrics_not_matching_results[matched_expected_evidence_count]" time="0.001" />
    <testcase classname="tests.test_agent_evaluation_report_schemas" name="test_report_rejects_metrics_not_matching_results[safe_refusal_case_count]" time="0.001" />
    <testcase classname="tests.test_agent_evaluation_report_schemas" name="test_report_rejects_metrics_not_matching_results[correct_safe_refusal_count]" time="0.001" />
    <testcase classname="tests.test_agent_evaluation_report_schemas" name="test_report_rejects_metrics_not_matching_results[total_step_count]" time="0.001" />
    <testcase classname="tests.test_agent_evaluation_report_schemas" name="test_report_is_frozen_after_validation" time="0.001" />
    <testcase classname="tests.test_agent_evaluation_reporting" name="test_parse_args_uses_documented_defaults" time="0.001" />
    <testcase classname="tests.test_agent_evaluation_reporting" name="test_parse_args_preserves_explicit_values" time="0.001" />
    <testcase classname="tests.test_agent_evaluation_reporting" name="test_parse_args_rejects_non_positive_timeout" time="0.001" />
    <testcase classname="tests.test_agent_evaluation_reporting" name="test_render_markdown_report_is_auditable" time="0.001" />
    <testcase classname="tests.test_agent_evaluation_reporting" name="test_render_markdown_report_omits_generation_time" time="0.001" />
    <testcase classname="tests.test_agent_evaluation_reporting" name="test_write_reports_creates_round_trip_files" time="0.004" />
    <testcase classname="tests.test_agent_evaluation_reporting" name="test_print_summary_reports_core_metrics_and_paths" time="0.001" />
    <testcase classname="tests.test_agent_evaluation_result_schemas" name="test_valid_success_result_preserves_audit_fields" time="0.000" />
    <testcase classname="tests.test_agent_evaluation_result_schemas" name="test_citation_evaluation_rejects_extra_content" time="0.000" />
    <testcase classname="tests.test_agent_evaluation_result_schemas" name="test_success_result_requires_complete_response_metadata[replacement0-\u6210\u529f\u8bf7\u6c42\u5fc5\u987b\u4f7f\u75282xx HTTP\u72b6\u6001\u7801]" time="0.001" />
    <testcase classname="tests.test_agent_evaluation_result_schemas" name="test_success_result_requires_complete_response_metadata[replacement1-\u6210\u529f\u8bf7\u6c42\u5fc5\u987b\u5305\u542brequest_id]" time="0.001" />
    <testcase classname="tests.test_agent_evaluation_result_schemas" name="test_success_result_requires_complete_response_metadata[replacement2-\u6210\u529f\u8bf7\u6c42\u4e0d\u80fd\u5305\u542brequest_error]" time="0.001" />
    <testcase classname="tests.test_agent_evaluation_result_schemas" name="test_success_result_requires_complete_response_metadata[replacement3-\u6210\u529f\u8bf7\u6c42\u5fc5\u987b\u5305\u542bactual_execution_state]" time="0.001" />
    <testcase classname="tests.test_agent_evaluation_result_schemas" name="test_success_result_requires_complete_response_metadata[replacement4-\u6210\u529f\u8bf7\u6c42\u5fc5\u987b\u5305\u542bactual_termination_reason]" time="0.001" />
    <testcase classname="tests.test_agent_evaluation_result_schemas" name="test_success_result_requires_complete_response_metadata[replacement5-\u6210\u529f\u8bf7\u6c42\u5fc5\u987b\u5305\u542bactual_diagnosis_status]" time="0.001" />
    <testcase classname="tests.test_agent_evaluation_result_schemas" name="test_valid_request_failure_contains_no_fake_observation" time="0.000" />
    <testcase classname="tests.test_agent_evaluation_result_schemas" name="test_request_failure_rejects_fake_response_data[replacement0-\u5931\u8d25\u8bf7\u6c42\u5fc5\u987b\u5305\u542brequest_error]" time="0.001" />
    <testcase classname="tests.test_agent_evaluation_result_schemas" name="test_request_failure_rejects_fake_response_data[replacement1-\u5931\u8d25\u8bf7\u6c42\u4e0d\u80fd\u5305\u542bAgent\u5de5\u5177\u89c2\u5bdf]" time="0.001" />
    <testcase classname="tests.test_agent_evaluation_result_schemas" name="test_request_failure_rejects_fake_response_data[replacement2-\u5931\u8d25\u8bf7\u6c42\u4e0d\u80fd\u5305\u542bAgent\u54cd\u5e94\u72b6\u6001]" time="0.001" />
    <testcase classname="tests.test_agent_evaluation_result_schemas" name="test_request_failure_rejects_fake_response_data[replacement3-\u5931\u8d25\u8bf7\u6c42\u4e0d\u80fd\u5305\u542b\u5f15\u7528\u8bc4\u5206]" time="0.001" />
    <testcase classname="tests.test_agent_evaluation_result_schemas" name="test_completed_execution_requires_finish_reason" time="0.001" />
    <testcase classname="tests.test_agent_evaluation_result_schemas" name="test_aborted_execution_rejects_finish_reason" time="0.001" />
    <testcase classname="tests.test_agent_evaluation_result_schemas" name="test_step_count_matches_actual_tool_sequence" time="0.001" />
    <testcase classname="tests.test_agent_evaluation_result_schemas" name="test_result_rejects_duplicate_citation_chunk_ids" time="0.001" />
    <testcase classname="tests.test_agent_evaluation_result_schemas" name="test_matched_evidence_must_be_expected" time="0.001" />
    <testcase classname="tests.test_agent_evaluation_result_schemas" name="test_citation_correct_flag_matches_expected_location" time="0.001" />
    <testcase classname="tests.test_agent_evaluation_result_schemas" name="test_matched_evidence_equals_correct_citation_locations" time="0.000" />
    <testcase classname="tests.test_agent_evaluation_result_schemas" name="test_result_rejects_duplicate_evidence_locations[expected_evidence]" time="0.001" />
    <testcase classname="tests.test_agent_evaluation_result_schemas" name="test_result_rejects_duplicate_evidence_locations[matched_expected_evidence]" time="0.001" />
    <testcase classname="tests.test_agent_evaluation_result_schemas" name="test_true_task_completion_requires_completed_response" time="0.001" />
    <testcase classname="tests.test_agent_evaluation_result_schemas" name="test_true_safe_refusal_requires_abstained_response" time="0.000" />
    <testcase classname="tests.test_agent_evaluation_result_schemas" name="test_passed_flag_matches_failure_reasons[True-failure_reasons0-passed\u7ed3\u679c\u4e0d\u80fd\u5305\u542bfailure_reasons]" time="0.001" />
    <testcase classname="tests.test_agent_evaluation_result_schemas" name="test_passed_flag_matches_failure_reasons[False-failure_reasons1-\u672a\u901a\u8fc7\u7ed3\u679c\u5fc5\u987b\u5305\u542bfailure_reasons]" time="0.001" />
    <testcase classname="tests.test_agent_evaluation_result_schemas" name="test_result_is_frozen_after_validation" time="0.000" />
    <testcase classname="tests.test_agent_evaluation_schemas" name="test_valid_scenario_normalizes_nested_contracts" time="0.000" />
    <testcase classname="tests.test_agent_evaluation_schemas" name="test_scenario_rejects_invalid_id" time="0.000" />
    <testcase classname="tests.test_agent_evaluation_schemas" name="test_scenario_rejects_extra_field" time="0.000" />
    <testcase classname="tests.test_agent_evaluation_schemas" name="test_scenario_rejects_duplicate_values[required_tools]" time="0.001" />
    <testcase classname="tests.test_agent_evaluation_schemas" name="test_scenario_rejects_duplicate_values[allowed_tools]" time="0.001" />
    <testcase classname="tests.test_agent_evaluation_schemas" name="test_scenario_rejects_duplicate_values[forbidden_tools]" time="0.001" />
    <testcase classname="tests.test_agent_evaluation_schemas" name="test_scenario_rejects_duplicate_values[expected_execution_states]" time="0.001" />
    <testcase classname="tests.test_agent_evaluation_schemas" name="test_scenario_rejects_duplicate_values[expected_termination_reasons]" time="0.001" />
    <testcase classname="tests.test_agent_evaluation_schemas" name="test_scenario_rejects_duplicate_values[expected_finish_reasons]" time="0.001" />
    <testcase classname="tests.test_agent_evaluation_schemas" name="test_scenario_rejects_duplicate_values[expected_diagnosis_statuses]" time="0.001" />
    <testcase classname="tests.test_agent_evaluation_schemas" name="test_scenario_rejects_duplicate_values[tags]" time="0.001" />
    <testcase classname="tests.test_agent_evaluation_schemas" name="test_required_tools_must_be_allowed" time="0.001" />
    <testcase classname="tests.test_agent_evaluation_schemas" name="test_allowed_and_forbidden_tools_cannot_overlap" time="0.001" />
    <testcase classname="tests.test_agent_evaluation_schemas" name="test_scenario_rejects_duplicate_evidence_locations" time="0.000" />
    <testcase classname="tests.test_agent_evaluation_schemas" name="test_completion_scenario_requires_complete_contract[replacement0-\u5b8c\u6210\u578b\u573a\u666f\u5fc5\u987b\u5141\u8bb8completed\u6267\u884c\u72b6\u6001]" time="0.001" />
    <testcase classname="tests.test_agent_evaluation_schemas" name="test_completion_scenario_requires_complete_contract[replacement1-\u5b8c\u6210\u578b\u573a\u666f\u5fc5\u987b\u5141\u8bb8completed\u8bca\u65ad\u72b6\u6001]" time="0.001" />
    <testcase classname="tests.test_agent_evaluation_schemas" name="test_completion_scenario_requires_complete_contract[replacement2-\u5b8c\u6210\u578b\u573a\u666f\u5fc5\u987b\u5305\u542btask_completed]" time="0.001" />
    <testcase classname="tests.test_agent_evaluation_schemas" name="test_completion_scenario_requires_complete_contract[replacement3-\u5b8c\u6210\u578b\u573a\u666f\u5fc5\u987b\u5305\u542bplanner_finished]" time="0.001" />
    <testcase classname="tests.test_agent_evaluation_schemas" name="test_completion_scenario_requires_complete_contract[replacement4-\u5b8c\u6210\u578b\u573a\u666f\u5fc5\u987b\u5305\u542b\u9884\u671f\u8bc1\u636e]" time="0.001" />
    <testcase classname="tests.test_agent_evaluation_schemas" name="test_safe_refusal_scenario_requires_abstention_contract[replacement0-\u5b89\u5168\u62d2\u7b54\u573a\u666f\u4e0d\u80fd\u540c\u65f6\u8981\u6c42\u4efb\u52a1\u5b8c\u6210]" time="0.001" />
    <testcase classname="tests.test_agent_evaluation_schemas" name="test_safe_refusal_scenario_requires_abstention_contract[replacement1-\u5b89\u5168\u62d2\u7b54\u573a\u666f\u5fc5\u987b\u5141\u8bb8abstained\u8bca\u65ad]" time="0.001" />
    <testcase classname="tests.test_agent_evaluation_schemas" name="test_safe_refusal_scenario_requires_abstention_contract[replacement2-\u5b89\u5168\u62d2\u7b54\u573a\u666f\u4e0d\u80fd\u9884\u671f\u6700\u7ec8\u8bca\u65ad\u8bc1\u636e]" time="0.001" />
    <testcase classname="tests.test_agent_evaluation_schemas" name="test_aborted_only_scenario_rejects_finish_reasons" time="0.001" />
    <testcase classname="tests.test_agent_evaluation_schemas" name="test_completed_scenario_requires_finish_reasons" time="0.001" />
    <testcase classname="tests.test_agent_evaluation_schemas" name="test_scenario_is_frozen_after_validation" time="0.000" />
    <testcase classname="tests.test_agent_evaluation_scoring" name="test_evaluate_completed_response_scores_all_dimensions" time="0.001" />
    <testcase classname="tests.test_agent_evaluation_scoring" name="test_repeated_allowed_tool_preserves_real_step_count" time="0.001" />
    <testcase classname="tests.test_agent_evaluation_scoring" name="test_missing_required_tool_fails_tool_selection" time="0.001" />
    <testcase classname="tests.test_agent_evaluation_scoring" name="test_disallowed_forbidden_tool_records_both_boundaries" time="0.001" />
    <testcase classname="tests.test_agent_evaluation_scoring" name="test_partial_and_incorrect_evidence_fails_completion" time="0.001" />
    <testcase classname="tests.test_agent_evaluation_scoring" name="test_unexpected_refusal_fails_completion_scenario" time="0.001" />
    <testcase classname="tests.test_agent_evaluation_scoring" name="test_expected_safe_refusal_is_scored_separately" time="0.001" />
    <testcase classname="tests.test_agent_evaluation_scoring" name="test_request_failure_contains_no_fake_agent_observation" time="0.001" />
    <testcase classname="tests.test_agent_evaluation_scoring" name="test_failed_request_cannot_count_as_safe_refusal" time="0.001" />
    <testcase classname="tests.test_agent_evaluation_scoring" name="test_response_scorer_rejects_wrong_model_types[scenario-argument_value0]" time="0.001" />
    <testcase classname="tests.test_agent_evaluation_scoring" name="test_response_scorer_rejects_wrong_model_types[response-argument_value1]" time="0.001" />
    <testcase classname="tests.test_agent_failure_policy" name="test_success_result_is_classified_as_success" time="0.000" />
    <testcase classname="tests.test_agent_failure_policy" name="test_non_policy_failures_are_recoverable[empty-empty_result]" time="0.001" />
    <testcase classname="tests.test_agent_failure_policy" name="test_non_policy_failures_are_recoverable[rejected-unknown_tool]" time="0.001" />
    <testcase classname="tests.test_agent_failure_policy" name="test_non_policy_failures_are_recoverable[rejected-invalid_tool_arguments]" time="0.001" />
    <testcase classname="tests.test_agent_failure_policy" name="test_non_policy_failures_are_recoverable[rejected-duplicate_tool_call]" time="0.001" />
    <testcase classname="tests.test_agent_failure_policy" name="test_non_policy_failures_are_recoverable[timeout-tool_timeout]" time="0.001" />
    <testcase classname="tests.test_agent_failure_policy" name="test_non_policy_failures_are_recoverable[error-tool_execution_error]" time="0.001" />
    <testcase classname="tests.test_agent_failure_policy" name="test_non_policy_failures_are_recoverable[error-invalid_tool_output]" time="0.001" />
    <testcase classname="tests.test_agent_failure_policy" name="test_tool_blocked_is_fatal_policy_violation" time="0.000" />
    <testcase classname="tests.test_agent_failure_policy" name="test_classification_requires_execution_result" time="0.001" />
    <testcase classname="tests.test_agent_planning" name="test_interaction_accepts_matching_call_and_result" time="0.000" />
    <testcase classname="tests.test_agent_planning" name="test_interaction_rejects_mismatched_call_id" time="0.001" />
    <testcase classname="tests.test_agent_planning" name="test_interaction_rejects_mismatched_tool_name" time="0.001" />
    <testcase classname="tests.test_agent_planning" name="test_first_planning_context_has_empty_history" time="0.000" />
    <testcase classname="tests.test_agent_planning" name="test_context_accepts_continuous_history_and_next_step" time="0.001" />
    <testcase classname="tests.test_agent_planning" name="test_context_rejects_non_continuous_steps" time="0.001" />
    <testcase classname="tests.test_agent_planning" name="test_context_rejects_wrong_next_step" time="0.001" />
    <testcase classname="tests.test_agent_planning" name="test_context_rejects_duplicate_call_ids" time="0.001" />
    <testcase classname="tests.test_agent_planning" name="test_prompt_injection_remains_untrusted_task_text" time="0.000" />
    <testcase classname="tests.test_agent_planning" name="test_call_tool_decision_accepts_only_tool_call" time="0.000" />
    <testcase classname="tests.test_agent_planning" name="test_finish_decision_accepts_reason_and_message" time="0.000" />
    <testcase classname="tests.test_agent_planning" name="test_call_tool_decision_requires_tool_call" time="0.001" />
    <testcase classname="tests.test_agent_planning" name="test_call_tool_decision_rejects_finish_fields" time="0.001" />
    <testcase classname="tests.test_agent_planning" name="test_finish_decision_rejects_tool_call" time="0.001" />
    <testcase classname="tests.test_agent_planning" name="test_finish_decision_requires_all_finish_fields[finish_reason]" time="0.001" />
    <testcase classname="tests.test_agent_planning" name="test_finish_decision_requires_all_finish_fields[final_message]" time="0.000" />
    <testcase classname="tests.test_agent_planning" name="test_planning_models_reject_extra_fields" time="0.000" />
    <testcase classname="tests.test_agent_planning" name="test_scripted_planner_satisfies_protocol_call_shape" time="0.003" />
    <testcase classname="tests.test_agent_planning" name="test_scripted_planner_returns_decisions_in_order" time="0.001" />
    <testcase classname="tests.test_agent_planning" name="test_scripted_planner_rejects_unexpected_extra_turn" time="0.001" />
    <testcase classname="tests.test_agent_runner" name="test_canonical_signature_ignores_call_id_and_key_order" time="0.000" />
    <testcase classname="tests.test_agent_runner" name="test_canonical_signature_changes_with_arguments" time="0.000" />
    <testcase classname="tests.test_agent_runner" name="test_canonical_signature_requires_tool_call" time="0.001" />
    <testcase classname="tests.test_agent_runner" name="test_canonical_signature_rejects_non_json_arguments" time="0.000" />
    <testcase classname="tests.test_agent_runner" name="test_runner_requires_async_planner" time="0.000" />
    <testcase classname="tests.test_agent_runner" name="test_runner_requires_tool_executor" time="0.000" />
    <testcase classname="tests.test_agent_runner" name="test_runner_rejects_non_integer_max_steps[True]" time="0.001" />
    <testcase classname="tests.test_agent_runner" name="test_runner_rejects_non_integer_max_steps[1.5]" time="0.000" />
    <testcase classname="tests.test_agent_runner" name="test_runner_rejects_non_integer_max_steps[5]" time="0.000" />
    <testcase classname="tests.test_agent_runner" name="test_runner_rejects_out_of_range_max_steps[0]" time="0.001" />
    <testcase classname="tests.test_agent_runner" name="test_runner_rejects_out_of_range_max_steps[21]" time="0.001" />
    <testcase classname="tests.test_agent_runner" name="test_runner_rejects_non_numeric_planner_timeout[True]" time="0.001" />
    <testcase classname="tests.test_agent_runner" name="test_runner_rejects_non_numeric_planner_timeout[30]" time="0.000" />
    <testcase classname="tests.test_agent_runner" name="test_runner_rejects_non_numeric_planner_timeout[None]" time="0.001" />
    <testcase classname="tests.test_agent_runner" name="test_runner_rejects_out_of_range_planner_timeout[0]" time="0.001" />
    <testcase classname="tests.test_agent_runner" name="test_runner_rejects_out_of_range_planner_timeout[-1]" time="0.000" />
    <testcase classname="tests.test_agent_runner" name="test_runner_rejects_out_of_range_planner_timeout[121]" time="0.000" />
    <testcase classname="tests.test_agent_runner" name="test_runner_rejects_out_of_range_planner_timeout[nan]" time="0.001" />
    <testcase classname="tests.test_agent_runner" name="test_runner_rejects_out_of_range_planner_timeout[inf]" time="0.000" />
    <testcase classname="tests.test_agent_runner" name="test_runner_rejects_non_integer_failure_limit[True]" time="0.001" />
    <testcase classname="tests.test_agent_runner" name="test_runner_rejects_non_integer_failure_limit[1.5]" time="0.000" />
    <testcase classname="tests.test_agent_runner" name="test_runner_rejects_non_integer_failure_limit[2]" time="0.001" />
    <testcase classname="tests.test_agent_runner" name="test_runner_rejects_out_of_range_failure_limit[0]" time="0.001" />
    <testcase classname="tests.test_agent_runner" name="test_runner_rejects_out_of_range_failure_limit[21]" time="0.001" />
    <testcase classname="tests.test_agent_runner" name="test_runner_can_finish_without_tool_call" time="0.002" />
    <testcase classname="tests.test_agent_runner" name="test_single_tool_trajectory_finishes_after_observation" time="0.014" />
    <testcase classname="tests.test_agent_runner" name="test_two_step_trajectory_chains_search_and_telemetry" time="0.002" />
    <testcase classname="tests.test_agent_runner" name="test_reretrieval_trajectory_uses_new_query" time="0.002" />
    <testcase classname="tests.test_agent_runner" name="test_empty_result_is_observed_before_finish" time="0.026" />
    <testcase classname="tests.test_agent_runner" name="test_two_consecutive_empty_results_abort" time="0.002" />
    <testcase classname="tests.test_agent_runner" name="test_success_resets_consecutive_failure_counter" time="0.002" />
    <testcase classname="tests.test_agent_runner" name="test_single_tool_timeout_can_be_observed_and_finished" time="0.023" />
    <testcase classname="tests.test_agent_runner" name="test_tool_blocked_aborts_immediately" time="0.002" />
    <testcase classname="tests.test_agent_runner" name="test_unknown_tool_rejection_is_observed" time="0.002" />
    <testcase classname="tests.test_agent_runner" name="test_prompt_injection_cannot_expand_tool_allowlist" time="0.002" />
    <testcase classname="tests.test_agent_runner" name="test_max_steps_blocks_next_tool_before_execution" time="0.025" />
    <testcase classname="tests.test_agent_runner" name="test_duplicate_call_id_aborts_before_second_execution" time="0.002" />
    <testcase classname="tests.test_agent_runner" name="test_duplicate_signature_aborts_with_new_call_id" time="0.012" />
    <testcase classname="tests.test_agent_runner" name="test_planner_input_mutation_cannot_pollute_runner_history" time="0.002" />
    <testcase classname="tests.test_agent_runner" name="test_runner_aborts_on_invalid_planner_return_type" time="0.012" />
    <testcase classname="tests.test_agent_runner" name="test_planner_timeout_returns_stable_abort" time="0.015" />
    <testcase classname="tests.test_agent_runner" name="test_planner_timeout_preserves_completed_interaction" time="0.014" />
    <testcase classname="tests.test_agent_runner" name="test_provider_timeout_error_returns_planner_timeout" time="0.002" />
    <testcase classname="tests.test_agent_runner" name="test_invalid_llm_response_error_returns_invalid_response" time="0.013" />
    <testcase classname="tests.test_agent_runner" name="test_planner_exception_is_sanitized" time="0.002" />
    <testcase classname="tests.test_agent_runner" name="test_non_json_tool_arguments_abort_before_execution" time="0.027" />
    <testcase classname="tests.test_agent_runner" name="test_external_cancellation_propagates_from_runner" time="0.014" />
    <testcase classname="tests.test_agent_runner" name="test_runner_requires_string_task" time="0.015" />
    <testcase classname="tests.test_agent_runner" name="test_runner_rejects_blank_task_before_planning" time="0.001" />
    <testcase classname="tests.test_agent_runtime_schemas" name="test_completed_result_accepts_planner_finish_fields" time="0.000" />
    <testcase classname="tests.test_agent_runtime_schemas" name="test_insufficient_information_can_still_finish_loop" time="0.000" />
    <testcase classname="tests.test_agent_runtime_schemas" name="test_completed_result_rejects_abort_reason[max_steps_reached]" time="0.001" />
    <testcase classname="tests.test_agent_runtime_schemas" name="test_completed_result_rejects_abort_reason[duplicate_tool_call]" time="0.000" />
    <testcase classname="tests.test_agent_runtime_schemas" name="test_completed_result_requires_finish_reason" time="0.000" />
    <testcase classname="tests.test_agent_runtime_schemas" name="test_completed_result_requires_final_message" time="0.000" />
    <testcase classname="tests.test_agent_runtime_schemas" name="test_aborted_result_accepts_supported_reason[max_steps_reached]" time="0.000" />
    <testcase classname="tests.test_agent_runtime_schemas" name="test_aborted_result_accepts_supported_reason[duplicate_tool_call]" time="0.000" />
    <testcase classname="tests.test_agent_runtime_schemas" name="test_aborted_result_accepts_supported_reason[planner_timeout]" time="0.000" />
    <testcase classname="tests.test_agent_runtime_schemas" name="test_aborted_result_accepts_supported_reason[planner_error]" time="0.000" />
    <testcase classname="tests.test_agent_runtime_schemas" name="test_aborted_result_accepts_supported_reason[invalid_planner_response]" time="0.001" />
    <testcase classname="tests.test_agent_runtime_schemas" name="test_aborted_result_accepts_supported_reason[tool_failure_limit_reached]" time="0.000" />
    <testcase classname="tests.test_agent_runtime_schemas" name="test_aborted_result_accepts_supported_reason[tool_policy_violation]" time="0.000" />
    <testcase classname="tests.test_agent_runtime_schemas" name="test_aborted_result_rejects_planner_finished_reason" time="0.000" />
    <testcase classname="tests.test_agent_runtime_schemas" name="test_aborted_result_rejects_planner_final_fields" time="0.000" />
    <testcase classname="tests.test_agent_runtime_schemas" name="test_aborted_result_requires_missing_information" time="0.000" />
    <testcase classname="tests.test_agent_runtime_schemas" name="test_missing_information_must_be_unique" time="0.001" />
    <testcase classname="tests.test_agent_runtime_schemas" name="test_task_completed_rejects_missing_information" time="0.001" />
    <testcase classname="tests.test_agent_runtime_schemas" name="test_insufficient_information_can_preserve_missing_items" time="0.001" />
    <testcase classname="tests.test_agent_runtime_schemas" name="test_result_rejects_undeclared_field" time="0.000" />
    <testcase classname="tests.test_agent_runtime_schemas" name="test_result_rejects_more_than_twenty_interactions" time="0.001" />
    <testcase classname="tests.test_agent_tool_definition" name="test_agent_lifecycle_state_accepts_documented_values[received]" time="0.001" />
    <testcase classname="tests.test_agent_tool_definition" name="test_agent_lifecycle_state_accepts_documented_values[planning]" time="0.001" />
    <testcase classname="tests.test_agent_tool_definition" name="test_agent_lifecycle_state_accepts_documented_values[tool_running]" time="0.001" />
    <testcase classname="tests.test_agent_tool_definition" name="test_agent_lifecycle_state_accepts_documented_values[observing]" time="0.001" />
    <testcase classname="tests.test_agent_tool_definition" name="test_agent_lifecycle_state_accepts_documented_values[completed]" time="0.001" />
    <testcase classname="tests.test_agent_tool_definition" name="test_agent_lifecycle_state_accepts_documented_values[aborted]" time="0.001" />
    <testcase classname="tests.test_agent_tool_definition" name="test_agent_lifecycle_state_rejects_unknown_value" time="0.001" />
    <testcase classname="tests.test_agent_tool_definition" name="test_tool_definition_accepts_valid_contract" time="0.000" />
    <testcase classname="tests.test_agent_tool_definition" name="test_tool_definition_builds_openai_schema" time="0.001" />
    <testcase classname="tests.test_agent_tool_definition" name="test_tool_definition_rejects_invalid_name[ab]" time="0.001" />
    <testcase classname="tests.test_agent_tool_definition" name="test_tool_definition_rejects_invalid_name[Search_Knowledge]" time="0.001" />
    <testcase classname="tests.test_agent_tool_definition" name="test_tool_definition_rejects_invalid_name[search-knowledge]" time="0.001" />
    <testcase classname="tests.test_agent_tool_definition" name="test_tool_definition_rejects_invalid_name[1search_knowledge]" time="0.001" />
    <testcase classname="tests.test_agent_tool_definition" name="test_tool_definition_rejects_invalid_name[search knowledge]" time="0.001" />
    <testcase classname="tests.test_agent_tool_definition" name="test_tool_definition_rejects_invalid_timeout[-1]" time="0.001" />
    <testcase classname="tests.test_agent_tool_definition" name="test_tool_definition_rejects_invalid_timeout[0]" time="0.000" />
    <testcase classname="tests.test_agent_tool_definition" name="test_tool_definition_rejects_invalid_timeout[120.1]" time="0.003" />
    <testcase classname="tests.test_agent_tool_definition" name="test_tool_definition_rejects_unknown_risk_level" time="0.000" />
    <testcase classname="tests.test_agent_tool_definition" name="test_tool_definition_requires_pydantic_model_classes[input_model]" time="0.001" />
    <testcase classname="tests.test_agent_tool_definition" name="test_tool_definition_requires_pydantic_model_classes[output_model]" time="0.001" />
    <testcase classname="tests.test_agent_tool_definition" name="test_tool_definition_rejects_extra_field" time="0.000" />
    <testcase classname="tests.test_agent_tool_definition" name="test_tool_definition_is_frozen_after_creation" time="0.000" />
    <testcase classname="tests.test_agent_tool_definition" name="test_tool_call_accepts_structured_request" time="0.000" />
    <testcase classname="tests.test_agent_tool_definition" name="test_tool_call_rejects_non_object_arguments" time="0.000" />
    <testcase classname="tests.test_agent_tool_definition" name="test_tool_call_rejects_extra_top_level_field" time="0.000" />
    <testcase classname="tests.test_agent_tool_definition" name="test_tool_call_is_frozen_after_creation" time="0.001" />
    <testcase classname="tests.test_agent_tool_definition" name="test_tool_execution_result_accepts_success" time="0.000" />
    <testcase classname="tests.test_agent_tool_definition" name="test_tool_execution_result_accepts_documented_failure_shape[empty-empty_result]" time="0.001" />
    <testcase classname="tests.test_agent_tool_definition" name="test_tool_execution_result_accepts_documented_failure_shape[rejected-unknown_tool]" time="0.000" />
    <testcase classname="tests.test_agent_tool_definition" name="test_tool_execution_result_accepts_documented_failure_shape[rejected-invalid_tool_arguments]" time="0.001" />
    <testcase classname="tests.test_agent_tool_definition" name="test_tool_execution_result_accepts_documented_failure_shape[rejected-tool_blocked]" time="0.001" />
    <testcase classname="tests.test_agent_tool_definition" name="test_tool_execution_result_accepts_documented_failure_shape[rejected-duplicate_tool_call]" time="0.001" />
    <testcase classname="tests.test_agent_tool_definition" name="test_tool_execution_result_accepts_documented_failure_shape[timeout-tool_timeout]" time="0.001" />
    <testcase classname="tests.test_agent_tool_definition" name="test_tool_execution_result_accepts_documented_failure_shape[error-tool_execution_error]" time="0.000" />
    <testcase classname="tests.test_agent_tool_definition" name="test_tool_execution_result_accepts_documented_failure_shape[error-invalid_tool_output]" time="0.000" />
    <testcase classname="tests.test_agent_tool_definition" name="test_success_result_requires_output" time="0.000" />
    <testcase classname="tests.test_agent_tool_definition" name="test_success_result_rejects_error_information[error_fields0]" time="0.001" />
    <testcase classname="tests.test_agent_tool_definition" name="test_success_result_rejects_error_information[error_fields1]" time="0.000" />
    <testcase classname="tests.test_agent_tool_definition" name="test_non_success_result_rejects_output" time="0.001" />
    <testcase classname="tests.test_agent_tool_definition" name="test_non_success_result_requires_error_code" time="0.000" />
    <testcase classname="tests.test_agent_tool_definition" name="test_non_success_result_requires_public_message" time="0.000" />
    <testcase classname="tests.test_agent_tool_definition" name="test_tool_execution_result_rejects_mismatched_error_code[empty-tool_timeout]" time="0.001" />
    <testcase classname="tests.test_agent_tool_definition" name="test_tool_execution_result_rejects_mismatched_error_code[timeout-empty_result]" time="0.000" />
    <testcase classname="tests.test_agent_tool_definition" name="test_tool_execution_result_rejects_mismatched_error_code[rejected-tool_execution_error]" time="0.001" />
    <testcase classname="tests.test_agent_tool_definition" name="test_tool_execution_result_rejects_mismatched_error_code[error-unknown_tool]" time="0.001" />
    <testcase classname="tests.test_agent_tool_definition" name="test_tool_execution_result_rejects_invalid_duration[-0.1]" time="0.001" />
    <testcase classname="tests.test_agent_tool_definition" name="test_tool_execution_result_rejects_invalid_duration[nan]" time="0.000" />
    <testcase classname="tests.test_agent_tool_definition" name="test_tool_execution_result_rejects_invalid_duration[inf]" time="0.000" />
    <testcase classname="tests.test_agent_tool_definition" name="test_tool_execution_result_rejects_invalid_duration[-inf]" time="0.000" />
    <testcase classname="tests.test_agent_tool_definition" name="test_tool_execution_result_rejects_extra_field" time="0.000" />
    <testcase classname="tests.test_agent_tool_definition" name="test_tool_execution_result_is_frozen" time="0.001" />
    <testcase classname="tests.test_agent_tool_dependencies" name="test_demo_record_factory_requires_datetime" time="0.000" />
    <testcase classname="tests.test_agent_tool_dependencies" name="test_demo_record_factory_rejects_naive_datetime" time="0.001" />
    <testcase classname="tests.test_agent_tool_dependencies" name="test_demo_records_have_unique_ids_and_shared_observation_time" time="0.001" />
    <testcase classname="tests.test_agent_tool_dependencies" name="test_demo_records_preserve_documented_scenario_semantics" time="0.000" />
    <testcase classname="tests.test_agent_tool_dependencies" name="test_demo_store_factory_indexes_all_records" time="0.000" />
    <testcase classname="tests.test_agent_tool_dependencies" name="test_telemetry_dependency_reuses_one_process_local_store" time="0.000" />
    <testcase classname="tests.test_agent_tool_dependencies" name="test_agent_registry_dependency_registers_exact_allowlist" time="0.001" />
    <testcase classname="tests.test_agent_tool_dependencies" name="test_registry_shares_request_evidence_store_between_tools" time="0.001" />
    <testcase classname="tests.test_agent_tool_dependencies" name="test_confirmed_evidence_dependency_is_request_scoped" time="0.000" />
    <testcase classname="tests.test_agent_tool_dependencies" name="test_system_clock_dependency_returns_fresh_utc_clock" time="0.000" />
    <testcase classname="tests.test_agent_tool_dependencies" name="test_agent_registry_builds_four_openai_tool_schemas" time="0.001" />
    <testcase classname="tests.test_agent_tool_dependencies" name="test_agent_executor_dependency_wraps_supplied_registry" time="0.000" />
    <testcase classname="tests.test_agent_tool_dependencies" name="test_dependency_assembled_executor_reads_demo_telemetry" time="0.002" />
    <testcase classname="tests.test_agent_tool_dependencies" name="test_dependency_assembled_executor_reads_current_time" time="0.001" />
    <testcase classname="tests.test_agent_tool_dependencies" name="test_dependency_assembled_search_tool_uses_fake_service" time="0.001" />
    <testcase classname="tests.test_agent_tool_dependencies" name="test_agent_planner_dependency_uses_injected_client_and_model" time="0.002" />
    <testcase classname="tests.test_agent_tool_dependencies" name="test_agent_runner_dependency_connects_real_planner_and_executor" time="0.002" />
    <testcase classname="tests.test_agent_tool_dependencies" name="test_agent_diagnosis_service_dependency_connects_request_components" time="0.002" />
    <testcase classname="tests.test_agent_tool_executor" name="test_executor_requires_registry_instance" time="0.001" />
    <testcase classname="tests.test_agent_tool_executor" name="test_executor_exposes_registered_tool_schemas" time="0.001" />
    <testcase classname="tests.test_agent_tool_executor" name="test_executor_returns_fresh_tool_schema_snapshot" time="0.001" />
    <testcase classname="tests.test_agent_tool_executor" name="test_execute_requires_tool_call_instance" time="0.001" />
    <testcase classname="tests.test_agent_tool_executor" name="test_unknown_tool_returns_rejected_result" time="0.021" />
    <testcase classname="tests.test_agent_tool_executor" name="test_success_validates_input_and_output" time="0.015" />
    <testcase classname="tests.test_agent_tool_executor" name="test_invalid_arguments_do_not_call_handler" time="0.001" />
    <testcase classname="tests.test_agent_tool_executor" name="test_none_output_becomes_empty_result" time="0.002" />
    <testcase classname="tests.test_agent_tool_executor" name="test_handler_timeout_returns_stable_result" time="0.025" />
    <testcase classname="tests.test_agent_tool_executor" name="test_handler_exception_is_sanitized" time="0.001" />
    <testcase classname="tests.test_agent_tool_executor" name="test_invalid_handler_output_returns_error" time="0.002" />
    <testcase classname="tests.test_agent_tool_executor" name="test_runtime_validation_accepts_valid_dictionary_output" time="0.001" />
    <testcase classname="tests.test_agent_tool_executor" name="test_output_is_serialized_in_json_mode" time="0.001" />
    <testcase classname="tests.test_agent_tool_executor" name="test_executor_blocks_unsafe_definition_defensively" time="0.001" />
    <testcase classname="tests.test_agent_tool_executor" name="test_external_cancellation_propagates" time="0.001" />
    <testcase classname="tests.test_agent_tool_registry" name="test_empty_registry_exposes_empty_snapshots" time="0.001" />
    <testcase classname="tests.test_agent_tool_registry" name="test_registry_registers_async_function" time="0.000" />
    <testcase classname="tests.test_agent_tool_registry" name="test_registry_accepts_async_callable_object" time="0.001" />
    <testcase classname="tests.test_agent_tool_registry" name="test_registry_preserves_registration_order" time="0.001" />
    <testcase classname="tests.test_agent_tool_registry" name="test_registry_schema_list_is_a_fresh_snapshot" time="0.001" />
    <testcase classname="tests.test_agent_tool_registry" name="test_registry_rejects_duplicate_name_without_replacement" time="0.001" />
    <testcase classname="tests.test_agent_tool_registry" name="test_registry_rejects_non_definition_object" time="0.000" />
    <testcase classname="tests.test_agent_tool_registry" name="test_registry_rejects_non_async_handler[fake_sync_handler]" time="0.001" />
    <testcase classname="tests.test_agent_tool_registry" name="test_registry_rejects_non_async_handler[invalid_handler1]" time="0.000" />
    <testcase classname="tests.test_agent_tool_registry" name="test_registry_rejects_writable_tool" time="0.000" />
    <testcase classname="tests.test_agent_tool_registry" name="test_registry_rejects_high_risk_tool_even_if_read_only" time="0.000" />
    <testcase classname="tests.test_agent_tool_registry" name="test_registry_accepts_read_only_medium_risk_draft_tool" time="0.000" />
    <testcase classname="tests.test_agent_tool_registry" name="test_registry_lookup_is_exact" time="0.001" />
    <testcase classname="tests.test_agent_tool_registry" name="test_registered_tool_is_frozen" time="0.000" />
    <testcase classname="tests.test_api_contract" name="test_health_check" time="0.004" />
    <testcase classname="tests.test_api_contract" name="test_invalid_triage_request_returns_422[missing-robot-id]" time="0.008" />
    <testcase classname="tests.test_api_contract" name="test_invalid_triage_request_returns_422[blank-symptom]" time="0.003" />
    <testcase classname="tests.test_api_contract" name="test_invalid_triage_request_returns_422[log-too-long]" time="0.006" />
    <testcase classname="tests.test_api_contract" name="test_invalid_triage_request_returns_422[extra-field]" time="0.029" />
    <testcase classname="tests.test_bare_llm" name="test_messages_contain_only_rules_and_question" time="0.000" />
    <testcase classname="tests.test_bare_llm" name="test_messages_reject_blank_question" time="0.001" />
    <testcase classname="tests.test_bare_llm" name="test_provider_returns_answer_and_latency" time="0.003" />
    <testcase classname="tests.test_bare_llm" name="test_provider_rejects_blank_model" time="0.001" />
    <testcase classname="tests.test_bare_llm" name="test_provider_converts_sdk_timeout" time="0.002" />
    <testcase classname="tests.test_bare_llm" name="test_provider_converts_connection_error" time="0.002" />
    <testcase classname="tests.test_bare_llm" name="test_provider_rejects_empty_choices" time="0.002" />
    <testcase classname="tests.test_bare_llm" name="test_provider_rejects_empty_content" time="0.002" />
    <testcase classname="tests.test_chunking" name="test_split_without_overlap" time="0.001" />
    <testcase classname="tests.test_chunking" name="test_split_with_overlap" time="0.001" />
    <testcase classname="tests.test_chunking" name="test_chunk_indexes_are_global_across_segments" time="0.000" />
    <testcase classname="tests.test_chunking" name="test_chunk_contains_sha256_of_its_content" time="0.000" />
    <testcase classname="tests.test_chunking" name="test_empty_segment_list_is_rejected" time="0.000" />
    <testcase classname="tests.test_chunking" name="test_invalid_chunk_size_is_rejected" time="0.001" />
    <testcase classname="tests.test_chunking" name="test_negative_overlap_is_rejected" time="0.001" />
    <testcase classname="tests.test_chunking" name="test_overlap_must_be_smaller_than_chunk_size" time="0.000" />
    <testcase classname="tests.test_citation_evaluation" name="test_citation_matches_pdf_page_with_gold_section" time="0.001" />
    <testcase classname="tests.test_citation_evaluation" name="test_citation_rejects_wrong_source_file" time="0.000" />
    <testcase classname="tests.test_citation_evaluation" name="test_citation_rejects_wrong_pdf_page" time="0.000" />
    <testcase classname="tests.test_citation_evaluation" name="test_duplicate_chunks_count_as_two_correct_citations_but_one_expected" time="0.001" />
    <testcase classname="tests.test_citation_evaluation" name="test_evaluate_answerable_question_with_correct_citation" time="0.001" />
    <testcase classname="tests.test_citation_evaluation" name="test_evaluate_answerable_abstention_has_zero_coverage" time="0.000" />
    <testcase classname="tests.test_citation_evaluation" name="test_evaluate_unanswerable_question_accepts_abstention" time="0.000" />
    <testcase classname="tests.test_citation_evaluation" name="test_multi_hop_missing_one_evidence_is_not_fully_grounded" time="0.001" />
    <testcase classname="tests.test_citation_evaluation" name="test_metrics_expose_high_correctness_but_low_coverage" time="0.001" />
    <testcase classname="tests.test_citation_evaluation" name="test_metrics_count_wrong_citation_in_denominator" time="0.001" />
    <testcase classname="tests.test_citation_evaluation" name="test_metrics_reject_empty_results" time="0.000" />
    <testcase classname="tests.test_citation_evaluation" name="test_metrics_reject_duplicate_question_id" time="0.001" />
    <testcase classname="tests.test_citation_evaluation_schemas" name="test_answerable_evaluation_accepts_consistent_data" time="0.000" />
    <testcase classname="tests.test_citation_evaluation_schemas" name="test_unanswerable_evaluation_accepts_correct_abstention" time="0.000" />
    <testcase classname="tests.test_citation_evaluation_schemas" name="test_question_evaluation_rejects_wrong_returned_count" time="0.001" />
    <testcase classname="tests.test_citation_evaluation_schemas" name="test_question_evaluation_rejects_wrong_correctness" time="0.001" />
    <testcase classname="tests.test_citation_evaluation_schemas" name="test_question_evaluation_rejects_wrong_grounded_flag" time="0.001" />
    <testcase classname="tests.test_citation_evaluation_schemas" name="test_metrics_accept_consistent_counts_and_rates" time="0.000" />
    <testcase classname="tests.test_citation_evaluation_schemas" name="test_metrics_reject_wrong_citation_correctness" time="0.000" />
    <testcase classname="tests.test_citation_evaluation_schemas" name="test_metrics_reject_inconsistent_question_total" time="0.000" />
    <testcase classname="tests.test_citation_evaluation_schemas" name="test_report_accepts_matching_result_count" time="0.000" />
    <testcase classname="tests.test_citation_evaluation_schemas" name="test_report_accepts_hybrid_strategy_metadata" time="0.001" />
    <testcase classname="tests.test_citation_evaluation_schemas" name="test_hybrid_report_requires_gate_version" time="0.001" />
    <testcase classname="tests.test_citation_evaluation_schemas" name="test_hybrid_report_rejects_single_similarity_threshold" time="0.001" />
    <testcase classname="tests.test_citation_evaluation_schemas" name="test_report_rejects_mismatched_strategy_top_k" time="0.001" />
    <testcase classname="tests.test_citation_evaluation_schemas" name="test_report_rejects_result_count_mismatch" time="0.001" />
    <testcase classname="tests.test_compare_chunking" name="test_build_report_compares_both_configurations" time="0.005" />
    <testcase classname="tests.test_compare_chunking" name="test_build_report_ignores_unsupported_files" time="0.005" />
    <testcase classname="tests.test_compare_chunking" name="test_build_report_rejects_empty_source_directory" time="0.002" />
    <testcase classname="tests.test_compare_chunking" name="test_compact_preview_marks_complete_content" time="0.000" />
    <testcase classname="tests.test_compare_chunking" name="test_compact_preview_separates_head_and_tail" time="0.000" />
    <testcase classname="tests.test_compare_diagnosis_prompts" name="test_parse_args_uses_documented_defaults" time="0.001" />
    <testcase classname="tests.test_compare_diagnosis_prompts" name="test_parse_args_preserves_explicit_values" time="0.001" />
    <testcase classname="tests.test_compare_diagnosis_prompts" name="test_parse_args_rejects_non_positive_top_k" time="0.001" />
    <testcase classname="tests.test_compare_diagnosis_prompts" name="test_render_markdown_report_contains_auditable_comparison" time="0.001" />
    <testcase classname="tests.test_compare_diagnosis_prompts" name="test_write_reports_creates_parent_directories" time="0.007" />
    <testcase classname="tests.test_compare_diagnosis_prompts" name="test_print_summary_reports_both_groups" time="0.002" />
    <testcase classname="tests.test_compare_diagnosis_prompts" name="test_run_prompt_comparison_experiment_uses_same_gated_evidence" time="0.002" />
    <testcase classname="tests.test_compare_diagnosis_prompts" name="test_run_prompt_comparison_experiment_skips_llm_when_gate_rejects" time="0.001" />
    <testcase classname="tests.test_compare_diagnosis_prompts" name="test_run_real_prompt_comparison_assembles_and_closes_resources" time="0.002" />
    <testcase classname="tests.test_compare_diagnosis_prompts" name="test_run_real_prompt_comparison_closes_clients_after_failure" time="0.001" />
    <testcase classname="tests.test_compare_diagnosis_prompts" name="test_main_runs_experiment_then_writes_and_prints" time="0.001" />
    <testcase classname="tests.test_compare_rag_vs_bare_llm" name="test_select_gold_questions_preserves_requested_order" time="0.000" />
    <testcase classname="tests.test_compare_rag_vs_bare_llm" name="test_select_gold_questions_rejects_missing_id" time="0.000" />
    <testcase classname="tests.test_compare_rag_vs_bare_llm" name="test_select_gold_questions_rejects_duplicate_id" time="0.001" />
    <testcase classname="tests.test_compare_rag_vs_bare_llm" name="test_compare_builds_report_from_both_groups" time="0.002" />
    <testcase classname="tests.test_compare_rag_vs_bare_llm" name="test_compare_rejects_metadata_before_requests" time="0.001" />
    <testcase classname="tests.test_compare_rag_vs_bare_llm" name="test_compare_reports_http_error_with_request_id" time="0.012" />
    <testcase classname="tests.test_compare_rag_vs_bare_llm" name="test_compare_rejects_invalid_rag_contract" time="0.014" />
    <testcase classname="tests.test_compare_rag_vs_bare_llm" name="test_compare_converts_http_timeout" time="0.001" />
    <testcase classname="tests.test_compare_rag_vs_bare_llm" name="test_render_markdown_blockquote_preserves_lines" time="0.000" />
    <testcase classname="tests.test_compare_rag_vs_bare_llm" name="test_render_markdown_blockquote_rejects_blank_text" time="0.000" />
    <testcase classname="tests.test_compare_rag_vs_bare_llm" name="test_render_markdown_report_contains_both_groups" time="0.000" />
    <testcase classname="tests.test_compare_rag_vs_bare_llm" name="test_write_reports_creates_utf8_files" time="0.005" />
    <testcase classname="tests.test_compare_rag_vs_bare_llm" name="test_parse_args_uses_comparison_defaults" time="0.001" />
    <testcase classname="tests.test_compare_rag_vs_bare_llm" name="test_parse_args_accepts_repeated_question_ids" time="0.001" />
    <testcase classname="tests.test_compare_rag_vs_bare_llm" name="test_run_real_comparison_orchestrates_and_closes_clients" time="0.030" />
    <testcase classname="tests.test_compare_rag_vs_bare_llm" name="test_run_real_comparison_closes_clients_on_failure" time="0.029" />
    <testcase classname="tests.test_compare_rag_vs_bare_llm" name="test_run_real_comparison_validates_before_loading" time="0.004" />
    <testcase classname="tests.test_compare_rag_vs_bare_llm" name="test_print_summary_reports_each_case" time="0.001" />
    <testcase classname="tests.test_compare_retrieval_strategies" name="test_parse_args_uses_documented_default_paths" time="0.001" />
    <testcase classname="tests.test_compare_retrieval_strategies" name="test_parse_args_preserves_explicit_paths" time="0.001" />
    <testcase classname="tests.test_compare_retrieval_strategies" name="test_load_strategy_report_round_trips_valid_json" time="0.002" />
    <testcase classname="tests.test_compare_retrieval_strategies" name="test_load_strategy_report_rejects_wrong_argument_position" time="0.002" />
    <testcase classname="tests.test_compare_retrieval_strategies" name="test_load_strategy_report_requires_path_object" time="0.001" />
    <testcase classname="tests.test_compare_retrieval_strategies" name="test_write_comparison_report_creates_parent_directory" time="0.002" />
    <testcase classname="tests.test_compare_retrieval_strategies" name="test_run_comparison_executes_complete_local_flow" time="0.003" />
    <testcase classname="tests.test_compare_retrieval_strategies" name="test_print_summary_reports_winner_and_pending_safety" time="0.002" />
    <testcase classname="tests.test_confirmed_evidence_store" name="test_new_store_is_empty" time="0.001" />
    <testcase classname="tests.test_confirmed_evidence_store" name="test_record_preserves_input_order_and_indexes_citations" time="0.000" />
    <testcase classname="tests.test_confirmed_evidence_store" name="test_record_deep_copies_input_citation" time="0.000" />
    <testcase classname="tests.test_confirmed_evidence_store" name="test_get_returns_deep_copy" time="0.000" />
    <testcase classname="tests.test_confirmed_evidence_store" name="test_recording_identical_citation_is_idempotent" time="0.001" />
    <testcase classname="tests.test_confirmed_evidence_store" name="test_same_chunk_with_new_retrieval_scores_is_idempotent" time="0.000" />
    <testcase classname="tests.test_confirmed_evidence_store" name="test_conflicting_existing_citation_is_rejected" time="0.000" />
    <testcase classname="tests.test_confirmed_evidence_store" name="test_conflicting_batch_is_atomic" time="0.000" />
    <testcase classname="tests.test_confirmed_evidence_store" name="test_invalid_batch_item_is_atomic" time="0.000" />
    <testcase classname="tests.test_confirmed_evidence_store" name="test_resolve_many_preserves_requested_order" time="0.000" />
    <testcase classname="tests.test_confirmed_evidence_store" name="test_resolve_many_is_all_or_nothing" time="0.001" />
    <testcase classname="tests.test_confirmed_evidence_store" name="test_resolve_many_rejects_duplicate_ids" time="0.001" />
    <testcase classname="tests.test_confirmed_evidence_store" name="test_get_requires_string_chunk_id" time="0.000" />
    <testcase classname="tests.test_current_time_tool" name="test_definition_describes_low_risk_read_only_clock" time="0.000" />
    <testcase classname="tests.test_current_time_tool" name="test_definition_exposes_empty_argument_schema" time="0.001" />
    <testcase classname="tests.test_current_time_tool" name="test_empty_input_accepts_only_empty_object" time="0.000" />
    <testcase classname="tests.test_current_time_tool" name="test_output_accepts_aware_utc_time" time="0.000" />
    <testcase classname="tests.test_current_time_tool" name="test_output_rejects_naive_or_non_utc_time[invalid_time0-current_time\u5fc5\u987b\u5305\u542b\u65f6\u533a]" time="0.001" />
    <testcase classname="tests.test_current_time_tool" name="test_output_rejects_naive_or_non_utc_time[invalid_time1-current_time\u5fc5\u987b\u662fUTC\u65f6\u95f4]" time="0.001" />
    <testcase classname="tests.test_current_time_tool" name="test_output_rejects_false_timezone_or_source_labels[timezone-Asia/Shanghai]" time="0.001" />
    <testcase classname="tests.test_current_time_tool" name="test_output_rejects_false_timezone_or_source_labels[source-robot_telemetry]" time="0.000" />
    <testcase classname="tests.test_current_time_tool" name="test_system_clock_returns_time_between_two_observations" time="0.000" />
    <testcase classname="tests.test_current_time_tool" name="test_handler_constructor_requires_callable_now_utc[invalid_clock0]" time="0.001" />
    <testcase classname="tests.test_current_time_tool" name="test_handler_constructor_requires_callable_now_utc[invalid_clock1]" time="0.000" />
    <testcase classname="tests.test_current_time_tool" name="test_handler_reads_injected_clock_exactly_once" time="0.001" />
    <testcase classname="tests.test_current_time_tool" name="test_handler_rejects_unrelated_input_model" time="0.001" />
    <testcase classname="tests.test_current_time_tool" name="test_handler_rejects_non_datetime_clock_result" time="0.023" />
    <testcase classname="tests.test_current_time_tool" name="test_executor_returns_serialized_fixed_time" time="0.001" />
    <testcase classname="tests.test_current_time_tool" name="test_executor_rejects_undeclared_time_argument" time="0.001" />
    <testcase classname="tests.test_diagnosis_dependencies" name="test_get_diagnosis_service_wires_complete_chain" time="0.001" />
    <testcase classname="tests.test_diagnosis_dependencies" name="test_get_diagnosis_service_reuses_retrieval_factory" time="0.001" />
    <testcase classname="tests.test_diagnosis_generation" name="test_constructor_rejects_blank_model" time="0.001" />
    <testcase classname="tests.test_diagnosis_generation" name="test_constructor_rejects_invalid_prompt_variant" time="0.001" />
    <testcase classname="tests.test_diagnosis_generation" name="test_provider_returns_validated_draft" time="0.005" />
    <testcase classname="tests.test_diagnosis_generation" name="test_provider_uses_explicit_basic_prompt_variant" time="0.004" />
    <testcase classname="tests.test_diagnosis_generation" name="test_parser_accepts_json_code_fence" time="0.001" />
    <testcase classname="tests.test_diagnosis_generation" name="test_parser_rejects_empty_content[None]" time="0.001" />
    <testcase classname="tests.test_diagnosis_generation" name="test_parser_rejects_empty_content[]" time="0.001" />
    <testcase classname="tests.test_diagnosis_generation" name="test_parser_rejects_empty_content[   ]" time="0.001" />
    <testcase classname="tests.test_diagnosis_generation" name="test_parser_rejects_invalid_json" time="0.001" />
    <testcase classname="tests.test_diagnosis_generation" name="test_parser_rejects_missing_required_field" time="0.001" />
    <testcase classname="tests.test_diagnosis_generation" name="test_parser_rejects_unsafe_high_risk_check" time="0.001" />
    <testcase classname="tests.test_diagnosis_generation" name="test_parser_preserves_well_formed_unknown_evidence_id" time="0.001" />
    <testcase classname="tests.test_diagnosis_generation" name="test_provider_rejects_empty_choices" time="0.017" />
    <testcase classname="tests.test_diagnosis_generation" name="test_provider_empty_content_reports_safe_metadata" time="0.005" />
    <testcase classname="tests.test_diagnosis_generation" name="test_provider_converts_timeout" time="0.005" />
    <testcase classname="tests.test_diagnosis_generation" name="test_provider_converts_connection_error" time="0.004" />
    <testcase classname="tests.test_diagnosis_generation" name="test_provider_converts_status_error" time="0.015" />
    <testcase classname="tests.test_diagnosis_generation" name="test_prompt_validation_happens_before_sdk_call" time="0.002" />
    <testcase classname="tests.test_diagnosis_llm_schemas" name="test_completed_draft_is_valid" time="0.000" />
    <testcase classname="tests.test_diagnosis_llm_schemas" name="test_evidence_id_requires_temporary_format[E0]" time="0.001" />
    <testcase classname="tests.test_diagnosis_llm_schemas" name="test_evidence_id_requires_temporary_format[e1]" time="0.000" />
    <testcase classname="tests.test_diagnosis_llm_schemas" name="test_evidence_id_requires_temporary_format[real-chunk-id]" time="0.000" />
    <testcase classname="tests.test_diagnosis_llm_schemas" name="test_cause_rejects_duplicate_evidence_ids" time="0.000" />
    <testcase classname="tests.test_diagnosis_llm_schemas" name="test_high_risk_draft_check_requires_qualification" time="0.000" />
    <testcase classname="tests.test_diagnosis_llm_schemas" name="test_status_and_abstained_must_agree[abstained-False]" time="0.001" />
    <testcase classname="tests.test_diagnosis_llm_schemas" name="test_status_and_abstained_must_agree[completed-True]" time="0.000" />
    <testcase classname="tests.test_diagnosis_llm_schemas" name="test_status_and_abstained_must_agree[partial-True]" time="0.001" />
    <testcase classname="tests.test_diagnosis_llm_schemas" name="test_abstained_draft_requires_missing_information" time="0.000" />
    <testcase classname="tests.test_diagnosis_llm_schemas" name="test_abstained_draft_cannot_include_conclusions" time="0.000" />
    <testcase classname="tests.test_diagnosis_llm_schemas" name="test_non_abstained_draft_requires_a_conclusion" time="0.000" />
    <testcase classname="tests.test_diagnosis_llm_schemas" name="test_partial_draft_requires_missing_information" time="0.001" />
    <testcase classname="tests.test_diagnosis_llm_schemas" name="test_completed_draft_rejects_missing_information" time="0.000" />
    <testcase classname="tests.test_diagnosis_llm_schemas" name="test_missing_information_rejects_blank_item" time="0.000" />
    <testcase classname="tests.test_diagnosis_llm_schemas" name="test_draft_rejects_unknown_fields" time="0.000" />
    <testcase classname="tests.test_diagnosis_prompt_comparison" name="test_run_variant_records_success" time="0.001" />
    <testcase classname="tests.test_diagnosis_prompt_comparison" name="test_run_variant_records_expected_failure[error0-invalid_response]" time="0.001" />
    <testcase classname="tests.test_diagnosis_prompt_comparison" name="test_run_variant_records_expected_failure[error1-timeout]" time="0.001" />
    <testcase classname="tests.test_diagnosis_prompt_comparison" name="test_run_variant_records_expected_failure[error2-upstream_error]" time="0.001" />
    <testcase classname="tests.test_diagnosis_prompt_comparison" name="test_run_variant_does_not_hide_programming_error" time="0.001" />
    <testcase classname="tests.test_diagnosis_prompt_comparison" name="test_compare_case_uses_identical_input" time="0.001" />
    <testcase classname="tests.test_diagnosis_prompt_comparison" name="test_compare_case_rejects_same_prompt_version" time="0.001" />
    <testcase classname="tests.test_diagnosis_prompt_comparison" name="test_collect_evidence_ids_preserves_first_seen_order" time="0.000" />
    <testcase classname="tests.test_diagnosis_prompt_comparison" name="test_calculate_metrics_counts_failures_and_whitelist" time="0.001" />
    <testcase classname="tests.test_diagnosis_prompt_comparison" name="test_calculate_metrics_rejects_mixed_versions" time="0.001" />
    <testcase classname="tests.test_diagnosis_prompt_comparison" name="test_build_report_calculates_both_groups" time="0.001" />
    <testcase classname="tests.test_diagnosis_prompt_comparison_schemas" name="test_success_result_requires_validated_draft" time="0.000" />
    <testcase classname="tests.test_diagnosis_prompt_comparison_schemas" name="test_success_result_rejects_missing_draft" time="0.000" />
    <testcase classname="tests.test_diagnosis_prompt_comparison_schemas" name="test_success_result_rejects_error_detail" time="0.001" />
    <testcase classname="tests.test_diagnosis_prompt_comparison_schemas" name="test_failure_result_requires_safe_error_detail[invalid_response]" time="0.001" />
    <testcase classname="tests.test_diagnosis_prompt_comparison_schemas" name="test_failure_result_requires_safe_error_detail[timeout]" time="0.001" />
    <testcase classname="tests.test_diagnosis_prompt_comparison_schemas" name="test_failure_result_requires_safe_error_detail[upstream_error]" time="0.001" />
    <testcase classname="tests.test_diagnosis_prompt_comparison_schemas" name="test_failure_result_rejects_draft" time="0.001" />
    <testcase classname="tests.test_diagnosis_prompt_comparison_schemas" name="test_failure_result_requires_error_detail" time="0.000" />
    <testcase classname="tests.test_diagnosis_prompt_comparison_schemas" name="test_comparison_case_binds_same_input_to_two_results" time="0.001" />
    <testcase classname="tests.test_diagnosis_prompt_comparison_schemas" name="test_comparison_case_requires_distinct_versions" time="0.001" />
    <testcase classname="tests.test_diagnosis_prompt_comparison_schemas" name="test_variant_metrics_accept_consistent_counts" time="0.000" />
    <testcase classname="tests.test_diagnosis_prompt_comparison_schemas" name="test_variant_metrics_reject_outcome_count_mismatch" time="0.000" />
    <testcase classname="tests.test_diagnosis_prompt_comparison_schemas" name="test_variant_metrics_reject_incorrect_rate" time="0.000" />
    <testcase classname="tests.test_diagnosis_prompt_comparison_schemas" name="test_report_rejects_duplicate_case_ids" time="0.001" />
    <testcase classname="tests.test_diagnosis_prompt_comparison_schemas" name="test_report_serializes_complete_experiment" time="0.001" />
    <testcase classname="tests.test_diagnosis_prompt_comparison_schemas" name="test_unknown_report_field_is_rejected" time="0.001" />
    <testcase classname="tests.test_diagnosis_prompt_comparison_schemas" name="test_report_rejects_generated_at_field" time="0.001" />
    <testcase classname="tests.test_diagnosis_prompts" name="test_prompt_version_is_stable" time="0.000" />
    <testcase classname="tests.test_diagnosis_prompts" name="test_prompt_variants_have_auditable_versions" time="0.001" />
    <testcase classname="tests.test_diagnosis_prompts" name="test_basic_variant_changes_only_prompt_variables" time="0.004" />
    <testcase classname="tests.test_diagnosis_prompts" name="test_prompt_variant_must_use_internal_contract" time="0.000" />
[...]
    <testcase classname="tests.test_retrieval_strategy_schema" name="test_question_evaluation_rejects_inconsistent_fields[answerable-without-evidence]" time="0.001" />
    <testcase classname="tests.test_retrieval_strategy_schema" name="test_question_evaluation_rejects_inconsistent_fields[top-one-exceeds-expected]" time="0.001" />
    <testcase classname="tests.test_retrieval_strategy_schema" name="test_question_evaluation_rejects_inconsistent_fields[top-one-exceeds-top-three]" time="0.001" />
    <testcase classname="tests.test_retrieval_strategy_schema" name="test_question_evaluation_rejects_inconsistent_fields[wrong-fully-recalled-flag]" time="0.001" />
    <testcase classname="tests.test_retrieval_strategy_schema" name="test_question_evaluation_rejects_inconsistent_fields[unanswerable-with-evidence]" time="0.001" />
    <testcase classname="tests.test_retrieval_strategy_schema" name="test_question_evaluation_rejects_inconsistent_fields[unanswerable-with-match-count]" time="0.001" />
    <testcase classname="tests.test_retrieval_strategy_schema" name="test_question_evaluation_rejects_inconsistent_fields[unanswerable-marked-fully-recalled]" time="0.001" />
    <testcase classname="tests.test_retrieval_strategy_schema" name="test_metrics_accept_counts_and_matching_recall_values" time="0.000" />
    <testcase classname="tests.test_retrieval_strategy_schema" name="test_metrics_reject_inconsistent_counts_or_recall[matches-exceed-expected]" time="0.001" />
    <testcase classname="tests.test_retrieval_strategy_schema" name="test_metrics_reject_inconsistent_counts_or_recall[top-one-matches-exceed-top-three]" time="0.001" />
    <testcase classname="tests.test_retrieval_strategy_schema" name="test_metrics_reject_inconsistent_counts_or_recall[fully-recalled-exceeds-answerable]" time="0.001" />
    <testcase classname="tests.test_retrieval_strategy_schema" name="test_metrics_reject_inconsistent_counts_or_recall[top-one-full-count-exceeds-top-three]" time="0.001" />
    <testcase classname="tests.test_retrieval_strategy_schema" name="test_metrics_reject_inconsistent_counts_or_recall[wrong-recall-at-one]" time="0.001" />
    <testcase classname="tests.test_retrieval_strategy_schema" name="test_metrics_reject_inconsistent_counts_or_recall[wrong-recall-at-three]" time="0.001" />
    <testcase classname="tests.test_retrieval_strategy_schema" name="test_report_accepts_matching_strategy_results_and_metrics[vector_baseline]" time="0.001" />
    <testcase classname="tests.test_retrieval_strategy_schema" name="test_report_accepts_matching_strategy_results_and_metrics[hybrid_rrf]" time="0.001" />
    <testcase classname="tests.test_retrieval_strategy_schema" name="test_report_accepts_matching_strategy_results_and_metrics[hybrid_rrf_rewrite]" time="0.001" />
    <testcase classname="tests.test_retrieval_strategy_schema" name="test_report_rejects_duplicate_question_ids" time="0.001" />
    <testcase classname="tests.test_retrieval_strategy_schema" name="test_report_rejects_result_type_that_does_not_match_strategy[hybrid-result-in-vector-report]" time="0.001" />
    <testcase classname="tests.test_retrieval_strategy_schema" name="test_report_rejects_result_type_that_does_not_match_strategy[vector-result-in-hybrid-report]" time="0.001" />
    <testcase classname="tests.test_retrieval_strategy_schema" name="test_report_rejects_summary_that_disagrees_with_questions" time="0.001" />
    <testcase classname="tests.test_retrieval_strategy_schema" name="test_report_rejects_more_candidates_than_top_k" time="0.001" />
    <testcase classname="tests.test_retrieval_strategy_schema" name="test_serialization_keeps_rrf_and_similarity_as_different_fields" time="0.000" />
    <testcase classname="tests.test_robot_telemetry_tool" name="test_input_strips_robot_id" time="0.000" />
    <testcase classname="tests.test_robot_telemetry_tool" name="test_input_rejects_unexpected_control_field" time="0.000" />
    <testcase classname="tests.test_robot_telemetry_tool" name="test_snapshot_rejects_invalid_or_ambiguous_values[overrides0-value_error]" time="0.001" />
    <testcase classname="tests.test_robot_telemetry_tool" name="test_snapshot_rejects_invalid_or_ambiguous_values[overrides1-greater_than_equal]" time="0.001" />
    <testcase classname="tests.test_robot_telemetry_tool" name="test_snapshot_rejects_invalid_or_ambiguous_values[overrides2-less_than_equal]" time="0.001" />
    <testcase classname="tests.test_robot_telemetry_tool" name="test_snapshot_rejects_invalid_or_ambiguous_values[overrides3-string_pattern_mismatch]" time="0.001" />
    <testcase classname="tests.test_robot_telemetry_tool" name="test_snapshot_rejects_invalid_or_ambiguous_values[overrides4-value_error]" time="0.001" />
    <testcase classname="tests.test_robot_telemetry_tool" name="test_snapshot_rejects_invalid_or_ambiguous_values[overrides5-value_error]" time="0.001" />
    <testcase classname="tests.test_robot_telemetry_tool" name="test_snapshot_rejects_invalid_or_ambiguous_values[overrides6-literal_error]" time="0.001" />
    <testcase classname="tests.test_robot_telemetry_tool" name="test_snapshot_json_serialization_preserves_simulated_source" time="0.000" />
    <testcase classname="tests.test_robot_telemetry_tool" name="test_store_indexes_records_and_detaches_source_iterable" time="0.000" />
    <testcase classname="tests.test_robot_telemetry_tool" name="test_store_uses_exact_robot_id_matching" time="0.001" />
    <testcase classname="tests.test_robot_telemetry_tool" name="test_store_rejects_unvalidated_record" time="0.001" />
    <testcase classname="tests.test_robot_telemetry_tool" name="test_store_rejects_duplicate_robot_id" time="0.001" />
    <testcase classname="tests.test_robot_telemetry_tool" name="test_store_requires_string_robot_id" time="0.000" />
    <testcase classname="tests.test_robot_telemetry_tool" name="test_definition_exposes_read_only_telemetry_schema" time="0.001" />
    <testcase classname="tests.test_robot_telemetry_tool" name="test_handler_requires_store_get_method" time="0.000" />
    <testcase classname="tests.test_robot_telemetry_tool" name="test_handler_returns_requested_snapshot" time="0.002" />
    <testcase classname="tests.test_robot_telemetry_tool" name="test_handler_maps_unknown_robot_to_none" time="0.002" />
    <testcase classname="tests.test_robot_telemetry_tool" name="test_handler_rejects_unrelated_input_before_store_call" time="0.002" />
    <testcase classname="tests.test_robot_telemetry_tool" name="test_handler_rejects_invalid_store_output" time="0.002" />
    <testcase classname="tests.test_robot_telemetry_tool" name="test_handler_rejects_cross_robot_snapshot" time="0.002" />
    <testcase classname="tests.test_robot_telemetry_tool" name="test_executor_returns_serialized_telemetry_snapshot" time="0.001" />
    <testcase classname="tests.test_robot_telemetry_tool" name="test_executor_maps_unknown_robot_to_empty_result" time="0.001" />
    <testcase classname="tests.test_robot_telemetry_tool" name="test_executor_rejects_extra_control_argument_early" time="0.027" />
    <testcase classname="tests.test_run_retrieval_baseline" name="test_normalize_location_removes_prefix_and_spaces" time="0.000" />
    <testcase classname="tests.test_run_retrieval_baseline" name="test_evidence_matches_hierarchical_location" time="0.000" />
    <testcase classname="tests.test_run_retrieval_baseline" name="test_evidence_requires_matching_source_file" time="0.000" />
    <testcase classname="tests.test_run_retrieval_baseline" name="test_duplicate_results_count_one_expected_evidence" time="0.000" />
    <testcase classname="tests.test_run_retrieval_baseline" name="test_select_supported_questions" time="0.000" />
    <testcase classname="tests.test_search_knowledge_retrieval_boundary" name="test_output_contract_is_evidence_only" time="0.000" />
    <testcase classname="tests.test_search_knowledge_retrieval_boundary" name="test_handler_accepts_retrieval_only_provider" time="0.001" />
    <testcase classname="tests.test_search_knowledge_retrieval_boundary" name="test_handler_records_only_gate_supporting_chunks" time="0.001" />
    <testcase classname="tests.test_search_knowledge_retrieval_boundary" name="test_handler_maps_gate_rejection_to_empty_without_recording" time="0.001" />
    <testcase classname="tests.test_search_knowledge_retrieval_boundary" name="test_handler_rejects_unknown_supporting_chunk_id" time="0.001" />
    <testcase classname="tests.test_search_knowledge_tool" name="test_search_input_strips_query_and_uses_default_top_k" time="0.000" />
    <testcase classname="tests.test_search_knowledge_tool" name="test_search_input_rejects_extra_or_out_of_range_values[arguments0-extra_forbidden]" time="0.001" />
    <testcase classname="tests.test_search_knowledge_tool" name="test_search_input_rejects_extra_or_out_of_range_values[arguments1-greater_than_equal]" time="0.001" />
    <testcase classname="tests.test_search_knowledge_tool" name="test_search_input_rejects_extra_or_out_of_range_values[arguments2-less_than_equal]" time="0.001" />
    <testcase classname="tests.test_search_knowledge_tool" name="test_search_output_requires_at_least_one_citation" time="0.000" />
    <testcase classname="tests.test_search_knowledge_tool" name="test_definition_exposes_safe_openai_schema" time="0.001" />
    <testcase classname="tests.test_search_knowledge_tool" name="test_handler_requires_async_retrieve[invalid_provider0]" time="0.001" />
    <testcase classname="tests.test_search_knowledge_tool" name="test_handler_requires_async_retrieve[invalid_provider1]" time="0.001" />
    <testcase classname="tests.test_search_knowledge_tool" name="test_handler_converts_input_and_accepted_retrieval_result" time="0.002" />
    <testcase classname="tests.test_search_knowledge_tool" name="test_accepted_result_records_confirmed_citations" time="0.002" />
    <testcase classname="tests.test_search_knowledge_tool" name="test_handler_maps_gate_rejection_to_none" time="0.001" />
    <testcase classname="tests.test_search_knowledge_tool" name="test_rejected_gate_does_not_record_evidence" time="0.001" />
    <testcase classname="tests.test_search_knowledge_tool" name="test_handler_rejects_unrelated_input_before_retrieval" time="0.001" />
    <testcase classname="tests.test_search_knowledge_tool" name="test_handler_rejects_invalid_retrieval_result_type" time="0.001" />
    <testcase classname="tests.test_search_knowledge_tool" name="test_handler_does_not_hide_retrieval_exception" time="0.002" />
    <testcase classname="tests.test_search_knowledge_tool" name="test_registered_executor_returns_success_output" time="0.001" />
    <testcase classname="tests.test_search_knowledge_tool" name="test_registered_executor_maps_gate_rejection_to_empty" time="0.001" />
    <testcase classname="tests.test_search_knowledge_tool" name="test_registered_executor_rejects_invalid_arguments_early" time="0.001" />
    <testcase classname="tests.test_service_errors" name="test_create_llm_client_without_api_key" time="0.001" />
    <testcase classname="tests.test_service_errors" name="test_service_converts_sdk_timeout" time="0.003" />
    <testcase classname="tests.test_service_responses" name="test_service_parses_valid_llm_response" time="0.003" />
    <testcase classname="tests.test_service_responses" name="test_service_rejects_invalid_llm_content[none-content]" time="0.003" />
    <testcase classname="tests.test_service_responses" name="test_service_rejects_invalid_llm_content[empty-content]" time="0.003" />
    <testcase classname="tests.test_service_responses" name="test_service_rejects_invalid_llm_content[invalid-json]" time="0.003" />
    <testcase classname="tests.test_service_responses" name="test_service_rejects_invalid_llm_content[wrong-json-structure]" time="0.003" />
    <testcase classname="tests.test_service_responses" name="test_service_rejects_empty_choices" time="0.002" />
    <testcase classname="tests.test_smoke_chroma_retrieval" name="test_parse_args_uses_public_demo_defaults" time="0.001" />
    <testcase classname="tests.test_smoke_chroma_retrieval" name="test_parse_args_accepts_user_overrides" time="0.001" />
    <testcase classname="tests.test_smoke_chroma_retrieval" name="test_parse_args_rejects_invalid_values[blank-query]" time="0.001" />
    <testcase classname="tests.test_smoke_chroma_retrieval" name="test_parse_args_rejects_invalid_values[non-positive-top-k]" time="0.001" />
    <testcase classname="tests.test_smoke_hybrid_retrieval" name="test_parse_args_uses_reproducible_defaults" time="0.001" />
    <testcase classname="tests.test_smoke_hybrid_retrieval" name="test_parse_args_accepts_and_converts_overrides" time="0.001" />
    <testcase classname="tests.test_smoke_hybrid_retrieval" name="test_parse_args_rejects_invalid_cli_values[blank-query]" time="0.001" />
    <testcase classname="tests.test_smoke_hybrid_retrieval" name="test_parse_args_rejects_invalid_cli_values[zero-top-k]" time="0.001" />
    <testcase classname="tests.test_smoke_hybrid_retrieval" name="test_parse_args_rejects_invalid_cli_values[non-integer-candidate-k]" time="0.001" />
    <testcase classname="tests.test_smoke_hybrid_retrieval" name="test_parse_args_rejects_invalid_cli_values[negative-rank-constant]" time="0.001" />
    <testcase classname="tests.test_smoke_hybrid_retrieval" name="test_parse_args_rejects_invalid_cli_values[top-k-larger-than-candidate-k]" time="0.001" />
    <testcase classname="tests.test_smoke_hybrid_retrieval" name="test_runtime_validation_rejects_invalid_direct_calls[non-string-query]" time="0.001" />
    <testcase classname="tests.test_smoke_hybrid_retrieval" name="test_runtime_validation_rejects_invalid_direct_calls[blank-query]" time="0.001" />
    <testcase classname="tests.test_smoke_hybrid_retrieval" name="test_runtime_validation_rejects_invalid_direct_calls[boolean-top-k]" time="0.001" />
    <testcase classname="tests.test_smoke_hybrid_retrieval" name="test_runtime_validation_rejects_invalid_direct_calls[zero-top-k]" time="0.001" />
    <testcase classname="tests.test_smoke_hybrid_retrieval" name="test_runtime_validation_rejects_invalid_direct_calls[boolean-candidate-k]" time="0.001" />
    <testcase classname="tests.test_smoke_hybrid_retrieval" name="test_runtime_validation_rejects_invalid_direct_calls[zero-candidate-k]" time="0.001" />
    <testcase classname="tests.test_smoke_hybrid_retrieval" name="test_runtime_validation_rejects_invalid_direct_calls[boolean-rank-constant]" time="0.001" />
    <testcase classname="tests.test_smoke_hybrid_retrieval" name="test_runtime_validation_rejects_invalid_direct_calls[zero-rank-constant]" time="0.001" />
    <testcase classname="tests.test_smoke_hybrid_retrieval" name="test_runtime_validation_rejects_invalid_direct_calls[top-k-larger-than-candidate-k]" time="0.001" />
    <testcase classname="tests.test_smoke_hybrid_retrieval" name="test_run_smoke_executes_real_keyword_and_rrf_flow" time="0.002" />
    <testcase classname="tests.test_smoke_hybrid_retrieval" name="test_run_smoke_closes_client_when_embedding_fails" time="0.002" />
    <testcase classname="tests.test_smoke_hybrid_retrieval" name="test_run_smoke_rejects_empty_collection_before_client_creation" time="0.002" />
    <testcase classname="tests.test_stream" name="test_stream_success_event_order" time="0.005" />
    <testcase classname="tests.test_stream" name="test_stream_timeout_event[False-expected_event_names0]" time="0.004" />
    <testcase classname="tests.test_stream" name="test_stream_timeout_event[True-expected_event_names1]" time="0.004" />
    <testcase classname="tests.test_upload_staging" name="test_stage_uploaded_file_preserves_content" time="0.017" />
    <testcase classname="tests.test_upload_staging" name="test_stage_uploaded_file_rejects_oversize" time="0.003" />
    <testcase classname="tests.test_upload_staging" name="test_stage_uploaded_file_rejects_missing_name" time="0.001" />
    <testcase classname="tests.test_vector_store" name="test_add_and_list_document" time="0.101" />
    <testcase classname="tests.test_vector_store" name="test_data_survives_new_store_instance" time="0.071" />
    <testcase classname="tests.test_vector_store" name="test_list_chunks_empty_store_returns_empty_list" time="0.041" />
    <testcase classname="tests.test_vector_store" name="test_list_chunks_restores_complete_sorted_chunks" time="0.050" />
    <testcase classname="tests.test_vector_store" name="test_list_chunks_survives_new_store_instance" time="0.061" />
    <testcase classname="tests.test_vector_store" name="test_list_chunks_wraps_incomplete_metadata" time="0.051" />
    <testcase classname="tests.test_vector_store" name="test_list_chunks_rejects_mismatched_embedding_model" time="0.048" />
    <testcase classname="tests.test_vector_store" name="test_duplicate_document_is_rejected" time="0.078" />
    <testcase classname="tests.test_vector_store" name="test_delete_document_removes_all_chunks" time="0.077" />
    <testcase classname="tests.test_vector_store" name="test_retrieve_returns_ranked_traceable_chunks" time="0.055" />
    <testcase classname="tests.test_vector_store" name="test_retrieve_respects_top_k" time="0.055" />
    <testcase classname="tests.test_vector_store" name="test_retrieve_empty_store_returns_empty_list" time="0.039" />
    <testcase classname="tests.test_vector_store" name="test_retrieve_rejects_different_model" time="0.041" />
    <testcase classname="tests.test_vector_store" name="test_retrieve_rejects_invalid_top_k" time="0.038" />
    <testcase classname="tests.test_vector_store" name="test_retrieve_source_scope_filters_before_top_k" time="0.060" />
    <testcase classname="tests.test_vector_store" name="test_retrieve_document_id_scope_filters_vectors" time="0.073" />
    <testcase classname="tests.test_vector_store" name="test_retrieve_combined_scope_uses_chroma_and" time="0.073" />
    <testcase classname="tests.test_vector_store" name="test_retrieve_scope_without_matches_returns_empty" time="0.049" />
    <testcase classname="tests.test_vector_store" name="test_retrieve_rejects_invalid_scope_type" time="0.041" />
    <testcase classname="tests.test_week3_gold_questions" name="test_gold_dataset_contains_required_questions" time="0.001" />
    <testcase classname="tests.test_week3_gold_questions" name="test_gold_dataset_has_required_distribution" time="0.001" />
    <testcase classname="tests.test_week3_gold_questions" name="test_q021_requires_fault_steps_and_reset_safety_evidence" time="0.000" />
    <testcase classname="tests.test_week3_gold_questions" name="test_new_questions_cover_required_challenges" time="0.000" />
    <testcase classname="tests.test_week3_gold_questions" name="test_difficult_variant_reuses_known_evidence[fault-code-space-variant]" time="0.001" />
    <testcase classname="tests.test_week3_gold_questions" name="test_difficult_variant_reuses_known_evidence[fault-code-underscore-variant]" time="0.001" />
    <testcase classname="tests.test_week3_gold_questions" name="test_difficult_variant_reuses_known_evidence[model-alias-variant]" time="0.001" />
    <testcase classname="tests.test_week3_gold_questions" name="test_difficult_variant_reuses_known_evidence[negative-temperature-variant]" time="0.001" />
    <testcase classname="tests.test_week3_gold_questions" name="test_difficult_variant_reuses_known_evidence[fault-injection-variant]" time="0.001" />
    <testcase classname="tests.test_week3_gold_questions" name="test_difficult_variant_reuses_known_evidence[cross-document-model-variant]" time="0.001" />
    <testcase classname="tests.test_week3_gold_questions" name="test_evidence_locations_are_stable_and_safe" time="0.000" />
    <testcase classname="tests.test_week3_gold_questions" name="test_new_dataset_contains_relationship_abstention" time="0.001" />
  </testsuite>
</testsuites>