<?xml version="1.0" encoding="utf-8"?><testsuites name="pytest tests"><testsuite name="pytest" errors="0" failures="0" skipped="0" tests="2514" time="17.990" hostname="wyqsrog"><testcase classname="tests.test_agent_api_schemas" name="test_request_strips_fields_and_accepts_optional_goal" time="0.001" /><testcase classname="tests.test_agent_api_schemas" name="test_request_allows_missing_task_goal" time="0.000" /><testcase classname="tests.test_agent_api_schemas" name="test_request_accepts_images_without_dumping_base64" time="0.000" /><testcase classname="tests.test_agent_api_schemas" name="test_request_rejects_too_many_images" time="0.001" /><testcase classname="tests.test_agent_api_schemas" name="test_request_rejects_client_controlled_agent_boundaries" time="0.000" /><testcase classname="tests.test_agent_api_schemas" name="test_request_rejects_blank_explicit_task_goal" time="0.000" /><testcase classname="tests.test_agent_api_schemas" name="test_success_trace_has_no_error_code" time="0.000" /><testcase classname="tests.test_agent_api_schemas" name="test_timeout_trace_accepts_matching_error_code" time="0.000" /><testcase classname="tests.test_agent_api_schemas" name="test_trace_accepts_specific_vision_error_code[timeout-vision_timeout]" time="0.000" /><testcase classname="tests.test_agent_api_schemas" name="test_trace_accepts_specific_vision_error_code[error-vision_upstream_error]" time="0.000" /><testcase classname="tests.test_agent_api_schemas" name="test_trace_accepts_specific_vision_error_code[error-invalid_vision_response]" time="0.000" /><testcase classname="tests.test_agent_api_schemas" name="test_trace_rejects_mismatched_status_and_error_code[success-tool_timeout]" time="0.000" /><testcase classname="tests.test_agent_api_schemas" name="test_trace_rejects_mismatched_status_and_error_code[timeout-None]" time="0.000" /><testcase classname="tests.test_agent_api_schemas" name="test_trace_rejects_mismatched_status_and_error_code[timeout-empty_result]" time="0.001" /><testcase classname="tests.test_agent_api_schemas" name="test_completed_execution_accepts_continuous_steps" time="0.000" /><testcase classname="tests.test_agent_api_schemas" name="test_aborted_execution_requires_missing_information" time="0.000" /><testcase classname="tests.test_agent_api_schemas" name="test_request_policy_can_finish_with_human_review" time="0.000" /><testcase classname="tests.test_agent_api_schemas" name="test_request_policy_cannot_claim_task_completed" time="0.001" /><testcase classname="tests.test_agent_api_schemas" name="test_request_policy_cannot_contain_tool_steps" time="0.000" /><testcase classname="tests.test_agent_api_schemas" name="test_execution_rejects_step_count_mismatch" time="0.001" /><testcase classname="tests.test_agent_api_schemas" name="test_execution_rejects_non_continuous_step_ids" time="0.000" /><testcase classname="tests.test_agent_api_schemas" name="test_non_completed_finish_requires_missing_information" time="0.000" /><testcase classname="tests.test_agent_api_schemas" name="test_valid_agent_response_combines_all_public_outputs" time="0.000" /><testcase classname="tests.test_agent_api_schemas" name="test_response_accepts_visual_observation_for_successful_step" time="0.001" /><testcase classname="tests.test_agent_api_schemas" name="test_response_rejects_visual_observation_without_tool_step" time="0.001" /><testcase classname="tests.test_agent_api_schemas" name="test_response_rejects_missing_visual_observation_for_tool_step" time="0.000" /><testcase classname="tests.test_agent_api_schemas" name="test_response_requires_matching_request_ids" time="0.001" /><testcase classname="tests.test_agent_api_schemas" name="test_response_rejects_duplicate_telemetry_robot_ids" time="0.001" /><testcase classname="tests.test_agent_api_schemas" name="test_response_rejects_draft_evidence_outside_diagnosis" time="0.001" /><testcase classname="tests.test_agent_diagnosis_api" name="test_agent_diagnose_returns_completed_response" time="0.015" /><testcase classname="tests.test_agent_diagnosis_api" name="test_agent_diagnose_returns_abstention_with_200" time="0.012" /><testcase classname="tests.test_agent_diagnosis_api" name="test_invalid_agent_request_returns_422_before_service[missing-robot-id]" time="0.012" /><testcase classname="tests.test_agent_diagnosis_api" name="test_invalid_agent_request_returns_422_before_service[blank-symptom]" time="0.010" /><testcase classname="tests.test_agent_diagnosis_api" name="test_invalid_agent_request_returns_422_before_service[extra-tools-field]" time="0.010" /><testcase classname="tests.test_agent_diagnosis_api" name="test_invalid_agent_request_returns_422_before_service[blank-task-goal]" time="0.026" /><testcase classname="tests.test_agent_diagnosis_api" name="test_agent_diagnose_endpoint_rejects_get_method" time="0.033" /><testcase classname="tests.test_agent_diagnosis_report_builder" name="test_builder_reconstructs_real_metadata_and_global_ranks" time="0.001" /><testcase classname="tests.test_agent_diagnosis_report_builder" name="test_builder_deduplicates_chunk_referenced_by_cause_and_check" time="0.000" /><testcase classname="tests.test_agent_diagnosis_report_builder" name="test_builder_rejects_unconfirmed_chunk_id" time="0.001" /><testcase classname="tests.test_agent_diagnosis_report_builder" name="test_builder_rejects_citation_without_rrf_score" time="0.001" /><testcase classname="tests.test_agent_diagnosis_report_builder" name="test_builder_rejects_more_than_ten_unique_evidence_items" time="0.001" /><testcase classname="tests.test_agent_diagnosis_report_builder" name="test_builder_preserves_partial_missing_information" time="0.000" /><testcase classname="tests.test_agent_diagnosis_report_builder" name="test_builder_converts_abstained_draft_without_exposing_evidence" time="0.000" /><testcase classname="tests.test_agent_diagnosis_report_builder" name="test_abstained_builder_includes_explicit_test_draft_evidence" time="0.000" /><testcase classname="tests.test_agent_diagnosis_report_builder" name="test_builder_rejects_unconfirmed_additional_evidence" time="0.000" /><testcase classname="tests.test_agent_diagnosis_report_builder" name="test_builder_marks_symptom_and_log_sources" time="0.000" /><testcase classname="tests.test_agent_diagnosis_report_builder" name="test_builder_records_agent_versions" time="0.000" /><testcase classname="tests.test_agent_diagnosis_report_builder" name="test_abstained_builder_creates_stable_runner_failure_report" time="0.000" /><testcase classname="tests.test_agent_diagnosis_report_builder" name="test_abstained_builder_rejects_empty_missing_information" time="0.000" /><testcase classname="tests.test_agent_diagnosis_report_builder" name="test_builder_rejects_blank_tracking_fields[request_id-   ]" time="0.001" /><testcase classname="tests.test_agent_diagnosis_report_builder" name="test_builder_rejects_blank_tracking_fields[planner_prompt_version-   ]" time="0.001" /><testcase classname="tests.test_agent_diagnosis_schemas" name="test_completed_draft_accepts_supported_conclusions" time="0.000" /><testcase classname="tests.test_agent_diagnosis_schemas" name="test_partial_draft_requires_and_accepts_missing_information" time="0.000" /><testcase classname="tests.test_agent_diagnosis_schemas" name="test_abstained_draft_accepts_safe_empty_conclusions" time="0.000" /><testcase classname="tests.test_agent_diagnosis_schemas" name="test_draft_strips_text_and_converts_json_arrays_to_tuples" time="0.000" /><testcase classname="tests.test_agent_diagnosis_schemas" name="test_draft_rejects_model_generated_chunk_metadata" time="0.000" /><testcase classname="tests.test_agent_diagnosis_schemas" name="test_draft_rejects_mismatched_status_and_abstained[completed-True]" time="0.001" /><testcase classname="tests.test_agent_diagnosis_schemas" name="test_draft_rejects_mismatched_status_and_abstained[partial-True]" time="0.001" /><testcase classname="tests.test_agent_diagnosis_schemas" name="test_draft_rejects_mismatched_status_and_abstained[abstained-False]" time="0.001" /><testcase classname="tests.test_agent_diagnosis_schemas" name="test_abstained_draft_rejects_possible_causes" time="0.000" /><testcase classname="tests.test_agent_diagnosis_schemas" name="test_abstained_draft_requires_missing_information" time="0.000" /><testcase classname="tests.test_agent_diagnosis_schemas" name="test_abstained_draft_requires_unknown_risk" time="0.000" /><testcase classname="tests.test_agent_diagnosis_schemas" name="test_non_abstained_draft_requires_cause_or_check" time="0.000" /><testcase classname="tests.test_agent_diagnosis_schemas" name="test_partial_draft_rejects_empty_missing_information" time="0.000" /><testcase classname="tests.test_agent_diagnosis_schemas" name="test_completed_draft_rejects_missing_information" time="0.000" /><testcase classname="tests.test_agent_diagnosis_schemas" name="test_draft_rejects_duplicate_missing_information" time="0.000" /><testcase classname="tests.test_agent_diagnosis_schemas" name="test_draft_reuses_high_risk_qualification_rule" time="0.000" /><testcase classname="tests.test_agent_diagnosis_schemas" name="test_schema_accepts_syntactic_id_before_service_whitelist" time="0.001" /><testcase classname="tests.test_agent_diagnosis_schemas" name="test_draft_top_level_fields_are_frozen" time="0.000" /><testcase classname="tests.test_agent_diagnosis_service" name="test_task_builder_serializes_request_as_untrusted_json" time="0.000" /><testcase classname="tests.test_agent_diagnosis_service" name="test_service_passes_minimal_tool_scope_to_runner" time="0.002" /><testcase classname="tests.test_agent_diagnosis_service" name="test_service_downgrades_planner_completion_to_partial_progress" time="0.002" /><testcase classname="tests.test_agent_diagnosis_service" name="test_service_stops_high_risk_request_before_image_decode" time="0.001" /><testcase classname="tests.test_agent_diagnosis_service" name="test_service_stops_prompt_injection_before_runner" time="0.017" /><testcase classname="tests.test_agent_diagnosis_service" name="test_service_abstains_before_runner_when_image_is_missing" time="0.002" /><testcase classname="tests.test_agent_diagnosis_service" name="test_service_registers_images_before_runner_and_hides_base64" time="0.013" /><testcase classname="tests.test_agent_diagnosis_service" name="test_invalid_image_batch_does_not_partially_fill_store" time="0.002" /><testcase classname="tests.test_agent_diagnosis_service" name="test_service_collects_visual_observation_with_safe_trace" time="0.002" /><testcase classname="tests.test_agent_diagnosis_service" name="test_service_combines_three_step_agent_result" time="0.002" /><testcase classname="tests.test_agent_diagnosis_service" name="test_trace_redacts_query_and_knowledge_body" time="0.001" /><testcase classname="tests.test_agent_diagnosis_service" name="test_aborted_runner_returns_stable_abstained_response" time="0.001" /><testcase classname="tests.test_agent_diagnosis_service" name="test_invalid_final_json_degrades_to_safe_abstention" time="0.001" /><testcase classname="tests.test_agent_diagnosis_service" name="test_unconfirmed_final_chunk_id_degrades_safely" time="0.001" /><testcase classname="tests.test_agent_diagnosis_service" name="test_aborted_response_preserves_confirmed_test_draft" time="0.001" /><testcase classname="tests.test_agent_diagnosis_service" name="test_failed_tool_appears_in_public_trace" time="0.001" /><testcase classname="tests.test_agent_diagnosis_service" name="test_duplicate_robot_telemetry_keeps_latest_snapshot" time="0.001" /><testcase classname="tests.test_agent_diagnosis_service" name="test_finish_reason_draft_status_mismatch_degrades_safely" time="0.012" /><testcase classname="tests.test_agent_diagnosis_service" name="test_service_rejects_wrong_runner_return_type" time="0.015" /><testcase classname="tests.test_agent_diagnosis_service" name="test_service_constructor_rejects_sync_runner" time="0.000" /><testcase classname="tests.test_agent_diagnosis_service" name="test_service_persists_session_and_returns_session_id" time="0.168" /><testcase classname="tests.test_agent_diagnosis_service" name="test_service_persists_pre_planner_human_review" time="0.006" /><testcase classname="tests.test_agent_diagnosis_service" name="test_service_without_session_dependencies_remains_compatible" time="0.002" /><testcase classname="tests.test_agent_diagnosis_service" name="test_service_constructor_validates_remaining_dependencies" time="0.001" /><testcase classname="tests.test_agent_evaluation_cli" name="test_run_real_evaluation_connects_complete_flow" time="0.059" /><testcase classname="tests.test_agent_evaluation_cli" name="test_run_real_evaluation_rejects_timeout_before_loading" time="0.005" /><testcase classname="tests.test_agent_evaluation_cli" name="test_main_connects_args_settings_runner_and_summary" time="0.003" /><testcase classname="tests.test_agent_evaluation_data" name="test_load_agent_scenarios_preserves_order_and_models" time="0.002" /><testcase classname="tests.test_agent_evaluation_data" name="test_agent_scenario_loader_requires_jsonl_suffix" time="0.002" /><testcase classname="tests.test_agent_evaluation_data" name="test_agent_scenario_loader_requires_existing_file" time="0.002" /><testcase classname="tests.test_agent_evaluation_data" name="test_agent_scenario_loader_rejects_blank_line" time="0.002" /><testcase classname="tests.test_agent_evaluation_data" name="test_agent_scenario_loader_rejects_invalid_json" time="0.002" /><testcase classname="tests.test_agent_evaluation_data" name="test_agent_scenario_loader_rejects_schema_error" time="0.002" /><testcase classname="tests.test_agent_evaluation_data" name="test_agent_scenario_loader_rejects_duplicate_id" time="0.002" /><testcase classname="tests.test_agent_evaluation_data" name="test_agent_scenario_loader_rejects_empty_file" time="0.002" /><testcase classname="tests.test_agent_evaluation_metrics" name="test_calculate_metrics_aggregates_all_week4_dimensions" time="0.000" /><testcase classname="tests.test_agent_evaluation_metrics" name="test_metrics_accept_tuple_without_mutating_input" time="0.000" /><testcase classname="tests.test_agent_evaluation_metrics" name="test_metrics_reject_empty_results" time="0.000" /><testcase classname="tests.test_agent_evaluation_metrics" name="test_metrics_reject_duplicate_scenario_ids" time="0.000" /><testcase classname="tests.test_agent_evaluation_metrics" name="test_metrics_reject_unvalidated_result_object" time="0.001" /><testcase classname="tests.test_agent_evaluation_metrics" name="test_zero_denominators_produce_stable_zero_rates" time="0.000" /><testcase classname="tests.test_agent_evaluation_report_schemas" name="test_valid_metrics_preserve_required_week4_indicators" time="0.000" /><testcase classname="tests.test_agent_evaluation_report_schemas" name="test_metrics_reject_impossible_count_relationships[replacement0-request_success_count\u4e0d\u80fd\u8d85\u8fc7scenario_count]" time="0.001" /><testcase classname="tests.test_agent_evaluation_report_schemas" name="test_metrics_reject_impossible_count_relationships[replacement1-passed_scenario_count\u4e0d\u80fd\u8d85\u8fc7request_success_count]" time="0.001" /><testcase classname="tests.test_agent_evaluation_report_schemas" name="test_metrics_reject_impossible_count_relationships[replacement2-tool_selection_correct_count\u4e0d\u80fd\u8d85\u8fc7scenario_count]" time="0.000" /><testcase classname="tests.test_agent_evaluation_report_schemas" name="test_metrics_reject_impossible_count_relationships[replacement3-completed_task_count\u4e0d\u80fd\u8d85\u8fc7expected_completion_count]" time="0.001" /><testcase classname="tests.test_agent_evaluation_report_schemas" name="test_metrics_reject_impossible_count_relationships[replacement4-correct_citation_count\u4e0d\u80fd\u8d85\u8fc7returned_citation_count]" time="0.001" /><testcase classname="tests.test_agent_evaluation_report_schemas" name="test_metrics_reject_impossible_count_relationships[replacement5-matched_expected_evidence_count\u4e0d\u80fd\u8d85\u8fc7expected_evidence_count]" time="0.001" /><testcase classname="tests.test_agent_evaluation_report_schemas" name="test_metrics_reject_impossible_count_relationships[replacement6-correct_safe_refusal_count\u4e0d\u80fd\u8d85\u8fc7safe_refusal_case_count]" time="0.001" /><testcase classname="tests.test_agent_evaluation_report_schemas" name="test_metrics_reject_impossible_count_relationships[replacement7-total_step_count\u4e0d\u80fd\u8d85\u8fc7\u6210\u529f\u8bf7\u6c42\u7684\u6700\u5927\u6b65\u9aa4\u6570]" time="0.001" /><testcase classname="tests.test_agent_evaluation_report_schemas" name="test_metrics_reject_rates_not_matching_counts[request_success_rate-0.5]" time="0.001" /><testcase classname="tests.test_agent_evaluation_report_schemas" name="test_metrics_reject_rates_not_matching_counts[scenario_pass_rate-0.5]" time="0.001" /><testcase classname="tests.test_agent_evaluation_report_schemas" name="test_metrics_reject_rates_not_matching_counts[tool_selection_accuracy-0.5]" time="0.001" /><testcase classname="tests.test_agent_evaluation_report_schemas" name="test_metrics_reject_rates_not_matching_counts[task_completion_rate-0.5]" time="0.001" /><testcase classname="tests.test_agent_evaluation_report_schemas" name="test_metrics_reject_rates_not_matching_counts[citation_correctness-0.5]" time="0.001" /><testcase classname="tests.test_agent_evaluation_report_schemas" name="test_metrics_reject_rates_not_matching_counts[citation_coverage-0.5]" time="0.001" /><testcase classname="tests.test_agent_evaluation_report_schemas" name="test_metrics_reject_rates_not_matching_counts[safe_refusal_rate-0.5]" time="0.001" /><testcase classname="tests.test_agent_evaluation_report_schemas" name="test_metrics_reject_rates_not_matching_counts[average_steps-0.5]" time="0.001" /><testcase classname="tests.test_agent_evaluation_report_schemas" name="test_zero_denominators_use_zero_rates" time="0.000" /><testcase classname="tests.test_agent_evaluation_report_schemas" name="test_valid_report_matches_all_result_aggregates" time="0.000" /><testcase classname="tests.test_agent_evaluation_report_schemas" name="test_report_explicitly_rejects_generated_time" time="0.001" /><testcase classname="tests.test_agent_evaluation_report_schemas" name="test_report_rejects_duplicate_scenario_ids" time="0.001" /><testcase classname="tests.test_agent_evaluation_report_schemas" name="test_report_rejects_metrics_not_matching_results[scenario_count]" time="0.001" /><testcase classname="tests.test_agent_evaluation_report_schemas" name="test_report_rejects_metrics_not_matching_results[request_success_count]" time="0.001" /><testcase classname="tests.test_agent_evaluation_report_schemas" name="test_report_rejects_metrics_not_matching_results[passed_scenario_count]" time="0.001" /><testcase classname="tests.test_agent_evaluation_report_schemas" name="test_report_rejects_metrics_not_matching_results[tool_selection_correct_count]" time="0.001" /><testcase classname="tests.test_agent_evaluation_report_schemas" name="test_report_rejects_metrics_not_matching_results[expected_completion_count]" time="0.001" /><testcase classname="tests.test_agent_evaluation_report_schemas" name="test_report_rejects_metrics_not_matching_results[completed_task_count]" time="0.001" /><testcase classname="tests.test_agent_evaluation_report_schemas" name="test_report_rejects_metrics_not_matching_results[returned_citation_count]" time="0.001" /><testcase classname="tests.test_agent_evaluation_report_schemas" name="test_report_rejects_metrics_not_matching_results[correct_citation_count]" time="0.001" /><testcase classname="tests.test_agent_evaluation_report_schemas" name="test_report_rejects_metrics_not_matching_results[expected_evidence_count]" time="0.001" /><testcase classname="tests.test_agent_evaluation_report_schemas" name="test_report_rejects_metrics_not_matching_results[matched_expected_evidence_count]" time="0.001" /><testcase classname="tests.test_agent_evaluation_report_schemas" name="test_report_rejects_metrics_not_matching_results[safe_refusal_case_count]" time="0.001" /><testcase classname="tests.test_agent_evaluation_report_schemas" name="test_report_rejects_metrics_not_matching_results[correct_safe_refusal_count]" time="0.001" /><testcase classname="tests.test_agent_evaluation_report_schemas" name="test_report_rejects_metrics_not_matching_results[total_step_count]" time="0.001" /><testcase classname="tests.test_agent_evaluation_report_schemas" name="test_report_is_frozen_after_validation" time="0.001" /><testcase classname="tests.test_agent_evaluation_reporting" name="test_parse_args_uses_documented_defaults" time="0.002" /><testcase classname="tests.test_agent_evaluation_reporting" name="test_parse_args_preserves_explicit_values" time="0.002" /><testcase classname="tests.test_agent_evaluation_reporting" name="test_parse_args_rejects_non_positive_timeout" time="0.003" /><testcase classname="tests.test_agent_evaluation_reporting" name="test_render_markdown_report_is_auditable" time="0.001" /><testcase classname="tests.test_agent_evaluation_reporting" name="test_render_markdown_report_omits_generation_time" time="0.001" /><testcase classname="tests.test_agent_evaluation_reporting" name="test_write_reports_creates_round_trip_files" time="0.004" /><testcase classname="tests.test_agent_evaluation_reporting" name="test_print_summary_reports_core_metrics_and_paths" time="0.002" /><testcase classname="tests.test_agent_evaluation_result_schemas" name="test_valid_success_result_preserves_audit_fields" time="0.001" /><testcase classname="tests.test_agent_evaluation_result_schemas" name="test_citation_evaluation_rejects_extra_content" time="0.001" /><testcase classname="tests.test_agent_evaluation_result_schemas" name="test_success_result_requires_complete_response_metadata[replacement0-\u6210\u529f\u8bf7\u6c42\u5fc5\u987b\u4f7f\u75282xx HTTP\u72b6\u6001\u7801]" time="0.001" /><testcase classname="tests.test_agent_evaluation_result_schemas" name="test_success_result_requires_complete_response_metadata[replacement1-\u6210\u529f\u8bf7\u6c42\u5fc5\u987b\u5305\u542brequest_id]" time="0.001" /><testcase classname="tests.test_agent_evaluation_result_schemas" name="test_success_result_requires_complete_response_metadata[replacement2-\u6210\u529f\u8bf7\u6c42\u4e0d\u80fd\u5305\u542brequest_error]" time="0.001" /><testcase classname="tests.test_agent_evaluation_result_schemas" name="test_success_result_requires_complete_response_metadata[replacement3-\u6210\u529f\u8bf7\u6c42\u5fc5\u987b\u5305\u542bactual_execution_state]" time="0.001" /><testcase classname="tests.test_agent_evaluation_result_schemas" name="test_success_result_requires_complete_response_metadata[replacement4-\u6210\u529f\u8bf7\u6c42\u5fc5\u987b\u5305\u542bactual_termination_reason]" time="0.001" /><testcase classname="tests.test_agent_evaluation_result_schemas" name="test_success_result_requires_complete_response_metadata[replacement5-\u6210\u529f\u8bf7\u6c42\u5fc5\u987b\u5305\u542bactual_diagnosis_status]" time="0.001" /><testcase classname="tests.test_agent_evaluation_result_schemas" name="test_valid_request_failure_contains_no_fake_observation" time="0.000" /><testcase classname="tests.test_agent_evaluation_result_schemas" name="test_request_failure_rejects_fake_response_data[replacement0-\u5931\u8d25\u8bf7\u6c42\u5fc5\u987b\u5305\u542brequest_error]" time="0.001" /><testcase classname="tests.test_agent_evaluation_result_schemas" name="test_request_failure_rejects_fake_response_data[replacement1-\u5931\u8d25\u8bf7\u6c42\u4e0d\u80fd\u5305\u542bAgent\u5de5\u5177\u89c2\u5bdf]" time="0.001" /><testcase classname="tests.test_agent_evaluation_result_schemas" name="test_request_failure_rejects_fake_response_data[replacement2-\u5931\u8d25\u8bf7\u6c42\u4e0d\u80fd\u5305\u542bAgent\u54cd\u5e94\u72b6\u6001]" time="0.001" /><testcase classname="tests.test_agent_evaluation_result_schemas" name="test_request_failure_rejects_fake_response_data[replacement3-\u5931\u8d25\u8bf7\u6c42\u4e0d\u80fd\u5305\u542b\u5f15\u7528\u8bc4\u5206]" time="0.001" /><testcase classname="tests.test_agent_evaluation_result_schemas" name="test_completed_execution_requires_finish_reason" time="0.001" /><testcase classname="tests.test_agent_evaluation_result_schemas" name="test_request_policy_finished_is_valid_completed_result" time="0.000" /><testcase classname="tests.test_agent_evaluation_result_schemas" name="test_aborted_execution_rejects_request_policy_finished" time="0.001" /><testcase classname="tests.test_agent_evaluation_result_schemas" name="test_aborted_execution_rejects_finish_reason" time="0.001" /><testcase classname="tests.test_agent_evaluation_result_schemas" name="test_step_count_matches_actual_tool_sequence" time="0.001" /><testcase classname="tests.test_agent_evaluation_result_schemas" name="test_result_rejects_duplicate_citation_chunk_ids" time="0.001" /><testcase classname="tests.test_agent_evaluation_result_schemas" name="test_matched_evidence_must_be_expected" time="0.001" /><testcase classname="tests.test_agent_evaluation_result_schemas" name="test_citation_correct_flag_matches_expected_location" time="0.001" /><testcase classname="tests.test_agent_evaluation_result_schemas" name="test_matched_evidence_equals_correct_citation_locations" time="0.001" /><testcase classname="tests.test_agent_evaluation_result_schemas" name="test_result_rejects_duplicate_evidence_locations[expected_evidence]" time="0.001" /><testcase classname="tests.test_agent_evaluation_result_schemas" name="test_result_rejects_duplicate_evidence_locations[matched_expected_evidence]" time="0.001" /><testcase classname="tests.test_agent_evaluation_result_schemas" name="test_true_task_completion_requires_completed_response" time="0.001" /><testcase classname="tests.test_agent_evaluation_result_schemas" name="test_true_safe_refusal_requires_abstained_response" time="0.001" /><testcase classname="tests.test_agent_evaluation_result_schemas" name="test_passed_flag_matches_failure_reasons[True-failure_reasons0-passed\u7ed3\u679c\u4e0d\u80fd\u5305\u542bfailure_reasons]" time="0.001" /><testcase classname="tests.test_agent_evaluation_result_schemas" name="test_passed_flag_matches_failure_reasons[False-failure_reasons1-\u672a\u901a\u8fc7\u7ed3\u679c\u5fc5\u987b\u5305\u542bfailure_reasons]" time="0.001" /><testcase classname="tests.test_agent_evaluation_result_schemas" name="test_result_is_frozen_after_validation" time="0.000" /><testcase classname="tests.test_agent_evaluation_schemas" name="test_valid_scenario_normalizes_nested_contracts" time="0.001" /><testcase classname="tests.test_agent_evaluation_schemas" name="test_scenario_rejects_invalid_id" time="0.001" /><testcase classname="tests.test_agent_evaluation_schemas" name="test_scenario_rejects_extra_field" time="0.001" /><testcase classname="tests.test_agent_evaluation_schemas" name="test_scenario_rejects_duplicate_values[required_tools]" time="0.001" /><testcase classname="tests.test_agent_evaluation_schemas" name="test_scenario_rejects_duplicate_values[allowed_tools]" time="0.001" /><testcase classname="tests.test_agent_evaluation_schemas" name="test_scenario_rejects_duplicate_values[forbidden_tools]" time="0.001" /><testcase classname="tests.test_agent_evaluation_schemas" name="test_scenario_rejects_duplicate_values[expected_execution_states]" time="0.001" /><testcase classname="tests.test_agent_evaluation_schemas" name="test_scenario_rejects_duplicate_values[expected_termination_reasons]" time="0.001" /><testcase classname="tests.test_agent_evaluation_schemas" name="test_scenario_rejects_duplicate_values[expected_finish_reasons]" time="0.001" /><testcase classname="tests.test_agent_evaluation_schemas" name="test_scenario_rejects_duplicate_values[expected_diagnosis_statuses]" time="0.001" /><testcase classname="tests.test_agent_evaluation_schemas" name="test_scenario_rejects_duplicate_values[tags]" time="0.001" /><testcase classname="tests.test_agent_evaluation_schemas" name="test_required_tools_must_be_allowed" time="0.001" /><testcase classname="tests.test_agent_evaluation_schemas" name="test_allowed_and_forbidden_tools_cannot_overlap" time="0.001" /><testcase classname="tests.test_agent_evaluation_schemas" name="test_scenario_rejects_duplicate_evidence_locations" time="0.000" /><testcase classname="tests.test_agent_evaluation_schemas" name="test_completion_scenario_requires_complete_contract[replacement0-\u5b8c\u6210\u578b\u573a\u666f\u5fc5\u987b\u5141\u8bb8completed\u6267\u884c\u72b6\u6001]" time="0.001" /><testcase classname="tests.test_agent_evaluation_schemas" name="test_completion_scenario_requires_complete_contract[replacement1-\u5b8c\u6210\u578b\u573a\u666f\u5fc5\u987b\u5141\u8bb8completed\u8bca\u65ad\u72b6\u6001]" time="0.001" /><testcase classname="tests.test_agent_evaluation_schemas" name="test_completion_scenario_requires_complete_contract[replacement2-\u5b8c\u6210\u578b\u573a\u666f\u5fc5\u987b\u5305\u542btask_completed]" time="0.001" /><testcase classname="tests.test_agent_evaluation_schemas" name="test_completion_scenario_requires_complete_contract[replacement3-\u5b8c\u6210\u578b\u573a\u666f\u5fc5\u987b\u5305\u542bplanner_finished]" time="0.001" /><testcase classname="tests.test_agent_evaluation_schemas" name="test_completion_scenario_requires_complete_contract[replacement4-\u5b8c\u6210\u578b\u573a\u666f\u5fc5\u987b\u5305\u542b\u9884\u671f\u8bc1\u636e]" time="0.001" /><testcase classname="tests.test_agent_evaluation_schemas" name="test_safe_refusal_scenario_requires_abstention_contract[replacement0-\u5b89\u5168\u62d2\u7b54\u573a\u666f\u4e0d\u80fd\u540c\u65f6\u8981\u6c42\u4efb\u52a1\u5b8c\u6210]" time="0.001" /><testcase classname="tests.test_agent_evaluation_schemas" name="test_safe_refusal_scenario_requires_abstention_contract[replacement1-\u5b89\u5168\u62d2\u7b54\u573a\u666f\u5fc5\u987b\u5141\u8bb8abstained\u8bca\u65ad]" time="0.001" /><testcase classname="tests.test_agent_evaluation_schemas" name="test_safe_refusal_scenario_requires_abstention_contract[replacement2-\u5b89\u5168\u62d2\u7b54\u573a\u666f\u4e0d\u80fd\u9884\u671f\u6700\u7ec8\u8bca\u65ad\u8bc1\u636e]" time="0.001" /><testcase classname="tests.test_agent_evaluation_schemas" name="test_aborted_only_scenario_rejects_finish_reasons" time="0.001" /><testcase classname="tests.test_agent_evaluation_schemas" name="test_completed_scenario_requires_finish_reasons" time="0.001" /><testcase classname="tests.test_agent_evaluation_schemas" name="test_request_policy_finished_is_valid_completed_termination" time="0.000" /><testcase classname="tests.test_agent_evaluation_schemas" name="test_scenario_is_frozen_after_validation" time="0.001" /><testcase classname="tests.test_agent_evaluation_scoring" name="test_evaluate_completed_response_scores_all_dimensions" time="0.001" /><testcase classname="tests.test_agent_evaluation_scoring" name="test_repeated_allowed_tool_preserves_real_step_count" time="0.001" /><testcase classname="tests.test_agent_evaluation_scoring" name="test_missing_required_tool_fails_tool_selection" time="0.001" /><testcase classname="tests.test_agent_evaluation_scoring" name="test_disallowed_forbidden_tool_records_both_boundaries" time="0.001" /><testcase classname="tests.test_agent_evaluation_scoring" name="test_partial_and_incorrect_evidence_fails_completion" time="0.001" /><testcase classname="tests.test_agent_evaluation_scoring" name="test_unexpected_refusal_fails_completion_scenario" time="0.001" /><testcase classname="tests.test_agent_evaluation_scoring" name="test_expected_safe_refusal_is_scored_separately" time="0.001" /><testcase classname="tests.test_agent_evaluation_scoring" name="test_request_failure_contains_no_fake_agent_observation" time="0.000" /><testcase classname="tests.test_agent_evaluation_scoring" name="test_failed_request_cannot_count_as_safe_refusal" time="0.000" /><testcase classname="tests.test_agent_evaluation_scoring" name="test_response_scorer_rejects_wrong_model_types[scenario-argument_value0]" time="0.001" /><testcase classname="tests.test_agent_evaluation_scoring" name="test_response_scorer_rejects_wrong_model_types[response-argument_value1]" time="0.001" /><testcase classname="tests.test_agent_failure_policy" name="test_success_result_is_classified_as_success" time="0.000" /><testcase classname="tests.test_agent_failure_policy" name="test_non_policy_failures_are_recoverable[empty-empty_result]" time="0.001" /><testcase classname="tests.test_agent_failure_policy" name="test_non_policy_failures_are_recoverable[rejected-unknown_tool]" time="0.001" /><testcase classname="tests.test_agent_failure_policy" name="test_non_policy_failures_are_recoverable[rejected-invalid_tool_arguments]" time="0.001" /><testcase classname="tests.test_agent_failure_policy" name="test_non_policy_failures_are_recoverable[rejected-duplicate_tool_call]" time="0.001" /><testcase classname="tests.test_agent_failure_policy" name="test_non_policy_failures_are_recoverable[timeout-tool_timeout]" time="0.001" /><testcase classname="tests.test_agent_failure_policy" name="test_non_policy_failures_are_recoverable[error-tool_execution_error]" time="0.001" /><testcase classname="tests.test_agent_failure_policy" name="test_non_policy_failures_are_recoverable[error-invalid_tool_output]" time="0.001" /><testcase classname="tests.test_agent_failure_policy" name="test_non_policy_failures_are_recoverable[timeout-vision_timeout]" time="0.001" /><testcase classname="tests.test_agent_failure_policy" name="test_non_policy_failures_are_recoverable[error-vision_upstream_error]" time="0.001" /><testcase classname="tests.test_agent_failure_policy" name="test_non_policy_failures_are_recoverable[error-invalid_vision_response]" time="0.001" /><testcase classname="tests.test_agent_failure_policy" name="test_tool_blocked_is_fatal_policy_violation" time="0.000" /><testcase classname="tests.test_agent_failure_policy" name="test_classification_requires_execution_result" time="0.001" /><testcase classname="tests.test_agent_planning" name="test_interaction_accepts_matching_call_and_result" time="0.001" /><testcase classname="tests.test_agent_planning" name="test_interaction_rejects_mismatched_call_id" time="0.001" /><testcase classname="tests.test_agent_planning" name="test_interaction_rejects_mismatched_tool_name" time="0.001" /><testcase classname="tests.test_agent_planning" name="test_first_planning_context_has_empty_history" time="0.000" /><testcase classname="tests.test_agent_planning" name="test_context_accepts_continuous_history_and_next_step" time="0.001" /><testcase classname="tests.test_agent_planning" name="test_context_rejects_non_continuous_steps" time="0.001" /><testcase classname="tests.test_agent_planning" name="test_context_rejects_wrong_next_step" time="0.001" /><testcase classname="tests.test_agent_planning" name="test_context_rejects_duplicate_call_ids" time="0.001" /><testcase classname="tests.test_agent_planning" name="test_prompt_injection_remains_untrusted_task_text" time="0.000" /><testcase classname="tests.test_agent_planning" name="test_call_tool_decision_accepts_only_tool_call" time="0.000" /><testcase classname="tests.test_agent_planning" name="test_finish_decision_accepts_reason_and_message" time="0.000" /><testcase classname="tests.test_agent_planning" name="test_call_tool_decision_requires_tool_call" time="0.001" /><testcase classname="tests.test_agent_planning" name="test_call_tool_decision_rejects_finish_fields" time="0.001" /><testcase classname="tests.test_agent_planning" name="test_finish_decision_rejects_tool_call" time="0.001" /><testcase classname="tests.test_agent_planning" name="test_finish_decision_requires_all_finish_fields[finish_reason]" time="0.001" /><testcase classname="tests.test_agent_planning" name="test_finish_decision_requires_all_finish_fields[final_message]" time="0.001" /><testcase classname="tests.test_agent_planning" name="test_planning_models_reject_extra_fields" time="0.001" /><testcase classname="tests.test_agent_planning" name="test_scripted_planner_satisfies_protocol_call_shape" time="0.002" /><testcase classname="tests.test_agent_planning" name="test_scripted_planner_returns_decisions_in_order" time="0.002" /><testcase classname="tests.test_agent_planning" name="test_scripted_planner_rejects_unexpected_extra_turn" time="0.002" /><testcase classname="tests.test_agent_progress_reducer" name="test_create_initial_progress_from_continue_policy" time="0.000" /><testcase classname="tests.test_agent_progress_reducer" name="test_create_initial_progress_rejects_early_finish_policy" time="0.001" /><testcase classname="tests.test_agent_progress_reducer" name="test_signature_is_stable_across_argument_order" time="0.001" /><testcase classname="tests.test_agent_progress_reducer" name="test_validate_tool_call_rejects_tool_outside_progress" time="0.001" /><testcase classname="tests.test_agent_progress_reducer" name="test_empty_result_is_recorded_without_completion" time="0.001" /><testcase classname="tests.test_agent_progress_reducer" name="test_duplicate_call_is_rejected_after_empty_result" time="0.001" /><testcase classname="tests.test_agent_progress_reducer" name="test_step_number_must_follow_existing_progress" time="0.001" /><testcase classname="tests.test_agent_progress_reducer" name="test_knowledge_success_extracts_document_and_chunk" time="0.001" /><testcase classname="tests.test_agent_progress_reducer" name="test_telemetry_success_extracts_snapshot_source" time="0.001" /><testcase classname="tests.test_agent_progress_reducer" name="test_vision_success_uses_image_and_call_reference" time="0.001" /><testcase classname="tests.test_agent_progress_reducer" name="test_draft_success_does_not_duplicate_knowledge_evidence" time="0.001" /><testcase classname="tests.test_agent_progress_reducer" name="test_current_time_success_records_utc_evidence" time="0.001" /><testcase classname="tests.test_agent_progress_reducer" name="test_multiple_capabilities_narrow_after_each_success" time="0.001" /><testcase classname="tests.test_agent_progress_reducer" name="test_success_output_is_revalidated_by_specific_model" time="0.000" /><testcase classname="tests.test_agent_progress_reducer" name="test_record_interaction_does_not_mutate_old_progress" time="0.001" /><testcase classname="tests.test_agent_progress_reducer" name="test_ready_progress_accepts_task_completed" time="0.001" /><testcase classname="tests.test_agent_progress_reducer" name="test_early_task_completed_without_evidence_abstains" time="0.000" /><testcase classname="tests.test_agent_progress_reducer" name="test_early_task_completed_with_some_evidence_is_partial" time="0.001" /><testcase classname="tests.test_agent_progress_reducer" name="test_insufficient_information_merges_declared_and_computed_gaps" time="0.001" /><testcase classname="tests.test_agent_progress_reducer" name="test_ready_progress_can_still_report_insufficient_information" time="0.001" /><testcase classname="tests.test_agent_progress_reducer" name="test_planner_can_request_human_review" time="0.001" /><testcase classname="tests.test_agent_progress_reducer" name="test_confirmed_conflict_requires_human_review" time="0.001" /><testcase classname="tests.test_agent_progress_reducer" name="test_record_conflicts_rejects_empty_collection" time="0.001" /><testcase classname="tests.test_agent_progress_reducer" name="test_runtime_failure_requires_explicit_missing_information" time="0.001" /><testcase classname="tests.test_agent_progress_reducer" name="test_terminal_progress_cannot_transition_again" time="0.001" /><testcase classname="tests.test_agent_progress_schemas" name="test_collecting_progress_accepts_minimum_next_tool" time="0.000" /><testcase classname="tests.test_agent_progress_schemas" name="test_success_record_can_add_new_information" time="0.000" /><testcase classname="tests.test_agent_progress_schemas" name="test_success_record_can_report_no_new_information" time="0.001" /><testcase classname="tests.test_agent_progress_schemas" name="test_new_information_flag_must_match_new_items" time="0.001" /><testcase classname="tests.test_agent_progress_schemas" name="test_non_success_record_cannot_add_information" time="0.001" /><testcase classname="tests.test_agent_progress_schemas" name="test_non_success_record_requires_error_code" time="0.000" /><testcase classname="tests.test_agent_progress_schemas" name="test_completed_progress_requires_full_coverage" time="0.001" /><testcase classname="tests.test_agent_progress_schemas" name="test_ready_to_finish_requires_all_capabilities" time="0.001" /><testcase classname="tests.test_agent_progress_schemas" name="test_ready_to_finish_rejects_incomplete_capabilities" time="0.001" /><testcase classname="tests.test_agent_progress_schemas" name="test_partial_progress_requires_completed_capability_and_gap" time="0.000" /><testcase classname="tests.test_agent_progress_schemas" name="test_abstained_progress_requires_missing_information" time="0.001" /><testcase classname="tests.test_agent_progress_schemas" name="test_conflicting_sources_require_human_review" time="0.001" /><testcase classname="tests.test_agent_progress_schemas" name="test_failed_progress_requires_runtime_failure_reason" time="0.000" /><testcase classname="tests.test_agent_progress_schemas" name="test_completed_capabilities_must_be_required" time="0.001" /><testcase classname="tests.test_agent_progress_schemas" name="test_completed_state_rejects_incomplete_capabilities" time="0.001" /><testcase classname="tests.test_agent_progress_schemas" name="test_completed_state_rejects_missing_information" time="0.001" /><testcase classname="tests.test_agent_progress_schemas" name="test_partial_state_requires_missing_information" time="0.001" /><testcase classname="tests.test_agent_progress_schemas" name="test_terminal_state_cannot_allow_more_tools" time="0.000" /><testcase classname="tests.test_agent_progress_schemas" name="test_collecting_state_requires_next_tool" time="0.000" /><testcase classname="tests.test_agent_progress_schemas" name="test_collecting_state_rejects_fully_completed_capabilities" time="0.000" /><testcase classname="tests.test_agent_progress_schemas" name="test_collecting_state_requires_every_incomplete_tool" time="0.001" /><testcase classname="tests.test_agent_progress_schemas" name="test_tool_record_steps_must_be_continuous" time="0.001" /><testcase classname="tests.test_agent_progress_schemas" name="test_source_summary_must_match_tool_records" time="0.001" /><testcase classname="tests.test_agent_progress_schemas" name="test_evidence_summary_must_match_tool_records" time="0.001" /><testcase classname="tests.test_agent_progress_schemas" name="test_conflict_cannot_reference_unknown_source" time="0.001" /><testcase classname="tests.test_agent_progress_schemas" name="test_conflict_requires_human_review_state" time="0.001" /><testcase classname="tests.test_agent_progress_schemas" name="test_conflict_stop_reason_requires_conflict_record" time="0.001" /><testcase classname="tests.test_agent_progress_schemas" name="test_next_tools_cannot_exceed_required_capabilities" time="0.000" /><testcase classname="tests.test_agent_progress_schemas" name="test_next_tools_must_use_stable_order" time="0.000" /><testcase classname="tests.test_agent_progress_schemas" name="test_progress_summary_rejects_duplicate_items" time="0.001" /><testcase classname="tests.test_agent_runner" name="test_canonical_signature_ignores_call_id_and_key_order" time="0.001" /><testcase classname="tests.test_agent_runner" name="test_canonical_signature_changes_with_arguments" time="0.001" /><testcase classname="tests.test_agent_runner" name="test_canonical_signature_requires_tool_call" time="0.000" /><testcase classname="tests.test_agent_runner" name="test_canonical_signature_rejects_non_json_arguments" time="0.000" /><testcase classname="tests.test_agent_runner" name="test_runner_requires_async_planner" time="0.000" /><testcase classname="tests.test_agent_runner" name="test_runner_requires_tool_executor" time="0.000" /><testcase classname="tests.test_agent_runner" name="test_runner_rejects_non_integer_max_steps[True]" time="0.001" /><testcase classname="tests.test_agent_runner" name="test_runner_rejects_non_integer_max_steps[1.5]" time="0.001" /><testcase classname="tests.test_agent_runner" name="test_runner_rejects_non_integer_max_steps[5]" time="0.000" /><testcase classname="tests.test_agent_runner" name="test_runner_rejects_out_of_range_max_steps[0]" time="0.001" /><testcase classname="tests.test_agent_runner" name="test_runner_rejects_out_of_range_max_steps[21]" time="0.001" /><testcase classname="tests.test_agent_runner" name="test_runner_rejects_non_numeric_planner_timeout[True]" time="0.001" /><testcase classname="tests.test_agent_runner" name="test_runner_rejects_non_numeric_planner_timeout[30]" time="0.000" /><testcase classname="tests.test_agent_runner" name="test_runner_rejects_non_numeric_planner_timeout[None]" time="0.001" /><testcase classname="tests.test_agent_runner" name="test_runner_rejects_out_of_range_planner_timeout[0]" time="0.001" /><testcase classname="tests.test_agent_runner" name="test_runner_rejects_out_of_range_planner_timeout[-1]" time="0.001" /><testcase classname="tests.test_agent_runner" name="test_runner_rejects_out_of_range_planner_timeout[121]" time="0.001" /><testcase classname="tests.test_agent_runner" name="test_runner_rejects_out_of_range_planner_timeout[nan]" time="0.001" /><testcase classname="tests.test_agent_runner" name="test_runner_rejects_out_of_range_planner_timeout[inf]" time="0.001" /><testcase classname="tests.test_agent_runner" name="test_runner_rejects_non_integer_failure_limit[True]" time="0.001" /><testcase classname="tests.test_agent_runner" name="test_runner_rejects_non_integer_failure_limit[1.5]" time="0.001" /><testcase classname="tests.test_agent_runner" name="test_runner_rejects_non_integer_failure_limit[2]" time="0.000" /><testcase classname="tests.test_agent_runner" name="test_runner_rejects_out_of_range_failure_limit[0]" time="0.001" /><testcase classname="tests.test_agent_runner" name="test_runner_rejects_out_of_range_failure_limit[21]" time="0.001" /><testcase classname="tests.test_agent_runner" name="test_runner_can_finish_without_tool_call" time="0.003" /><testcase classname="tests.test_agent_runner" name="test_single_tool_trajectory_finishes_after_observation" time="0.002" /><testcase classname="tests.test_agent_runner" name="test_request_scope_filters_planner_tool_schemas" time="0.002" /><testcase classname="tests.test_agent_runner" name="test_draft_workflow_keeps_search_until_draft_succeeds" time="0.003" /><testcase classname="tests.test_agent_runner" name="test_non_draft_workflow_keeps_multi_search_available" time="0.002" /><testcase classname="tests.test_agent_runner" name="test_request_scope_rejects_hidden_tool_at_execution" time="0.026" /><testcase classname="tests.test_agent_runner" name="test_request_scope_rejects_invalid_values" time="0.002" /><testcase classname="tests.test_agent_runner" name="test_two_step_trajectory_chains_search_and_telemetry" time="0.002" /><testcase classname="tests.test_agent_runner" name="test_reretrieval_trajectory_uses_new_query" time="0.002" /><testcase classname="tests.test_agent_runner" name="test_empty_result_is_observed_before_finish" time="0.002" /><testcase classname="tests.test_agent_runner" name="test_two_consecutive_empty_results_abort" time="0.058" /><testcase classname="tests.test_agent_runner" name="test_success_resets_consecutive_failure_counter" time="0.003" /><testcase classname="tests.test_agent_runner" name="test_single_tool_timeout_can_be_observed_and_finished" time="0.019" /><testcase classname="tests.test_agent_runner" name="test_tool_blocked_aborts_immediately" time="0.002" /><testcase classname="tests.test_agent_runner" name="test_unknown_tool_rejection_is_observed" time="0.002" /><testcase classname="tests.test_agent_runner" name="test_prompt_injection_cannot_expand_tool_allowlist" time="0.002" /><testcase classname="tests.test_agent_runner" name="test_max_steps_blocks_next_tool_before_execution" time="0.002" /><testcase classname="tests.test_agent_runner" name="test_duplicate_call_id_aborts_before_second_execution" time="0.002" /><testcase classname="tests.test_agent_runner" name="test_duplicate_signature_aborts_with_new_call_id" time="0.021" /><testcase classname="tests.test_agent_runner" name="test_planner_input_mutation_cannot_pollute_runner_history" time="0.003" /><testcase classname="tests.test_agent_runner" name="test_runner_aborts_on_invalid_planner_return_type" time="0.002" /><testcase classname="tests.test_agent_runner" name="test_planner_timeout_returns_stable_abort" time="0.023" /><testcase classname="tests.test_agent_runner" name="test_planner_timeout_preserves_completed_interaction" time="0.015" /><testcase classname="tests.test_agent_runner" name="test_provider_timeout_error_returns_planner_timeout" time="0.002" /><testcase classname="tests.test_agent_runner" name="test_invalid_llm_response_error_returns_invalid_response" time="0.002" /><testcase classname="tests.test_agent_runner" name="test_planner_exception_is_sanitized" time="0.026" /><testcase classname="tests.test_agent_runner" name="test_non_json_tool_arguments_abort_before_execution" time="0.015" /><testcase classname="tests.test_agent_runner" name="test_external_cancellation_propagates_from_runner" time="0.002" /><testcase classname="tests.test_agent_runner" name="test_runner_requires_string_task" time="0.002" /><testcase classname="tests.test_agent_runner" name="test_runner_rejects_blank_task_before_planning" time="0.002" /><testcase classname="tests.test_agent_runner_progress" name="test_runner_records_success_and_finishes_progress" time="0.002" /><testcase classname="tests.test_agent_runner_progress" name="test_runner_corrects_premature_completed_claim" time="0.001" /><testcase classname="tests.test_agent_runner_progress" name="test_runner_blocks_duplicate_query_before_executor" time="0.019" /><testcase classname="tests.test_agent_runner_progress" name="test_runner_blocks_tool_outside_progress_scope" time="0.002" /><testcase classname="tests.test_agent_runner_progress" name="test_runner_failure_converts_active_progress_to_failed" time="0.001" /><testcase classname="tests.test_agent_runner_progress" name="test_runner_rejects_scope_progress_mismatch" time="0.001" /><testcase classname="tests.test_agent_runner_progress" name="test_runner_blocks_reused_call_id_with_new_arguments" time="0.002" /><testcase classname="tests.test_agent_runtime_schemas" name="test_completed_result_accepts_planner_finish_fields" time="0.000" /><testcase classname="tests.test_agent_runtime_schemas" name="test_insufficient_information_can_still_finish_loop" time="0.000" /><testcase classname="tests.test_agent_runtime_schemas" name="test_completed_result_rejects_abort_reason[max_steps_reached]" time="0.000" /><testcase classname="tests.test_agent_runtime_schemas" name="test_completed_result_rejects_abort_reason[duplicate_tool_call]" time="0.000" /><testcase classname="tests.test_agent_runtime_schemas" name="test_completed_result_requires_finish_reason" time="0.000" /><testcase classname="tests.test_agent_runtime_schemas" name="test_completed_result_requires_final_message" time="0.000" /><testcase classname="tests.test_agent_runtime_schemas" name="test_aborted_result_accepts_supported_reason[max_steps_reached]" time="0.000" /><testcase classname="tests.test_agent_runtime_schemas" name="test_aborted_result_accepts_supported_reason[duplicate_tool_call]" time="0.000" /><testcase classname="tests.test_agent_runtime_schemas" name="test_aborted_result_accepts_supported_reason[planner_timeout]" time="0.000" /><testcase classname="tests.test_agent_runtime_schemas" name="test_aborted_result_accepts_supported_reason[planner_error]" time="0.000" /><testcase classname="tests.test_agent_runtime_schemas" name="test_aborted_result_accepts_supported_reason[invalid_planner_response]" time="0.000" /><testcase classname="tests.test_agent_runtime_schemas" name="test_aborted_result_accepts_supported_reason[tool_failure_limit_reached]" time="0.000" /><testcase classname="tests.test_agent_runtime_schemas" name="test_aborted_result_accepts_supported_reason[tool_policy_violation]" time="0.000" /><testcase classname="tests.test_agent_runtime_schemas" name="test_aborted_result_rejects_planner_finished_reason" time="0.000" /><testcase classname="tests.test_agent_runtime_schemas" name="test_aborted_result_rejects_planner_final_fields" time="0.000" /><testcase classname="tests.test_agent_runtime_schemas" name="test_aborted_result_requires_missing_information" time="0.000" /><testcase classname="tests.test_agent_runtime_schemas" name="test_missing_information_must_be_unique" time="0.000" /><testcase classname="tests.test_agent_runtime_schemas" name="test_task_completed_rejects_missing_information" time="0.001" /><testcase classname="tests.test_agent_runtime_schemas" name="test_insufficient_information_can_preserve_missing_items" time="0.000" /><testcase classname="tests.test_agent_runtime_schemas" name="test_result_rejects_undeclared_field" time="0.001" /><testcase classname="tests.test_agent_runtime_schemas" name="test_result_rejects_more_than_twenty_interactions" time="0.001" /><testcase classname="tests.test_agent_tool_definition" name="test_agent_lifecycle_state_accepts_documented_values[received]" time="0.001" /><testcase classname="tests.test_agent_tool_definition" name="test_agent_lifecycle_state_accepts_documented_values[planning]" time="0.001" /><testcase classname="tests.test_agent_tool_definition" name="test_agent_lifecycle_state_accepts_documented_values[tool_running]" time="0.001" /><testcase classname="tests.test_agent_tool_definition" name="test_agent_lifecycle_state_accepts_documented_values[observing]" time="0.001" /><testcase classname="tests.test_agent_tool_definition" name="test_agent_lifecycle_state_accepts_documented_values[completed]" time="0.001" /><testcase classname="tests.test_agent_tool_definition" name="test_agent_lifecycle_state_accepts_documented_values[aborted]" time="0.001" /><testcase classname="tests.test_agent_tool_definition" name="test_agent_lifecycle_state_rejects_unknown_value" time="0.001" /><testcase classname="tests.test_agent_tool_definition" name="test_tool_definition_accepts_valid_contract" time="0.000" /><testcase classname="tests.test_agent_tool_definition" name="test_tool_definition_builds_openai_schema" time="0.001" /><testcase classname="tests.test_agent_tool_definition" name="test_tool_definition_rejects_invalid_name[ab]" time="0.001" /><testcase classname="tests.test_agent_tool_definition" name="test_tool_definition_rejects_invalid_name[Search_Knowledge]" time="0.001" /><testcase classname="tests.test_agent_tool_definition" name="test_tool_definition_rejects_invalid_name[search-knowledge]" time="0.000" /><testcase classname="tests.test_agent_tool_definition" name="test_tool_definition_rejects_invalid_name[1search_knowledge]" time="0.001" /><testcase classname="tests.test_agent_tool_definition" name="test_tool_definition_rejects_invalid_name[search knowledge]" time="0.000" /><testcase classname="tests.test_agent_tool_definition" name="test_tool_definition_rejects_invalid_timeout[-1]" time="0.001" /><testcase classname="tests.test_agent_tool_definition" name="test_tool_definition_rejects_invalid_timeout[0]" time="0.000" /><testcase classname="tests.test_agent_tool_definition" name="test_tool_definition_rejects_invalid_timeout[120.1]" time="0.001" /><testcase classname="tests.test_agent_tool_definition" name="test_tool_definition_rejects_unknown_risk_level" time="0.000" /><testcase classname="tests.test_agent_tool_definition" name="test_tool_definition_requires_pydantic_model_classes[input_model]" time="0.001" /><testcase classname="tests.test_agent_tool_definition" name="test_tool_definition_requires_pydantic_model_classes[output_model]" time="0.001" /><testcase classname="tests.test_agent_tool_definition" name="test_tool_definition_rejects_extra_field" time="0.000" /><testcase classname="tests.test_agent_tool_definition" name="test_tool_definition_is_frozen_after_creation" time="0.000" /><testcase classname="tests.test_agent_tool_definition" name="test_tool_call_accepts_structured_request" time="0.000" /><testcase classname="tests.test_agent_tool_definition" name="test_tool_call_rejects_non_object_arguments" time="0.000" /><testcase classname="tests.test_agent_tool_definition" name="test_tool_call_rejects_extra_top_level_field" time="0.001" /><testcase classname="tests.test_agent_tool_definition" name="test_tool_call_is_frozen_after_creation" time="0.001" /><testcase classname="tests.test_agent_tool_definition" name="test_tool_execution_result_accepts_success" time="0.000" /><testcase classname="tests.test_agent_tool_definition" name="test_tool_execution_result_accepts_documented_failure_shape[empty-empty_result]" time="0.001" /><testcase classname="tests.test_agent_tool_definition" name="test_tool_execution_result_accepts_documented_failure_shape[rejected-unknown_tool]" time="0.001" /><testcase classname="tests.test_agent_tool_definition" name="test_tool_execution_result_accepts_documented_failure_shape[rejected-invalid_tool_arguments]" time="0.001" /><testcase classname="tests.test_agent_tool_definition" name="test_tool_execution_result_accepts_documented_failure_shape[rejected-tool_blocked]" time="0.001" /><testcase classname="tests.test_agent_tool_definition" name="test_tool_execution_result_accepts_documented_failure_shape[rejected-duplicate_tool_call]" time="0.001" /><testcase classname="tests.test_agent_tool_definition" name="test_tool_execution_result_accepts_documented_failure_shape[timeout-tool_timeout]" time="0.001" /><testcase classname="tests.test_agent_tool_definition" name="test_tool_execution_result_accepts_documented_failure_shape[error-tool_execution_error]" time="0.001" /><testcase classname="tests.test_agent_tool_definition" name="test_tool_execution_result_accepts_documented_failure_shape[error-invalid_tool_output]" time="0.001" /><testcase classname="tests.test_agent_tool_definition" name="test_tool_execution_result_accepts_documented_failure_shape[timeout-vision_timeout]" time="0.001" /><testcase classname="tests.test_agent_tool_definition" name="test_tool_execution_result_accepts_documented_failure_shape[error-vision_upstream_error]" time="0.000" /><testcase classname="tests.test_agent_tool_definition" name="test_tool_execution_result_accepts_documented_failure_shape[error-invalid_vision_response]" time="0.000" /><testcase classname="tests.test_agent_tool_definition" name="test_success_result_requires_output" time="0.000" /><testcase classname="tests.test_agent_tool_definition" name="test_success_result_rejects_error_information[error_fields0]" time="0.001" /><testcase classname="tests.test_agent_tool_definition" name="test_success_result_rejects_error_information[error_fields1]" time="0.000" /><testcase classname="tests.test_agent_tool_definition" name="test_non_success_result_rejects_output" time="0.000" /><testcase classname="tests.test_agent_tool_definition" name="test_non_success_result_requires_error_code" time="0.000" /><testcase classname="tests.test_agent_tool_definition" name="test_non_success_result_requires_public_message" time="0.001" /><testcase classname="tests.test_agent_tool_definition" name="test_tool_execution_result_rejects_mismatched_error_code[empty-tool_timeout]" time="0.001" /><testcase classname="tests.test_agent_tool_definition" name="test_tool_execution_result_rejects_mismatched_error_code[timeout-empty_result]" time="0.001" /><testcase classname="tests.test_agent_tool_definition" name="test_tool_execution_result_rejects_mismatched_error_code[rejected-tool_execution_error]" time="0.001" /><testcase classname="tests.test_agent_tool_definition" name="test_tool_execution_result_rejects_mismatched_error_code[error-unknown_tool]" time="0.001" /><testcase classname="tests.test_agent_tool_definition" name="test_tool_execution_result_rejects_invalid_duration[-0.1]" time="0.001" /><testcase classname="tests.test_agent_tool_definition" name="test_tool_execution_result_rejects_invalid_duration[nan]" time="0.000" /><testcase classname="tests.test_agent_tool_definition" name="test_tool_execution_result_rejects_invalid_duration[inf]" time="0.000" /><testcase classname="tests.test_agent_tool_definition" name="test_tool_execution_result_rejects_invalid_duration[-inf]" time="0.000" /><testcase classname="tests.test_agent_tool_definition" name="test_tool_execution_result_rejects_extra_field" time="0.000" /><testcase classname="tests.test_agent_tool_definition" name="test_tool_execution_result_is_frozen" time="0.000" /><testcase classname="tests.test_agent_tool_dependencies" name="test_demo_record_factory_requires_datetime" time="0.000" /><testcase classname="tests.test_agent_tool_dependencies" name="test_demo_record_factory_rejects_naive_datetime" time="0.000" /><testcase classname="tests.test_agent_tool_dependencies" name="test_demo_records_have_unique_ids_and_shared_observation_time" time="0.000" /><testcase classname="tests.test_agent_tool_dependencies" name="test_demo_records_preserve_documented_scenario_semantics" time="0.000" /><testcase classname="tests.test_agent_tool_dependencies" name="test_demo_store_factory_indexes_all_records" time="0.000" /><testcase classname="tests.test_agent_tool_dependencies" name="test_telemetry_dependency_reuses_one_process_local_store" time="0.000" /><testcase classname="tests.test_agent_tool_dependencies" name="test_agent_registry_dependency_registers_exact_allowlist" time="0.000" /><testcase classname="tests.test_agent_tool_dependencies" name="test_registry_shares_request_evidence_store_between_tools" time="0.000" /><testcase classname="tests.test_agent_tool_dependencies" name="test_registry_binds_request_vision_dependencies" time="0.000" /><testcase classname="tests.test_agent_tool_dependencies" name="test_confirmed_evidence_dependency_is_request_scoped" time="0.000" /><testcase classname="tests.test_agent_tool_dependencies" name="test_vision_input_dependency_is_request_scoped" time="0.001" /><testcase classname="tests.test_agent_tool_dependencies" name="test_system_clock_dependency_returns_fresh_utc_clock" time="0.000" /><testcase classname="tests.test_agent_tool_dependencies" name="test_agent_registry_builds_five_openai_tool_schemas" time="0.001" /><testcase classname="tests.test_agent_tool_dependencies" name="test_agent_executor_dependency_wraps_supplied_registry" time="0.000" /><testcase classname="tests.test_agent_tool_dependencies" name="test_dependency_assembled_executor_reads_demo_telemetry" time="0.002" /><testcase classname="tests.test_agent_tool_dependencies" name="test_dependency_assembled_executor_reads_current_time" time="0.026" /><testcase classname="tests.test_agent_tool_dependencies" name="test_dependency_assembled_search_tool_uses_fake_service" time="0.002" /><testcase classname="tests.test_agent_tool_dependencies" name="test_agent_planner_dependency_uses_injected_client_and_model" time="0.002" /><testcase classname="tests.test_agent_tool_dependencies" name="test_agent_runner_dependency_connects_real_planner_and_executor" time="0.003" /><testcase classname="tests.test_agent_tool_dependencies" name="test_agent_diagnosis_service_dependency_connects_request_components" time="0.004" /><testcase classname="tests.test_agent_tool_executor" name="test_executor_requires_registry_instance" time="0.000" /><testcase classname="tests.test_agent_tool_executor" name="test_executor_exposes_registered_tool_schemas" time="0.001" /><testcase classname="tests.test_agent_tool_executor" name="test_executor_returns_fresh_tool_schema_snapshot" time="0.001" /><testcase classname="tests.test_agent_tool_executor" name="test_execute_requires_tool_call_instance" time="0.002" /><testcase classname="tests.test_agent_tool_executor" name="test_unknown_tool_returns_rejected_result" time="0.001" /><testcase classname="tests.test_agent_tool_executor" name="test_request_scope_blocks_registered_tool_before_handler" time="0.001" /><testcase classname="tests.test_agent_tool_executor" name="test_request_scope_requires_immutable_frozenset" time="0.001" /><testcase classname="tests.test_agent_tool_executor" name="test_success_validates_input_and_output" time="0.001" /><testcase classname="tests.test_agent_tool_executor" name="test_invalid_arguments_do_not_call_handler" time="0.001" /><testcase classname="tests.test_agent_tool_executor" name="test_none_output_becomes_empty_result" time="0.001" /><testcase classname="tests.test_agent_tool_executor" name="test_handler_timeout_returns_stable_result" time="0.021" /><testcase classname="tests.test_agent_tool_executor" name="test_handler_exception_is_sanitized" time="0.002" /><testcase classname="tests.test_agent_tool_executor" name="test_invalid_handler_output_returns_error" time="0.013" /><testcase classname="tests.test_agent_tool_executor" name="test_runtime_validation_accepts_valid_dictionary_output" time="0.001" /><testcase classname="tests.test_agent_tool_executor" name="test_output_is_serialized_in_json_mode" time="0.001" /><testcase classname="tests.test_agent_tool_executor" name="test_executor_blocks_unsafe_definition_defensively" time="0.001" /><testcase classname="tests.test_agent_tool_executor" name="test_external_cancellation_propagates" time="0.001" /><testcase classname="tests.test_agent_tool_policy_schemas" name="test_continue_decision_accepts_minimal_matching_tools" time="0.000" /><testcase classname="tests.test_agent_tool_policy_schemas" name="test_abstained_decision_accepts_missing_image" time="0.000" /><testcase classname="tests.test_agent_tool_policy_schemas" name="test_human_review_decision_accepts_high_risk_request" time="0.000" /><testcase classname="tests.test_agent_tool_policy_schemas" name="test_human_review_accepts_untrusted_action_reason_codes[external_link_action_detected]" time="0.000" /><testcase classname="tests.test_agent_tool_policy_schemas" name="test_human_review_accepts_untrusted_action_reason_codes[untrusted_instruction_execution_detected]" time="0.000" /><testcase classname="tests.test_agent_tool_policy_schemas" name="test_unknown_tool_name_is_rejected" time="0.000" /><testcase classname="tests.test_agent_tool_policy_schemas" name="test_unknown_capability_is_rejected" time="0.000" /><testcase classname="tests.test_agent_tool_policy_schemas" name="test_tuple_fields_reject_duplicate_items[required_capabilities-vision_observation]" time="0.000" /><testcase classname="tests.test_agent_tool_policy_schemas" name="test_tuple_fields_reject_duplicate_items[allowed_tool_names-analyze_robot_image]" time="0.000" /><testcase classname="tests.test_agent_tool_policy_schemas" name="test_tuple_fields_reject_duplicate_items[reason_codes-vision_observation_required]" time="0.000" /><testcase classname="tests.test_agent_tool_policy_schemas" name="test_tuple_fields_reject_duplicate_items[missing_information-\u7f3a\u5c11\u73b0\u573a\u56fe\u7247]" time="0.001" /><testcase classname="tests.test_agent_tool_policy_schemas" name="test_allowed_tools_reject_unstable_order" time="0.000" /><testcase classname="tests.test_agent_tool_policy_schemas" name="test_continue_rejects_tools_that_do_not_match_capabilities[allowed_tool_names0]" time="0.000" /><testcase classname="tests.test_agent_tool_policy_schemas" name="test_continue_rejects_tools_that_do_not_match_capabilities[allowed_tool_names1]" time="0.000" /><testcase classname="tests.test_agent_tool_policy_schemas" name="test_continue_requires_at_least_one_capability" time="0.000" /><testcase classname="tests.test_agent_tool_policy_schemas" name="test_continue_rejects_public_message" time="0.000" /><testcase classname="tests.test_agent_tool_policy_schemas" name="test_continue_rejects_missing_information" time="0.000" /><testcase classname="tests.test_agent_tool_policy_schemas" name="test_early_termination_rejects_allowed_tools" time="0.000" /><testcase classname="tests.test_agent_tool_policy_schemas" name="test_early_termination_requires_public_message" time="0.000" /><testcase classname="tests.test_agent_tool_policy_schemas" name="test_early_termination_requires_missing_information" time="0.000" /><testcase classname="tests.test_agent_tool_policy_schemas" name="test_extra_field_is_rejected" time="0.000" /><testcase classname="tests.test_agent_tool_policy_schemas" name="test_capability_mapping_covers_every_tool_in_order" time="0.000" /><testcase classname="tests.test_agent_tool_registry" name="test_empty_registry_exposes_empty_snapshots" time="0.000" /><testcase classname="tests.test_agent_tool_registry" name="test_registry_registers_async_function" time="0.000" /><testcase classname="tests.test_agent_tool_registry" name="test_registry_accepts_async_callable_object" time="0.000" /><testcase classname="tests.test_agent_tool_registry" name="test_registry_preserves_registration_order" time="0.001" /><testcase classname="tests.test_agent_tool_registry" name="test_registry_schema_list_is_a_fresh_snapshot" time="0.001" /><testcase classname="tests.test_agent_tool_registry" name="test_registry_rejects_duplicate_name_without_replacement" time="0.000" /><testcase classname="tests.test_agent_tool_registry" name="test_registry_rejects_non_definition_object" time="0.000" /><testcase classname="tests.test_agent_tool_registry" name="test_registry_rejects_non_async_handler[fake_sync_handler]" time="0.000" /><testcase classname="tests.test_agent_tool_registry" name="test_registry_rejects_non_async_handler[invalid_handler1]" time="0.000" /><testcase classname="tests.test_agent_tool_registry" name="test_registry_rejects_writable_tool" time="0.000" /><testcase classname="tests.test_agent_tool_registry" name="test_registry_rejects_high_risk_tool_even_if_read_only" time="0.000" /><testcase classname="tests.test_agent_tool_registry" name="test_registry_accepts_read_only_medium_risk_draft_tool" time="0.000" /><testcase classname="tests.test_agent_tool_registry" name="test_registry_lookup_is_exact" time="0.001" /><testcase classname="tests.test_agent_tool_registry" name="test_registered_tool_is_frozen" time="0.000" /><testcase classname="tests.test_agent_vision_input_store" name="test_new_store_is_empty" time="0.000" /><testcase classname="tests.test_agent_vision_input_store" name="test_register_returns_same_validated_input" time="0.000" /><testcase classname="tests.test_agent_vision_input_store" name="test_reference_is_normalized_on_register_and_get" time="0.000" /><testcase classname="tests.test_agent_vision_input_store" name="test_multiple_references_remain_independent" time="0.000" /><testcase classname="tests.test_agent_vision_input_store" name="test_duplicate_reference_cannot_replace_original" time="0.000" /><testcase classname="tests.test_agent_vision_input_store" name="test_register_rejects_invalid_reference_format[../robot.png]" time="0.000" /><testcase classname="tests.test_agent_vision_input_store" name="test_register_rejects_invalid_reference_format[https://example.com/robot.png]" time="0.000" /><testcase classname="tests.test_agent_vision_input_store" name="test_register_rejects_invalid_reference_format[robot-without-prefix]" time="0.000" /><testcase classname="tests.test_agent_vision_input_store" name="test_store_rejects_non_string_reference" time="0.000" /><testcase classname="tests.test_agent_vision_input_store" name="test_register_rejects_non_vision_input[invalid_input0]" time="0.000" /><testcase classname="tests.test_agent_vision_input_store" name="test_register_rejects_non_vision_input[raw-image-bytes]" time="0.000" /><testcase classname="tests.test_agent_vision_input_store" name="test_register_rejects_non_vision_input[base64-image-content]" time="0.000" /><testcase classname="tests.test_agent_vision_input_store" name="test_two_store_instances_do_not_share_images" time="0.000" /><testcase classname="tests.test_analyze_robot_image_tool" name="test_definition_exposes_only_safe_arguments" time="0.001" /><testcase classname="tests.test_analyze_robot_image_tool" name="test_handler_rejects_synchronous_provider" time="0.000" /><testcase classname="tests.test_analyze_robot_image_tool" name="test_handler_rejects_non_request_store" time="0.000" /><testcase classname="tests.test_analyze_robot_image_tool" name="test_handler_uses_tool_goal_without_mutating_store" time="0.002" /><testcase classname="tests.test_analyze_robot_image_tool" name="test_handler_retries_once_after_recoverable_error[timeout]" time="0.002" /><testcase classname="tests.test_analyze_robot_image_tool" name="test_handler_retries_once_after_recoverable_error[upstream-error]" time="0.001" /><testcase classname="tests.test_analyze_robot_image_tool" name="test_handler_retries_once_after_recoverable_error[invalid-response]" time="0.001" /><testcase classname="tests.test_analyze_robot_image_tool" name="test_handler_stops_after_retry_budget_is_exhausted" time="0.001" /><testcase classname="tests.test_analyze_robot_image_tool" name="test_handler_does_not_retry_non_recoverable_error" time="0.001" /><testcase classname="tests.test_analyze_robot_image_tool" name="test_unknown_image_returns_none_without_provider_call" time="0.001" /><testcase classname="tests.test_analyze_robot_image_tool" name="test_handler_rejects_unrelated_input_model" time="0.001" /><testcase classname="tests.test_analyze_robot_image_tool" name="test_prompt_injection_is_reported_not_executed" time="0.001" /><testcase classname="tests.test_analyze_robot_image_tool" name="test_high_risk_visual_content_requires_human_check" time="0.001" /><testcase classname="tests.test_analyze_robot_image_tool" name="test_unusable_image_preserves_empty_observation_reason" time="0.001" /><testcase classname="tests.test_analyze_robot_image_tool" name="test_handler_rejects_non_observation_output" time="0.001" /><testcase classname="tests.test_analyze_robot_image_tool" name="test_handler_rejects_mismatched_image_digest" time="0.001" /><testcase classname="tests.test_analyze_robot_image_tool" name="test_executor_returns_serializable_success_output" time="0.002" /><testcase classname="tests.test_analyze_robot_image_tool" name="test_executor_maps_unknown_image_to_empty" time="0.002" /><testcase classname="tests.test_analyze_robot_image_tool" name="test_executor_rejects_invalid_arguments_before_provider[path-reference]" time="0.002" /><testcase classname="tests.test_analyze_robot_image_tool" name="test_executor_rejects_invalid_arguments_before_provider[extra-command]" time="0.002" /><testcase classname="tests.test_analyze_robot_image_tool" name="test_executor_rejects_invalid_arguments_before_provider[blank-goal]" time="0.002" /><testcase classname="tests.test_analyze_robot_image_tool" name="test_executor_maps_provider_exception_to_safe_error" time="0.002" /><testcase classname="tests.test_analyze_robot_image_tool" name="test_executor_preserves_safe_vision_failure_reason[vision-timeout]" time="0.002" /><testcase classname="tests.test_analyze_robot_image_tool" name="test_executor_preserves_safe_vision_failure_reason[vision-upstream]" time="0.002" /><testcase classname="tests.test_analyze_robot_image_tool" name="test_executor_preserves_safe_vision_failure_reason[invalid-vision-response]" time="0.002" /><testcase classname="tests.test_analyze_robot_image_tool_schemas" name="test_valid_input_strips_outer_whitespace" time="0.000" /><testcase classname="tests.test_analyze_robot_image_tool_schemas" name="test_input_rejects_blank_required_text[image_ref-   ]" time="0.001" /><testcase classname="tests.test_analyze_robot_image_tool_schemas" name="test_input_rejects_blank_required_text[analysis_goal-   ]" time="0.001" /><testcase classname="tests.test_analyze_robot_image_tool_schemas" name="test_input_rejects_path_url_or_invalid_reference[C:/private/robot.png]" time="0.001" /><testcase classname="tests.test_analyze_robot_image_tool_schemas" name="test_input_rejects_path_url_or_invalid_reference[https://example.com/robot.png]" time="0.001" /><testcase classname="tests.test_analyze_robot_image_tool_schemas" name="test_input_rejects_path_url_or_invalid_reference[../robot.png]" time="0.001" /><testcase classname="tests.test_analyze_robot_image_tool_schemas" name="test_input_rejects_path_url_or_invalid_reference[robot-image-without-prefix]" time="0.001" /><testcase classname="tests.test_analyze_robot_image_tool_schemas" name="test_input_rejects_unregistered_fields[extra_arguments0]" time="0.001" /><testcase classname="tests.test_analyze_robot_image_tool_schemas" name="test_input_rejects_unregistered_fields[extra_arguments1]" time="0.001" /><testcase classname="tests.test_analyze_robot_image_tool_schemas" name="test_input_rejects_unregistered_fields[extra_arguments2]" time="0.001" /><testcase classname="tests.test_analyze_robot_image_tool_schemas" name="test_prompt_injection_text_is_preserved_as_data" time="0.000" /><testcase classname="tests.test_analyze_robot_image_tool_schemas" name="test_json_schema_exposes_only_two_arguments" time="0.001" /><testcase classname="tests.test_api_contract" name="test_health_check" time="0.004" /><testcase classname="tests.test_api_contract" name="test_invalid_triage_request_returns_422[missing-robot-id]" time="0.008" /><testcase classname="tests.test_api_contract" name="test_invalid_triage_request_returns_422[blank-symptom]" time="0.004" /><testcase classname="tests.test_api_contract" name="test_invalid_triage_request_returns_422[log-too-long]" time="0.004" /><testcase classname="tests.test_api_contract" name="test_invalid_triage_request_returns_422[extra-field]" time="0.004" /><testcase classname="tests.test_bare_llm" name="test_messages_contain_only_rules_and_question" time="0.000" /><testcase classname="tests.test_bare_llm" name="test_messages_reject_blank_question" time="0.001" /><testcase classname="tests.test_bare_llm" name="test_provider_returns_answer_and_latency" time="0.004" /><testcase classname="tests.test_bare_llm" name="test_provider_rejects_blank_model" time="0.001" /><testcase classname="tests.test_bare_llm" name="test_provider_converts_sdk_timeout" time="0.003" /><testcase classname="tests.test_bare_llm" name="test_provider_converts_connection_error" time="0.024" /><testcase classname="tests.test_bare_llm" name="test_provider_rejects_empty_choices" time="0.003" /><testcase classname="tests.test_bare_llm" name="test_provider_rejects_empty_content" time="0.003" /><testcase classname="tests.test_build_multimodal_offline_fixtures" name="test_build_all_fixtures_covers_exactly_thirty_scenarios" time="0.002" /><testcase classname="tests.test_build_multimodal_offline_fixtures" name="test_generated_fixture_parts_match_planner_calls" time="0.001" /><testcase classname="tests.test_build_multimodal_offline_fixtures" name="test_preterminated_fixtures_do_not_fake_external_calls[multimodal-agent-017]" time="0.000" /><testcase classname="tests.test_build_multimodal_offline_fixtures" name="test_preterminated_fixtures_do_not_fake_external_calls[multimodal-agent-018]" time="0.000" /><testcase classname="tests.test_build_multimodal_offline_fixtures" name="test_preterminated_fixtures_do_not_fake_external_calls[multimodal-agent-027]" time="0.000" /><testcase classname="tests.test_build_multimodal_offline_fixtures" name="test_preterminated_fixtures_do_not_fake_external_calls[multimodal-agent-028]" time="0.000" /><testcase classname="tests.test_build_multimodal_offline_fixtures" name="test_preterminated_fixtures_do_not_fake_external_calls[multimodal-agent-030]" time="0.000" /><testcase classname="tests.test_build_multimodal_offline_fixtures" name="test_dm260_completed_draft_requires_qualified_person" time="0.000" /><testcase classname="tests.test_build_multimodal_offline_fixtures" name="test_write_fixtures_is_deterministic_and_loader_compatible" time="0.007" /><testcase classname="tests.test_build_multimodal_offline_fixtures" name="test_parse_args_us
[...]
nt" name="test_get_vision_model_rejects_blank_name" time="0.002" /><testcase classname="tests.test_vision_client" name="test_get_vision_model_returns_cleaned_name" time="0.002" /><testcase classname="tests.test_vision_client" name="test_create_vision_client_passes_vision_configuration" time="0.002" /><testcase classname="tests.test_vision_client" name="test_create_vision_client_allows_default_base_url" time="0.002" /><testcase classname="tests.test_vision_client" name="test_vision_client_functions_reject_wrong_settings_type[create-client]" time="0.001" /><testcase classname="tests.test_vision_client" name="test_vision_client_functions_reject_wrong_settings_type[get-model]" time="0.001" /><testcase classname="tests.test_vision_configuration" name="test_vision_configuration_is_parsed" time="0.001" /><testcase classname="tests.test_vision_configuration" name="test_vision_configuration_uses_safe_defaults" time="0.001" /><testcase classname="tests.test_vision_configuration" name="test_vision_configuration_rejects_zero[byte-limit]" time="0.002" /><testcase classname="tests.test_vision_configuration" name="test_vision_configuration_rejects_zero[dimension-limit]" time="0.002" /><testcase classname="tests.test_vision_configuration" name="test_vision_configuration_rejects_zero[pixel-limit]" time="0.002" /><testcase classname="tests.test_vision_configuration" name="test_vision_configuration_rejects_zero[timeout]" time="0.002" /><testcase classname="tests.test_vision_configuration" name="test_vision_configuration_rejects_upper_limit_overflow[byte-absolute-limit]" time="0.002" /><testcase classname="tests.test_vision_configuration" name="test_vision_configuration_rejects_upper_limit_overflow[dimension-absolute-limit]" time="0.002" /><testcase classname="tests.test_vision_configuration" name="test_vision_configuration_rejects_upper_limit_overflow[pixel-absolute-limit]" time="0.002" /><testcase classname="tests.test_vision_configuration" name="test_vision_configuration_rejects_upper_limit_overflow[timeout-upper-limit]" time="0.002" /><testcase classname="tests.test_vision_dependencies" name="test_get_vision_client_yields_factory_result_and_closes_it" time="0.006" /><testcase classname="tests.test_vision_dependencies" name="test_get_vision_client_closes_client_when_downstream_fails" time="0.005" /><testcase classname="tests.test_vision_dependencies" name="test_get_vision_input_adapter_passes_resource_limits" time="0.002" /><testcase classname="tests.test_vision_dependencies" name="test_get_vision_provider_passes_client_model_and_timeout" time="0.002" /><testcase classname="tests.test_vision_error_mapping" name="test_vision_input_error_maps_to_safe_422_response" time="0.000" /><testcase classname="tests.test_vision_input" name="test_adapter_accepts_supported_static_images[jpeg]" time="0.002" /><testcase classname="tests.test_vision_input" name="test_adapter_accepts_supported_static_images[png]" time="0.001" /><testcase classname="tests.test_vision_input" name="test_adapter_accepts_supported_static_images[webp]" time="0.053" /><testcase classname="tests.test_vision_input" name="test_adapter_requires_payload_contract" time="0.001" /><testcase classname="tests.test_vision_input" name="test_adapter_rejects_zero_limits[byte-limit]" time="0.001" /><testcase classname="tests.test_vision_input" name="test_adapter_rejects_zero_limits[dimension-limit]" time="0.001" /><testcase classname="tests.test_vision_input" name="test_adapter_rejects_zero_limits[pixel-limit]" time="0.001" /><testcase classname="tests.test_vision_input" name="test_adapter_rejects_boolean_limits[byte-limit]" time="0.001" /><testcase classname="tests.test_vision_input" name="test_adapter_rejects_boolean_limits[dimension-limit]" time="0.001" /><testcase classname="tests.test_vision_input" name="test_adapter_rejects_boolean_limits[pixel-limit]" time="0.001" /><testcase classname="tests.test_vision_input" name="test_adapter_rejects_absolute_limit_overflow[byte-limit]" time="0.001" /><testcase classname="tests.test_vision_input" name="test_adapter_rejects_absolute_limit_overflow[dimension-limit]" time="0.001" /><testcase classname="tests.test_vision_input" name="test_adapter_rejects_absolute_limit_overflow[pixel-limit]" time="0.001" /><testcase classname="tests.test_vision_input" name="test_adapter_rejects_invalid_base64" time="0.001" /><testcase classname="tests.test_vision_input" name="test_empty_base64_is_rejected_before_adapter" time="0.001" /><testcase classname="tests.test_vision_input" name="test_byte_limit_is_checked_before_pillow" time="0.001" /><testcase classname="tests.test_vision_input" name="test_adapter_rejects_real_format_outside_allowlist" time="0.001" /><testcase classname="tests.test_vision_input" name="test_adapter_rejects_declared_mime_mismatch" time="0.002" /><testcase classname="tests.test_vision_input" name="test_adapter_rejects_dimension_limit_overflow" time="0.001" /><testcase classname="tests.test_vision_input" name="test_adapter_rejects_pixel_limit_overflow" time="0.001" /><testcase classname="tests.test_vision_input" name="test_adapter_rejects_truncated_image" time="0.001" /><testcase classname="tests.test_vision_input" name="test_adapter_rejects_animated_webp" time="0.001" /><testcase classname="tests.test_vision_input" name="test_adapter_converts_pillow_decompression_bomb_error" time="0.001" /><testcase classname="tests.test_vision_input" name="test_adapter_does_not_change_global_pillow_pixel_limit" time="0.001" /><testcase classname="tests.test_vision_observation_schemas" name="test_observation_item_strips_text_and_preserves_category" time="0.000" /><testcase classname="tests.test_vision_observation_schemas" name="test_visible_indicator_records_state_without_meaning" time="0.001" /><testcase classname="tests.test_vision_observation_schemas" name="test_completed_draft_accepts_visible_output" time="0.001" /><testcase classname="tests.test_vision_observation_schemas" name="test_partial_draft_requires_uncertainty_and_human_check" time="0.000" /><testcase classname="tests.test_vision_observation_schemas" name="test_unusable_draft_accepts_safe_refusal_shape" time="0.001" /><testcase classname="tests.test_vision_observation_schemas" name="test_partial_draft_rejects_incomplete_safety_state[missing-uncertain-items]" time="0.001" /><testcase classname="tests.test_vision_observation_schemas" name="test_partial_draft_rejects_incomplete_safety_state[missing-human-check]" time="0.001" /><testcase classname="tests.test_vision_observation_schemas" name="test_unusable_draft_rejects_inconsistent_content[quality-not-unusable]" time="0.001" /><testcase classname="tests.test_vision_observation_schemas" name="test_unusable_draft_rejects_inconsistent_content[contains-visible-output]" time="0.001" /><testcase classname="tests.test_vision_observation_schemas" name="test_unusable_draft_rejects_inconsistent_content[missing-uncertainty]" time="0.001" /><testcase classname="tests.test_vision_observation_schemas" name="test_usable_draft_requires_visible_output" time="0.001" /><testcase classname="tests.test_vision_observation_schemas" name="test_untrusted_text_flag_and_notes_must_match[flag-without-notes]" time="0.001" /><testcase classname="tests.test_vision_observation_schemas" name="test_untrusted_text_flag_and_notes_must_match[notes-without-flag]" time="0.001" /><testcase classname="tests.test_vision_observation_schemas" name="test_untrusted_text_requires_human_check" time="0.001" /><testcase classname="tests.test_vision_observation_schemas" name="test_human_check_flag_and_reasons_must_match[flag-without-reasons]" time="0.001" /><testcase classname="tests.test_vision_observation_schemas" name="test_human_check_flag_and_reasons_must_match[reasons-without-flag]" time="0.001" /><testcase classname="tests.test_vision_observation_schemas" name="test_low_confidence_output_requires_human_check" time="0.001" /><testcase classname="tests.test_vision_observation_schemas" name="test_duplicate_text_items_are_rejected" time="0.001" /><testcase classname="tests.test_vision_observation_schemas" name="test_model_draft_rejects_provider_owned_fields" time="0.001" /><testcase classname="tests.test_vision_observation_schemas" name="test_provider_can_bind_tracking_fields_to_draft" time="0.001" /><testcase classname="tests.test_vision_observation_schemas" name="test_final_observation_rejects_invalid_image_sha256[too-short]" time="0.001" /><testcase classname="tests.test_vision_observation_schemas" name="test_final_observation_rejects_invalid_image_sha256[uppercase]" time="0.001" /><testcase classname="tests.test_vision_observation_schemas" name="test_final_observation_rejects_invalid_image_sha256[non-hexadecimal]" time="0.001" /><testcase classname="tests.test_vision_prompts" name="test_prompt_version_is_stable" time="0.001" /><testcase classname="tests.test_vision_prompts" name="test_builder_requires_internal_vision_input" time="0.001" /><testcase classname="tests.test_vision_prompts" name="test_builder_creates_system_and_user_messages" time="0.001" /><testcase classname="tests.test_vision_prompts" name="test_user_message_contains_text_then_image" time="0.001" /><testcase classname="tests.test_vision_prompts" name="test_image_data_url_preserves_verified_bytes" time="0.001" /><testcase classname="tests.test_vision_prompts" name="test_builder_preserves_image_detail[auto]" time="0.001" /><testcase classname="tests.test_vision_prompts" name="test_builder_preserves_image_detail[low]" time="0.002" /><testcase classname="tests.test_vision_prompts" name="test_builder_preserves_image_detail[high]" time="0.001" /><testcase classname="tests.test_vision_prompts" name="test_request_context_contains_goal_and_metadata" time="0.001" /><testcase classname="tests.test_vision_prompts" name="test_malicious_goal_remains_data_not_message_structure" time="0.001" /><testcase classname="tests.test_vision_prompts" name="test_system_prompt_declares_vision_safety_boundary" time="0.000" /><testcase classname="tests.test_vision_prompts" name="test_prompt_example_matches_model_draft_schema" time="0.001" /><testcase classname="tests.test_vision_prompts" name="test_prompt_category_values_match_schema" time="0.001" /><testcase classname="tests.test_vision_provider" name="test_protocol_declares_async_analyze_image" time="0.000" /><testcase classname="tests.test_vision_provider" name="test_provider_rejects_non_string_model[none]" time="0.003" /><testcase classname="tests.test_vision_provider" name="test_provider_rejects_non_string_model[integer]" time="0.004" /><testcase classname="tests.test_vision_provider" name="test_provider_rejects_blank_model[empty]" time="0.003" /><testcase classname="tests.test_vision_provider" name="test_provider_rejects_blank_model[blank]" time="0.003" /><testcase classname="tests.test_vision_provider" name="test_provider_rejects_non_numeric_timeout[boolean]" time="0.002" /><testcase classname="tests.test_vision_provider" name="test_provider_rejects_non_numeric_timeout[string]" time="0.003" /><testcase classname="tests.test_vision_provider" name="test_provider_rejects_non_positive_or_non_finite_timeout[zero]" time="0.003" /><testcase classname="tests.test_vision_provider" name="test_provider_rejects_non_positive_or_non_finite_timeout[negative]" time="0.003" /><testcase classname="tests.test_vision_provider" name="test_provider_rejects_non_positive_or_non_finite_timeout[nan]" time="0.002" /><testcase classname="tests.test_vision_provider" name="test_provider_rejects_non_positive_or_non_finite_timeout[positive-infinity]" time="0.002" /><testcase classname="tests.test_vision_provider" name="test_provider_rejects_non_positive_or_non_finite_timeout[negative-infinity]" time="0.003" /><testcase classname="tests.test_vision_provider" name="test_provider_returns_tracked_observation" time="0.006" /><testcase classname="tests.test_vision_provider" name="test_parser_accepts_json_code_fence" time="0.001" /><testcase classname="tests.test_vision_provider" name="test_remove_code_fence_does_not_strip_plain_json" time="0.000" /><testcase classname="tests.test_vision_provider" name="test_parser_rejects_empty_content[none]" time="0.001" /><testcase classname="tests.test_vision_provider" name="test_parser_rejects_empty_content[empty]" time="0.001" /><testcase classname="tests.test_vision_provider" name="test_parser_rejects_empty_content[blank]" time="0.001" /><testcase classname="tests.test_vision_provider" name="test_parser_rejects_invalid_json" time="0.000" /><testcase classname="tests.test_vision_provider" name="test_parser_rejects_invalid_draft_schema" time="0.001" /><testcase classname="tests.test_vision_provider" name="test_provider_rejects_empty_choices" time="0.023" /><testcase classname="tests.test_vision_provider" name="test_provider_rejects_empty_assistant_content" time="0.006" /><testcase classname="tests.test_vision_provider" name="test_provider_converts_sdk_timeout" time="0.004" /><testcase classname="tests.test_vision_provider" name="test_provider_enforces_application_timeout" time="0.030" /><testcase classname="tests.test_vision_provider" name="test_provider_converts_connection_error" time="0.005" /><testcase classname="tests.test_vision_provider" name="test_provider_converts_api_status_error" time="0.005" /><testcase classname="tests.test_vision_provider" name="test_provider_does_not_hide_programming_error" time="0.006" /><testcase classname="tests.test_vision_provider" name="test_provider_rejects_non_vision_input_before_sdk" time="0.015" /><testcase classname="tests.test_vision_provider" name="test_public_observation_excludes_full_image" time="0.004" /><testcase classname="tests.test_vision_schemas" name="test_payload_accepts_supported_mime_types_and_defaults[jpeg]" time="0.001" /><testcase classname="tests.test_vision_schemas" name="test_payload_accepts_supported_mime_types_and_defaults[png]" time="0.001" /><testcase classname="tests.test_vision_schemas" name="test_payload_accepts_supported_mime_types_and_defaults[webp]" time="0.001" /><testcase classname="tests.test_vision_schemas" name="test_payload_redacts_base64_from_repr_and_dump" time="0.001" /><testcase classname="tests.test_vision_schemas" name="test_payload_rejects_data_url_prefix" time="0.001" /><testcase classname="tests.test_vision_schemas" name="test_payload_rejects_base64_whitespace[leading-space]" time="0.001" /><testcase classname="tests.test_vision_schemas" name="test_payload_rejects_base64_whitespace[embedded-space]" time="0.001" /><testcase classname="tests.test_vision_schemas" name="test_payload_rejects_base64_whitespace[trailing-newline]" time="0.001" /><testcase classname="tests.test_vision_schemas" name="test_payload_rejects_base64_whitespace[embedded-tab]" time="0.001" /><testcase classname="tests.test_vision_schemas" name="test_payload_rejects_unsupported_mime_types[gif]" time="0.001" /><testcase classname="tests.test_vision_schemas" name="test_payload_rejects_unsupported_mime_types[svg]" time="0.001" /><testcase classname="tests.test_vision_schemas" name="test_payload_rejects_unknown_fields" time="0.000" /><testcase classname="tests.test_vision_schemas" name="test_payload_rejects_unsupported_enum_values[unsupported-encoding]" time="0.001" /><testcase classname="tests.test_vision_schemas" name="test_payload_rejects_unsupported_enum_values[unsupported-detail]" time="0.001" /><testcase classname="tests.test_vision_schemas" name="test_metadata_accepts_matching_dimensions" time="0.000" /><testcase classname="tests.test_vision_schemas" name="test_metadata_rejects_mismatched_pixel_count" time="0.001" /><testcase classname="tests.test_vision_schemas" name="test_metadata_rejects_invalid_sha256_format[too-short]" time="0.001" /><testcase classname="tests.test_vision_schemas" name="test_metadata_rejects_invalid_sha256_format[uppercase]" time="0.001" /><testcase classname="tests.test_vision_schemas" name="test_metadata_rejects_invalid_sha256_format[non-hexadecimal]" time="0.001" /><testcase classname="tests.test_vision_schemas" name="test_metadata_rejects_absolute_limit_overflow[byte-limit]" time="0.001" /><testcase classname="tests.test_vision_schemas" name="test_metadata_rejects_absolute_limit_overflow[dimension-limit]" time="0.001" /><testcase classname="tests.test_vision_schemas" name="test_metadata_rejects_absolute_limit_overflow[pixel-limit]" time="0.001" /><testcase classname="tests.test_vision_schemas" name="test_vision_input_accepts_matching_bytes_and_metadata" time="0.001" /><testcase classname="tests.test_vision_schemas" name="test_vision_input_rejects_size_mismatch" time="0.001" /><testcase classname="tests.test_vision_schemas" name="test_vision_input_rejects_sha256_mismatch" time="0.001" /><testcase classname="tests.test_vision_schemas" name="test_validated_models_are_frozen" time="0.001" /><testcase classname="tests.test_visual_equivalence_judge" name="test_prompt_treats_observations_as_untrusted_indexed_data" time="0.001" /><testcase classname="tests.test_visual_equivalence_judge" name="test_parser_accepts_single_outer_json_fence" time="0.001" /><testcase classname="tests.test_visual_equivalence_judge" name="test_parser_rejects_equivalent_without_actual_index" time="0.001" /><testcase classname="tests.test_visual_equivalence_judge" name="test_provider_returns_validated_equivalent_result" time="0.004" /><testcase classname="tests.test_visual_equivalence_judge" name="test_provider_rejects_missing_expected_decision" time="0.003" /><testcase classname="tests.test_visual_equivalence_judge" name="test_provider_rejects_unknown_actual_index" time="0.003" /><testcase classname="tests.test_visual_equivalence_judge" name="test_public_note_contains_counts_but_not_observation_text" time="0.001" /><testcase classname="tests.test_web_console" name="test_console_root_serves_html" time="0.149" /><testcase classname="tests.test_web_console" name="test_console_mount_redirects_to_slash" time="0.032" /><testcase classname="tests.test_web_console" name="test_console_stylesheet_is_served" time="0.031" /><testcase classname="tests.test_web_console" name="test_console_script_is_served" time="0.018" /><testcase classname="tests.test_web_console" name="test_console_unknown_asset_returns_404" time="0.018" /><testcase classname="tests.test_web_console" name="test_openapi_keeps_api_routes_separate_from_console" time="0.236" /><testcase classname="tests.test_week3_gold_questions" name="test_gold_dataset_contains_required_questions" time="0.002" /><testcase classname="tests.test_week3_gold_questions" name="test_gold_dataset_has_required_distribution" time="0.001" /><testcase classname="tests.test_week3_gold_questions" name="test_q021_requires_fault_steps_and_reset_safety_evidence" time="0.000" /><testcase classname="tests.test_week3_gold_questions" name="test_new_questions_cover_required_challenges" time="0.000" /><testcase classname="tests.test_week3_gold_questions" name="test_difficult_variant_reuses_known_evidence[fault-code-space-variant]" time="0.001" /><testcase classname="tests.test_week3_gold_questions" name="test_difficult_variant_reuses_known_evidence[fault-code-underscore-variant]" time="0.001" /><testcase classname="tests.test_week3_gold_questions" name="test_difficult_variant_reuses_known_evidence[model-alias-variant]" time="0.001" /><testcase classname="tests.test_week3_gold_questions" name="test_difficult_variant_reuses_known_evidence[negative-temperature-variant]" time="0.001" /><testcase classname="tests.test_week3_gold_questions" name="test_difficult_variant_reuses_known_evidence[fault-injection-variant]" time="0.001" /><testcase classname="tests.test_week3_gold_questions" name="test_difficult_variant_reuses_known_evidence[cross-document-model-variant]" time="0.001" /><testcase classname="tests.test_week3_gold_questions" name="test_evidence_locations_are_stable_and_safe" time="0.000" /><testcase classname="tests.test_week3_gold_questions" name="test_new_dataset_contains_relationship_abstention" time="0.002" /></testsuite></testsuites>