<?xml version="1.0" encoding="utf-8"?><testsuites name="pytest tests"><testsuite name="pytest" errors="0" failures="0" skipped="0" tests="244" time="3.766" timestamp="2026-08-17T11:26:09.811972+08:00" hostname="local"><testcase classname="tests.test_api_contract" name="test_health_check" time="0.004" /><testcase classname="tests.test_api_contract" name="test_invalid_triage_request_returns_422[missing-robot-id]" time="0.009" /><testcase classname="tests.test_api_contract" name="test_invalid_triage_request_returns_422[blank-symptom]" time="0.004" /><testcase classname="tests.test_api_contract" name="test_invalid_triage_request_returns_422[log-too-long]" time="0.005" /><testcase classname="tests.test_api_contract" name="test_invalid_triage_request_returns_422[extra-field]" time="0.004" /><testcase classname="tests.test_bare_llm" name="test_messages_contain_only_rules_and_question" time="0.000" /><testcase classname="tests.test_bare_llm" name="test_messages_reject_blank_question" time="0.001" /><testcase classname="tests.test_bare_llm" name="test_provider_returns_answer_and_latency" time="0.004" /><testcase classname="tests.test_bare_llm" name="test_provider_rejects_blank_model" time="0.001" /><testcase classname="tests.test_bare_llm" name="test_provider_converts_sdk_timeout" time="0.003" /><testcase classname="tests.test_bare_llm" name="test_provider_converts_connection_error" time="0.003" /><testcase classname="tests.test_bare_llm" name="test_provider_rejects_empty_choices" time="0.003" /><testcase classname="tests.test_bare_llm" name="test_provider_rejects_empty_content" time="0.003" /><testcase classname="tests.test_chunking" name="test_split_without_overlap" time="0.001" /><testcase classname="tests.test_chunking" name="test_split_with_overlap" time="0.000" /><testcase classname="tests.test_chunking" name="test_chunk_indexes_are_global_across_segments" time="0.000" /><testcase classname="tests.test_chunking" name="test_chunk_contains_sha256_of_its_content" time="0.000" /><testcase classname="tests.test_chunking" name="test_empty_segment_list_is_rejected" time="0.000" /><testcase classname="tests.test_chunking" name="test_invalid_chunk_size_is_rejected" time="0.000" /><testcase classname="tests.test_chunking" name="test_negative_overlap_is_rejected" time="0.000" /><testcase classname="tests.test_chunking" name="test_overlap_must_be_smaller_than_chunk_size" time="0.000" /><testcase classname="tests.test_citation_evaluation" name="test_citation_matches_pdf_page_with_gold_section" time="0.000" /><testcase classname="tests.test_citation_evaluation" name="test_citation_rejects_wrong_source_file" time="0.000" /><testcase classname="tests.test_citation_evaluation" name="test_citation_rejects_wrong_pdf_page" time="0.001" /><testcase classname="tests.test_citation_evaluation" name="test_duplicate_chunks_count_as_two_correct_citations_but_one_expected" time="0.000" /><testcase classname="tests.test_citation_evaluation" name="test_evaluate_answerable_question_with_correct_citation" time="0.000" /><testcase classname="tests.test_citation_evaluation" name="test_evaluate_answerable_abstention_has_zero_coverage" time="0.000" /><testcase classname="tests.test_citation_evaluation" name="test_evaluate_unanswerable_question_accepts_abstention" time="0.000" /><testcase classname="tests.test_citation_evaluation" name="test_multi_hop_missing_one_evidence_is_not_fully_grounded" time="0.000" /><testcase classname="tests.test_citation_evaluation" name="test_metrics_expose_high_correctness_but_low_coverage" time="0.001" /><testcase classname="tests.test_citation_evaluation" name="test_metrics_count_wrong_citation_in_denominator" time="0.001" /><testcase classname="tests.test_citation_evaluation" name="test_metrics_reject_empty_results" time="0.000" /><testcase classname="tests.test_citation_evaluation" name="test_metrics_reject_duplicate_question_id" time="0.001" /><testcase classname="tests.test_citation_evaluation_schemas" name="test_answerable_evaluation_accepts_consistent_data" time="0.000" /><testcase classname="tests.test_citation_evaluation_schemas" name="test_unanswerable_evaluation_accepts_correct_abstention" time="0.000" /><testcase classname="tests.test_citation_evaluation_schemas" name="test_question_evaluation_rejects_wrong_returned_count" time="0.001" /><testcase classname="tests.test_citation_evaluation_schemas" name="test_question_evaluation_rejects_wrong_correctness" time="0.001" /><testcase classname="tests.test_citation_evaluation_schemas" name="test_question_evaluation_rejects_wrong_grounded_flag" time="0.001" /><testcase classname="tests.test_citation_evaluation_schemas" name="test_metrics_accept_consistent_counts_and_rates" time="0.000" /><testcase classname="tests.test_citation_evaluation_schemas" name="test_metrics_reject_wrong_citation_correctness" time="0.000" /><testcase classname="tests.test_citation_evaluation_schemas" name="test_metrics_reject_inconsistent_question_total" time="0.000" /><testcase classname="tests.test_citation_evaluation_schemas" name="test_report_accepts_matching_result_count" time="0.000" /><testcase classname="tests.test_citation_evaluation_schemas" name="test_report_rejects_result_count_mismatch" time="0.001" /><testcase classname="tests.test_compare_chunking" name="test_build_report_compares_both_configurations" time="0.008" /><testcase classname="tests.test_compare_chunking" name="test_build_report_ignores_unsupported_files" time="0.005" /><testcase classname="tests.test_compare_chunking" name="test_build_report_rejects_empty_source_directory" time="0.004" /><testcase classname="tests.test_compare_chunking" name="test_compact_preview_marks_complete_content" time="0.000" /><testcase classname="tests.test_compare_chunking" name="test_compact_preview_separates_head_and_tail" time="0.000" /><testcase classname="tests.test_compare_rag_vs_bare_llm" name="test_select_gold_questions_preserves_requested_order" time="0.000" /><testcase classname="tests.test_compare_rag_vs_bare_llm" name="test_select_gold_questions_rejects_missing_id" time="0.001" /><testcase classname="tests.test_compare_rag_vs_bare_llm" name="test_select_gold_questions_rejects_duplicate_id" time="0.000" /><testcase classname="tests.test_compare_rag_vs_bare_llm" name="test_compare_builds_report_from_both_groups" time="0.003" /><testcase classname="tests.test_compare_rag_vs_bare_llm" name="test_compare_rejects_metadata_before_requests" time="0.002" /><testcase classname="tests.test_compare_rag_vs_bare_llm" name="test_compare_reports_http_error_with_request_id" time="0.002" /><testcase classname="tests.test_compare_rag_vs_bare_llm" name="test_compare_rejects_invalid_rag_contract" time="0.002" /><testcase classname="tests.test_compare_rag_vs_bare_llm" name="test_compare_converts_http_timeout" time="0.002" /><testcase classname="tests.test_compare_rag_vs_bare_llm" name="test_render_markdown_blockquote_preserves_lines" time="0.000" /><testcase classname="tests.test_compare_rag_vs_bare_llm" name="test_render_markdown_blockquote_rejects_blank_text" time="0.000" /><testcase classname="tests.test_compare_rag_vs_bare_llm" name="test_render_markdown_report_contains_both_groups" time="0.001" /><testcase classname="tests.test_compare_rag_vs_bare_llm" name="test_write_reports_creates_utf8_files" time="0.004" /><testcase classname="tests.test_compare_rag_vs_bare_llm" name="test_parse_args_uses_comparison_defaults" time="0.001" /><testcase classname="tests.test_compare_rag_vs_bare_llm" name="test_parse_args_accepts_repeated_question_ids" time="0.002" /><testcase classname="tests.test_compare_rag_vs_bare_llm" name="test_run_real_comparison_orchestrates_and_closes_clients" time="0.069" /><testcase classname="tests.test_compare_rag_vs_bare_llm" name="test_run_real_comparison_closes_clients_on_failure" time="0.028" /><testcase classname="tests.test_compare_rag_vs_bare_llm" name="test_run_real_comparison_validates_before_loading" time="0.006" /><testcase classname="tests.test_compare_rag_vs_bare_llm" name="test_print_summary_reports_each_case" time="0.001" /><testcase classname="tests.test_document_catalog" name="test_list_documents_returns_stored_records" time="0.000" /><testcase classname="tests.test_document_catalog" name="test_delete_document_removes_existing_record" time="0.000" /><testcase classname="tests.test_document_catalog" name="test_delete_missing_document_raises_error" time="0.000" /><testcase classname="tests.test_document_loader" name="test_txt_loader_splits_fault_sections" time="0.002" /><testcase classname="tests.test_document_loader" name="test_malformed_marker_does_not_create_fake_section" time="0.003" /><testcase classname="tests.test_document_loader" name="test_generic_txt_becomes_one_segment" time="0.003" /><testcase classname="tests.test_document_loader" name="test_empty_txt_is_rejected" time="0.002" /><testcase classname="tests.test_document_loader" name="test_wrong_file_extension_is_rejected" time="0.002" /><testcase classname="tests.test_document_loader" name="test_markdown_loader_builds_heading_paths" time="0.003" /><testcase classname="tests.test_document_loader" name="test_markdown_section_keeps_heading_in_content" time="0.003" /><testcase classname="tests.test_document_loader" name="test_markdown_without_headings_becomes_one_segment" time="0.003" /><testcase classname="tests.test_document_loader" name="test_markdown_preamble_is_preserved" time="0.002" /><testcase classname="tests.test_document_loader" name="test_markdown_loader_rejects_txt" time="0.002" /><testcase classname="tests.test_document_loader" name="test_pdf_loader_extracts_non_empty_pages" time="0.004" /><testcase classname="tests.test_document_loader" name="test_pdf_loader_rejects_document_without_text" time="0.006" /><testcase classname="tests.test_document_loader" name="test_pdf_loader_wraps_parsing_failure" time="0.003" /><testcase classname="tests.test_document_loader" name="test_markdown_groups_subsections_into_level_three" time="0.002" /><testcase classname="tests.test_document_loader" name="test_grouped_markdown_sections_do_not_overlap" time="0.002" /><testcase classname="tests.test_document_preparation" name="test_calculate_file_sha256_uses_original_bytes" time="0.002" /><testcase classname="tests.test_document_preparation" name="test_prepare_txt_creates_traceable_chunks" time="0.003" /><testcase classname="tests.test_document_preparation" name="test_prepare_markdown_preserves_heading_path" time="0.003" /><testcase classname="tests.test_document_preparation" name="test_same_file_content_has_same_document_id" time="0.003" /><testcase classname="tests.test_document_preparation" name="test_changed_file_content_changes_document_id" time="0.004" /><testcase classname="tests.test_document_preparation" name="test_unsupported_file_type_is_rejected" time="0.002" /><testcase classname="tests.test_document_preparation" name="test_invalid_hash_block_size_is_rejected" time="0.002" /><testcase classname="tests.test_document_preparation" name="test_prepare_pdf_preserves_page_metadata" time="0.003" /><testcase classname="tests.test_document_service" name="test_ingest_document_runs_complete_pipeline" time="0.005" /><testcase classname="tests.test_document_service" name="test_duplicate_is_rejected_before_embedding" time="0.004" /><testcase classname="tests.test_document_service" name="test_unsupported_file_type_is_rejected" time="0.003" /><testcase classname="tests.test_document_service" name="test_oversized_file_is_rejected" time="0.003" /><testcase classname="tests.test_embedding_client" name="test_create_embedding_client_requires_own_api_key" time="0.001" /><testcase classname="tests.test_embedding_client" name="test_get_embedding_model_rejects_blank_name" time="0.001" /><testcase classname="tests.test_embedding_client" name="test_create_embedding_client_uses_embedding_base_url" time="0.021" /><testcase classname="tests.test_embedding_service" name="test_embed_texts_restores_input_order" time="0.002" /><testcase classname="tests.test_embedding_service" name="test_embed_texts_rejects_empty_batch" time="0.002" /><testcase classname="tests.test_embedding_service" name="test_embed_texts_rejects_incomplete_response" time="0.002" /><testcase classname="tests.test_error_responses" name="test_triage_success_contains_same_request_id" time="0.003" /><testcase classname="tests.test_error_responses" name="test_application_error_response[application_error0-503-llm_configuration_error-LLM \u670d\u52a1\u672a\u6b63\u786e\u914d\u7f6e]" time="0.003" /><testcase classname="tests.test_error_responses" name="test_application_error_response[application_error1-504-llm_timeout-LLM \u670d\u52a1\u54cd\u5e94\u8d85\u65f6]" time="0.004" /><testcase classname="tests.test_error_responses" name="test_application_error_response[application_error2-502-llm_upstream_error-LLM \u4e0a\u6e38\u670d\u52a1\u6682\u65f6\u4e0d\u53ef\u7528]" time="0.003" /><testcase classname="tests.test_error_responses" name="test_application_error_response[application_error3-502-invalid_llm_response-LLM \u8fd4\u56de\u4e86\u65e0\u6cd5\u5904\u7406\u7684\u54cd\u5e94]" time="0.003" /><testcase classname="tests.test_evaluate_citations" name="test_evaluate_citations_via_api_builds_report" time="0.002" /><testcase classname="tests.test_evaluate_citations" name="test_evaluation_reports_http_error_with_request_id" time="0.021" /><testcase classname="tests.test_evaluate_citations" name="test_evaluation_rejects_invalid_json_response" time="0.001" /><testcase classname="tests.test_evaluate_citations" name="test_evaluation_rejects_invalid_response_contract" time="0.013" /><testcase classname="tests.test_evaluate_citations" name="test_evaluation_converts_http_timeout" time="0.001" /><testcase classname="tests.test_evaluate_citations" name="test_duplicate_question_id_is_rejected_before_http" time="0.001" /><testcase classname="tests.test_evaluate_citations" name="test_render_markdown_contains_summary_and_passed_questions" time="0.001" /><testcase classname="tests.test_evaluate_citations" name="test_render_markdown_explains_answerable_abstention" time="0.000" /><testcase classname="tests.test_evaluate_citations" name="test_write_reports_creates_parseable_files" time="0.004" /><testcase classname="tests.test_evaluate_citations" name="test_compact_preview_normalizes_and_truncates" time="0.000" /><testcase classname="tests.test_evaluate_citations" name="test_compact_preview_rejects_invalid_length" time="0.000" /><testcase classname="tests.test_evaluate_citations" name="test_parse_args_uses_reproducible_defaults" time="0.002" /><testcase classname="tests.test_evaluate_citations" name="test_parse_args_converts_user_overrides" time="0.002" /><testcase classname="tests.test_evaluate_citations" name="test_print_summary_outputs_key_metrics" time="0.001" /><testcase classname="tests.test_evaluation_data" name="test_load_gold_questions" time="0.003" /><testcase classname="tests.test_evaluation_data" name="test_invalid_json_reports_line_number" time="0.002" /><testcase classname="tests.test_evaluation_data" name="test_duplicate_question_id_is_rejected" time="0.003" /><testcase classname="tests.test_evaluation_data" name="test_unanswerable_question_cannot_have_evidence" time="0.003" /><testcase classname="tests.test_evaluation_schema" name="test_valid_retrieval_evaluation_report" time="0.001" /><testcase classname="tests.test_evaluation_schema" name="test_report_top_k_cannot_be_less_than_three" time="0.001" /><testcase classname="tests.test_evaluation_schema" name="test_similarity_cannot_exceed_one" time="0.001" /><testcase classname="tests.test_evaluation_schema" name="test_report_rejects_unknown_fields" time="0.001" /><testcase classname="tests.test_evaluation_schema" name="test_report_can_be_serialized_for_json" time="0.001" /><testcase classname="tests.test_in_memory_retriever" name="test_retrieve_returns_top_k_in_similarity_order" time="0.000" /><testcase classname="tests.test_in_memory_retriever" name="test_equal_scores_use_chunk_id_as_tiebreaker" time="0.001" /><testcase classname="tests.test_in_memory_retriever" name="test_top_k_larger_than_corpus_returns_all_chunks" time="0.000" /><testcase classname="tests.test_in_memory_retriever" name="test_empty_corpus_returns_empty_results" time="0.000" /><testcase classname="tests.test_in_memory_retriever" name="test_non_positive_top_k_is_rejected" time="0.001" /><testcase classname="tests.test_in_memory_retriever" name="test_query_model_must_match_document_model" time="0.001" /><testcase classname="tests.test_in_memory_retriever" name="test_mixed_document_models_are_rejected" time="0.001" /><testcase classname="tests.test_in_memory_retriever" name="test_mixed_vector_dimensions_are_rejected" time="0.000" /><testcase classname="tests.test_ingest_documents" name="test_find_source_files_filters_and_sorts" time="0.005" /><testcase classname="tests.test_ingest_documents" name="test_ingest_files_classifies_results" time="0.003" /><testcase classname="tests.test_ingest_documents" name="test_build_ingestion_report_contains_summary" time="0.001" /><testcase classname="tests.test_knowledge_answer" name="test_prompt_serializes_question_and_evidence" time="0.000" /><testcase classname="tests.test_knowledge_answer" name="test_prompt_requires_status_qualifiers_to_be_preserved" time="0.000" /><testcase classname="tests.test_knowledge_answer" name="test_prompt_requires_safety_constraints_to_be_preserved" time="0.000" /><testcase classname="tests.test_knowledge_answer" name="test_prompt_requires_minimal_sufficient_evidence" time="0.000" /><testcase classname="tests.test_knowledge_answer" name="test_provider_returns_cleaned_content" time="0.003" /><testcase classname="tests.test_knowledge_answer" name="test_provider_converts_sdk_timeout" time="0.003" /><testcase classname="tests.test_knowledge_answer" name="test_provider_rejects_empty_choices" time="0.003" /><testcase classname="tests.test_knowledge_answer" name="test_provider_rejects_empty_content" time="0.003" /><testcase classname="tests.test_knowledge_answer" name="test_provider_rejects_invalid_json" time="0.003" /><testcase classname="tests.test_knowledge_api" name="test_list_documents_returns_records" time="0.014" /><testcase classname="tests.test_knowledge_api" name="test_list_documents_returns_empty_list" time="0.010" /><testcase classname="tests.test_knowledge_api" name="test_delete_document_returns_success" time="0.011" /><testcase classname="tests.test_knowledge_api" name="test_delete_missing_document_returns_404" time="0.010" /><testcase classname="tests.test_knowledge_api" name="test_delete_invalid_document_id_returns_422" time="0.015" /><testcase classname="tests.test_knowledge_api" name="test_upload_document_returns_created_record" time="0.023" /><testcase classname="tests.test_knowledge_api" name="test_upload_duplicate_document_returns_409" time="0.071" /><testcase classname="tests.test_knowledge_api" name="test_upload_oversize_document_returns_422" time="0.017" /><testcase classname="tests.test_knowledge_api" name="test_query_knowledge_returns_answer_and_citations" time="0.014" /><testcase classname="tests.test_knowledge_api" name="test_query_knowledge_returns_abstained_response" time="0.013" /><testcase classname="tests.test_knowledge_api" name="test_query_knowledge_rejects_blank_question" time="0.019" /><testcase classname="tests.test_knowledge_api" name="test_query_knowledge_timeout_returns_504" time="0.014" /><testcase classname="tests.test_knowledge_config" name="test_knowledge_configuration_is_parsed" time="0.004" /><testcase classname="tests.test_knowledge_config" name="test_overlap_must_be_smaller_than_chunk_size" time="0.002" /><testcase classname="tests.test_knowledge_config" name="test_embedding_batch_size_must_be_positive" time="0.001" /><testcase classname="tests.test_knowledge_config" name="test_max_document_size_must_be_positive" time="0.002" /><testcase classname="tests.test_knowledge_config" name="test_similarity_threshold_must_be_in_range" time="0.002" /><testcase classname="tests.test_knowledge_config" name="test_default_similarity_threshold_uses_calibrated_baseline" time="0.001" /><testcase classname="tests.test_knowledge_dependencies" name="test_embedding_client_is_closed" time="0.005" /><testcase classname="tests.test_knowledge_dependencies" name="test_vector_store_uses_temporary_collection" time="0.152" /><testcase classname="tests.test_knowledge_dependencies" name="test_document_service_can_be_assembled_without_network" time="0.044" /><testcase classname="tests.test_knowledge_dependencies" name="test_knowledge_query_service_can_be_assembled_without_network" time="0.045" /><testcase classname="tests.test_knowledge_query_schemas" name="test_query_request_strips_question_and_uses_default_top_k" time="0.001" /><testcase classname="tests.test_knowledge_query_schemas" name="test_query_request_rejects_invalid_top_k" time="0.000" /><testcase classname="tests.test_knowledge_query_schemas" name="test_answered_response_requires_citation" time="0.000" /><testcase classname="tests.test_knowledge_query_schemas" name="test_abstained_response_accepts_empty_citations" time="0.000" /><testcase classname="tests.test_knowledge_query_schemas" name="test_abstained_response_rejects_citations" time="0.001" /><testcase classname="tests.test_knowledge_query_schemas" name="test_answered_response_rejects_empty_citations" time="0.001" /><testcase classname="tests.test_knowledge_query_schemas" name="test_answer_draft_accepts_selected_evidence" time="0.000" /><testcase classname="tests.test_knowledge_query_schemas" name="test_answer_draft_rejects_duplicate_evidence_ids" time="0.000" /><testcase classname="tests.test_knowledge_query_service" name="test_answer_query_uses_retrieved_evidence" time="0.003" /><testcase classname="tests.test_knowledge_query_service" name="test_low_similarity_abstains_without_llm" time="0.002" /><testcase classname="tests.test_knowledge_query_service" name="test_empty_store_abstains_without_llm" time="0.002" /><testcase classname="tests.test_knowledge_query_service" name="test_query_service_rejects_invalid_threshold" time="0.001" /><testcase classname="tests.test_knowledge_query_service" name="test_answer_query_rejects_unknown_evidence_id" time="0.003" /><testcase classname="tests.test_knowledge_schemas" name="test_document_record_accepts_valid_data" time="0.000" /><testcase classname="tests.test_knowledge_schemas" name="test_document_record_rejects_invalid_hash" time="0.000" /><testcase classname="tests.test_knowledge_schemas" name="test_document_record_rejects_unsupported_type" time="0.000" /><testcase classname="tests.test_knowledge_schemas" name="test_document_record_rejects_extra_fields" time="0.000" /><testcase classname="tests.test_knowledge_schemas" name="test_document_list_response_serializes_records" time="0.000" /><testcase classname="tests.test_knowledge_schemas" name="test_document_list_response_has_independent_empty_list" time="0.000" /><testcase classname="tests.test_rag_comparison_schema" name="test_valid_report_preserves_both_experiment_groups" time="0.001" /><testcase classname="tests.test_rag_comparison_schema" name="test_bare_result_rejects_negative_latency" time="0.001" /><testcase classname="tests.test_rag_comparison_schema" name="test_bare_result_rejects_unexpected_fields" time="0.000" /><testcase classname="tests.test_rag_comparison_schema" name="test_report_rejects_duplicate_question_ids" time="0.001" /><testcase classname="tests.test_rag_comparison_schema" name="test_report_requires_at_least_one_case" time="0.000" /><testcase classname="tests.test_retrieval_baseline" name="test_embeddings_are_requested_in_batches" time="0.002" /><testcase classname="tests.test_retrieval_baseline" name="test_duplicate_content_is_embedded_once" time="0.002" /><testcase classname="tests.test_retrieval_baseline" name="test_external_cache_is_reused" time="0.022" /><testcase classname="tests.test_retrieval_baseline" name="test_cache_is_isolated_by_model" time="0.002" /><testcase classname="tests.test_retrieval_baseline" name="test_invalid_provider_response_is_rejected" time="0.002" /><testcase classname="tests.test_retrieval_baseline" name="test_invalid_batch_size_is_rejected" time="0.001" /><testcase classname="tests.test_retrieval_baseline" name="test_blank_model_name_is_rejected" time="0.001" /><testcase classname="tests.test_retrieval_evaluation" name="test_pdf_evidence_matches_physical_page" time="0.000" /><testcase classname="tests.test_retrieval_evaluation" name="test_markdown_evidence_matches_heading_path" time="0.000" /><testcase classname="tests.test_retrieval_evaluation" name="test_evidence_requires_same_source_file" time="0.000" /><testcase classname="tests.test_retrieval_evaluation" name="test_multi_hop_question_is_fully_recalled_at_three" time="0.001" /><testcase classname="tests.test_retrieval_evaluation" name="test_unanswerable_question_can_false_recall" time="0.000" /><testcase classname="tests.test_retrieval_evaluation" name="test_calculate_metrics" time="0.001" /><testcase classname="tests.test_retrieval_math" name="test_identical_vectors_have_similarity_one" time="0.000" /><testcase classname="tests.test_retrieval_math" name="test_orthogonal_vectors_have_similarity_zero" time="0.000" /><testcase classname="tests.test_retrieval_math" name="test_opposite_vectors_have_similarity_negative_one" time="0.000" /><testcase classname="tests.test_retrieval_math" name="test_known_angle_has_expected_similarity" time="0.000" /><testcase classname="tests.test_retrieval_math" name="test_different_dimensions_are_rejected" time="0.001" /><testcase classname="tests.test_retrieval_math" name="test_zero_vector_is_rejected" time="0.000" /><testcase classname="tests.test_retrieval_math" name="test_non_finite_value_is_rejected" time="0.000" /><testcase classname="tests.test_run_retrieval_baseline" name="test_normalize_location_removes_prefix_and_spaces" time="0.000" /><testcase classname="tests.test_run_retrieval_baseline" name="test_evidence_matches_hierarchical_location" time="0.001" /><testcase classname="tests.test_run_retrieval_baseline" name="test_evidence_requires_matching_source_file" time="0.000" /><testcase classname="tests.test_run_retrieval_baseline" name="test_duplicate_results_count_one_expected_evidence" time="0.001" /><testcase classname="tests.test_run_retrieval_baseline" name="test_select_supported_questions" time="0.000" /><testcase classname="tests.test_service_errors" name="test_create_llm_client_without_api_key" time="0.001" /><testcase classname="tests.test_service_errors" name="test_service_converts_sdk_timeout" time="0.003" /><testcase classname="tests.test_service_responses" name="test_service_parses_valid_llm_response" time="0.003" /><testcase classname="tests.test_service_responses" name="test_service_rejects_invalid_llm_content[none-content]" time="0.015" /><testcase classname="tests.test_service_responses" name="test_service_rejects_invalid_llm_content[empty-content]" time="0.004" /><testcase classname="tests.test_service_responses" name="test_service_rejects_invalid_llm_content[invalid-json]" time="0.003" /><testcase classname="tests.test_service_responses" name="test_service_rejects_invalid_llm_content[wrong-json-structure]" time="0.004" /><testcase classname="tests.test_service_responses" name="test_service_rejects_empty_choices" time="0.003" /><testcase classname="tests.test_stream" name="test_stream_success_event_order" time="0.006" /><testcase classname="tests.test_stream" name="test_stream_timeout_event[False-expected_event_names0]" time="0.024" /><testcase classname="tests.test_stream" name="test_stream_timeout_event[True-expected_event_names1]" time="0.005" /><testcase classname="tests.test_upload_staging" name="test_stage_uploaded_file_preserves_content" time="0.004" /><testcase classname="tests.test_upload_staging" name="test_stage_uploaded_file_rejects_oversize" time="0.003" /><testcase classname="tests.test_upload_staging" name="test_stage_uploaded_file_rejects_missing_name" time="0.001" /><testcase classname="tests.test_vector_store" name="test_add_and_list_document" time="0.091" /><testcase classname="tests.test_vector_store" name="test_data_survives_new_store_instance" time="0.064" /><testcase classname="tests.test_vector_store" name="test_duplicate_document_is_rejected" time="0.052" /><testcase classname="tests.test_vector_store" name="test_delete_document_removes_all_chunks" time="0.058" /><testcase classname="tests.test_vector_store" name="test_retrieve_returns_ranked_traceable_chunks" time="0.051" /><testcase classname="tests.test_vector_store" name="test_retrieve_respects_top_k" time="0.048" /><testcase classname="tests.test_vector_store" name="test_retrieve_empty_store_returns_empty_list" time="0.037" /><testcase classname="tests.test_vector_store" name="test_retrieve_rejects_different_model" time="0.042" /><testcase classname="tests.test_vector_store" name="test_retrieve_rejects_invalid_top_k" time="0.045" /></testsuite></testsuites>