<?xml version="1.0" encoding="utf-8"?><testsuites name="pytest tests"><testsuite name="pytest" errors="0" failures="0" skipped="0" tests="798" time="18.648"><testcase classname="tests.test_api_contract" name="test_health_check" time="0.012" /><testcase classname="tests.test_api_contract" name="test_invalid_triage_request_returns_422[missing-robot-id]" time="0.022" /><testcase classname="tests.test_api_contract" name="test_invalid_triage_request_returns_422[blank-symptom]" time="0.010" /><testcase classname="tests.test_api_contract" name="test_invalid_triage_request_returns_422[log-too-long]" time="0.008" /><testcase classname="tests.test_api_contract" name="test_invalid_triage_request_returns_422[extra-field]" time="0.009" /><testcase classname="tests.test_bare_llm" name="test_messages_contain_only_rules_and_question" time="0.001" /><testcase classname="tests.test_bare_llm" name="test_messages_reject_blank_question" time="0.001" /><testcase classname="tests.test_bare_llm" name="test_provider_returns_answer_and_latency" time="0.007" /><testcase classname="tests.test_bare_llm" name="test_provider_rejects_blank_model" time="0.001" /><testcase classname="tests.test_bare_llm" name="test_provider_converts_sdk_timeout" time="0.005" /><testcase classname="tests.test_bare_llm" name="test_provider_converts_connection_error" time="0.005" /><testcase classname="tests.test_bare_llm" name="test_provider_rejects_empty_choices" time="0.005" /><testcase classname="tests.test_bare_llm" name="test_provider_rejects_empty_content" time="0.005" /><testcase classname="tests.test_chunking" name="test_split_without_overlap" time="0.001" /><testcase classname="tests.test_chunking" name="test_split_with_overlap" time="0.001" /><testcase classname="tests.test_chunking" name="test_chunk_indexes_are_global_across_segments" time="0.001" /><testcase classname="tests.test_chunking" name="test_chunk_contains_sha256_of_its_content" time="0.001" /><testcase classname="tests.test_chunking" name="test_empty_segment_list_is_rejected" time="0.001" /><testcase classname="tests.test_chunking" name="test_invalid_chunk_size_is_rejected" time="0.001" /><testcase classname="tests.test_chunking" name="test_negative_overlap_is_rejected" time="0.001" /><testcase classname="tests.test_chunking" name="test_overlap_must_be_smaller_than_chunk_size" time="0.001" /><testcase classname="tests.test_citation_evaluation" name="test_citation_matches_pdf_page_with_gold_section" time="0.001" /><testcase classname="tests.test_citation_evaluation" name="test_citation_rejects_wrong_source_file" time="0.001" /><testcase classname="tests.test_citation_evaluation" name="test_citation_rejects_wrong_pdf_page" time="0.001" /><testcase classname="tests.test_citation_evaluation" name="test_duplicate_chunks_count_as_two_correct_citations_but_one_expected" time="0.001" /><testcase classname="tests.test_citation_evaluation" name="test_evaluate_answerable_question_with_correct_citation" time="0.001" /><testcase classname="tests.test_citation_evaluation" name="test_evaluate_answerable_abstention_has_zero_coverage" time="0.001" /><testcase classname="tests.test_citation_evaluation" name="test_evaluate_unanswerable_question_accepts_abstention" time="0.001" /><testcase classname="tests.test_citation_evaluation" name="test_multi_hop_missing_one_evidence_is_not_fully_grounded" time="0.001" /><testcase classname="tests.test_citation_evaluation" name="test_metrics_expose_high_correctness_but_low_coverage" time="0.001" /><testcase classname="tests.test_citation_evaluation" name="test_metrics_count_wrong_citation_in_denominator" time="0.001" /><testcase classname="tests.test_citation_evaluation" name="test_metrics_reject_empty_results" time="0.001" /><testcase classname="tests.test_citation_evaluation" name="test_metrics_reject_duplicate_question_id" time="0.001" /><testcase classname="tests.test_citation_evaluation_schemas" name="test_answerable_evaluation_accepts_consistent_data" time="0.001" /><testcase classname="tests.test_citation_evaluation_schemas" name="test_unanswerable_evaluation_accepts_correct_abstention" time="0.001" /><testcase classname="tests.test_citation_evaluation_schemas" name="test_question_evaluation_rejects_wrong_returned_count" time="0.001" /><testcase classname="tests.test_citation_evaluation_schemas" name="test_question_evaluation_rejects_wrong_correctness" time="0.001" /><testcase classname="tests.test_citation_evaluation_schemas" name="test_question_evaluation_rejects_wrong_grounded_flag" time="0.001" /><testcase classname="tests.test_citation_evaluation_schemas" name="test_metrics_accept_consistent_counts_and_rates" time="0.001" /><testcase classname="tests.test_citation_evaluation_schemas" name="test_metrics_reject_wrong_citation_correctness" time="0.001" /><testcase classname="tests.test_citation_evaluation_schemas" name="test_metrics_reject_inconsistent_question_total" time="0.001" /><testcase classname="tests.test_citation_evaluation_schemas" name="test_report_accepts_matching_result_count" time="0.001" /><testcase classname="tests.test_citation_evaluation_schemas" name="test_report_accepts_hybrid_strategy_metadata" time="0.001" /><testcase classname="tests.test_citation_evaluation_schemas" name="test_hybrid_report_requires_gate_version" time="0.001" /><testcase classname="tests.test_citation_evaluation_schemas" name="test_hybrid_report_rejects_single_similarity_threshold" time="0.001" /><testcase classname="tests.test_citation_evaluation_schemas" name="test_report_rejects_mismatched_strategy_top_k" time="0.001" /><testcase classname="tests.test_citation_evaluation_schemas" name="test_report_rejects_result_count_mismatch" time="0.001" /><testcase classname="tests.test_compare_chunking" name="test_build_report_compares_both_configurations" time="0.104" /><testcase classname="tests.test_compare_chunking" name="test_build_report_ignores_unsupported_files" time="0.007" /><testcase classname="tests.test_compare_chunking" name="test_build_report_rejects_empty_source_directory" time="0.004" /><testcase classname="tests.test_compare_chunking" name="test_compact_preview_marks_complete_content" time="0.001" /><testcase classname="tests.test_compare_chunking" name="test_compact_preview_separates_head_and_tail" time="0.000" /><testcase classname="tests.test_compare_diagnosis_prompts" name="test_parse_args_uses_documented_defaults" time="0.002" /><testcase classname="tests.test_compare_diagnosis_prompts" name="test_parse_args_preserves_explicit_values" time="0.002" /><testcase classname="tests.test_compare_diagnosis_prompts" name="test_parse_args_rejects_non_positive_top_k" time="0.005" /><testcase classname="tests.test_compare_diagnosis_prompts" name="test_render_markdown_report_contains_auditable_comparison" time="0.001" /><testcase classname="tests.test_compare_diagnosis_prompts" name="test_write_reports_creates_parent_directories" time="0.006" /><testcase classname="tests.test_compare_diagnosis_prompts" name="test_print_summary_reports_both_groups" time="0.004" /><testcase classname="tests.test_compare_diagnosis_prompts" name="test_run_prompt_comparison_experiment_uses_same_gated_evidence" time="0.002" /><testcase classname="tests.test_compare_diagnosis_prompts" name="test_run_prompt_comparison_experiment_skips_llm_when_gate_rejects" time="0.002" /><testcase classname="tests.test_compare_diagnosis_prompts" name="test_run_real_prompt_comparison_assembles_and_closes_resources" time="0.004" /><testcase classname="tests.test_compare_diagnosis_prompts" name="test_run_real_prompt_comparison_closes_clients_after_failure" time="0.004" /><testcase classname="tests.test_compare_diagnosis_prompts" name="test_main_runs_experiment_then_writes_and_prints" time="0.017" /><testcase classname="tests.test_compare_rag_vs_bare_llm" name="test_select_gold_questions_preserves_requested_order" time="0.001" /><testcase classname="tests.test_compare_rag_vs_bare_llm" name="test_select_gold_questions_rejects_missing_id" time="0.001" /><testcase classname="tests.test_compare_rag_vs_bare_llm" name="test_select_gold_questions_rejects_duplicate_id" time="0.001" /><testcase classname="tests.test_compare_rag_vs_bare_llm" name="test_compare_builds_report_from_both_groups" time="0.005" /><testcase classname="tests.test_compare_rag_vs_bare_llm" name="test_compare_rejects_metadata_before_requests" time="0.002" /><testcase classname="tests.test_compare_rag_vs_bare_llm" name="test_compare_reports_http_error_with_request_id" time="0.003" /><testcase classname="tests.test_compare_rag_vs_bare_llm" name="test_compare_rejects_invalid_rag_contract" time="0.003" /><testcase classname="tests.test_compare_rag_vs_bare_llm" name="test_compare_converts_http_timeout" time="0.002" /><testcase classname="tests.test_compare_rag_vs_bare_llm" name="test_render_markdown_blockquote_preserves_lines" time="0.001" /><testcase classname="tests.test_compare_rag_vs_bare_llm" name="test_render_markdown_blockquote_rejects_blank_text" time="0.001" /><testcase classname="tests.test_compare_rag_vs_bare_llm" name="test_render_markdown_report_contains_both_groups" time="0.001" /><testcase classname="tests.test_compare_rag_vs_bare_llm" name="test_write_reports_creates_utf8_files" time="0.008" /><testcase classname="tests.test_compare_rag_vs_bare_llm" name="test_parse_args_uses_comparison_defaults" time="0.003" /><testcase classname="tests.test_compare_rag_vs_bare_llm" name="test_parse_args_accepts_repeated_question_ids" time="0.003" /><testcase classname="tests.test_compare_rag_vs_bare_llm" name="test_run_real_comparison_orchestrates_and_closes_clients" time="0.322" /><testcase classname="tests.test_compare_rag_vs_bare_llm" name="test_run_real_comparison_closes_clients_on_failure" time="0.188" /><testcase classname="tests.test_compare_rag_vs_bare_llm" name="test_run_real_comparison_validates_before_loading" time="0.035" /><testcase classname="tests.test_compare_rag_vs_bare_llm" name="test_print_summary_reports_each_case" time="0.005" /><testcase classname="tests.test_compare_retrieval_strategies" name="test_parse_args_uses_documented_default_paths" time="0.016" /><testcase classname="tests.test_compare_retrieval_strategies" name="test_parse_args_preserves_explicit_paths" time="0.018" /><testcase classname="tests.test_compare_retrieval_strategies" name="test_load_strategy_report_round_trips_valid_json" time="0.017" /><testcase classname="tests.test_compare_retrieval_strategies" name="test_load_strategy_report_rejects_wrong_argument_position" time="0.015" /><testcase classname="tests.test_compare_retrieval_strategies" name="test_load_strategy_report_requires_path_object" time="0.003" /><testcase classname="tests.test_compare_retrieval_strategies" name="test_write_comparison_report_creates_parent_directory" time="0.022" /><testcase classname="tests.test_compare_retrieval_strategies" name="test_run_comparison_executes_complete_local_flow" time="0.026" /><testcase classname="tests.test_compare_retrieval_strategies" name="test_print_summary_reports_winner_and_pending_safety" time="0.021" /><testcase classname="tests.test_diagnosis_dependencies" name="test_get_diagnosis_service_wires_complete_chain" time="0.010" /><testcase classname="tests.test_diagnosis_dependencies" name="test_get_diagnosis_service_reuses_retrieval_factory" time="0.010" /><testcase classname="tests.test_diagnosis_generation" name="test_constructor_rejects_blank_model" time="0.006" /><testcase classname="tests.test_diagnosis_generation" name="test_constructor_rejects_invalid_prompt_variant" time="0.005" /><testcase classname="tests.test_diagnosis_generation" name="test_provider_returns_validated_draft" time="0.029" /><testcase classname="tests.test_diagnosis_generation" name="test_provider_uses_explicit_basic_prompt_variant" time="0.029" /><testcase classname="tests.test_diagnosis_generation" name="test_parser_accepts_json_code_fence" time="0.003" /><testcase classname="tests.test_diagnosis_generation" name="test_parser_rejects_empty_content[None]" time="0.004" /><testcase classname="tests.test_diagnosis_generation" name="test_parser_rejects_empty_content[]" time="0.003" /><testcase classname="tests.test_diagnosis_generation" name="test_parser_rejects_empty_content[   ]" time="0.004" /><testcase classname="tests.test_diagnosis_generation" name="test_parser_rejects_invalid_json" time="0.003" /><testcase classname="tests.test_diagnosis_generation" name="test_parser_rejects_missing_required_field" time="0.004" /><testcase classname="tests.test_diagnosis_generation" name="test_parser_rejects_unsafe_high_risk_check" time="0.003" /><testcase classname="tests.test_diagnosis_generation" name="test_parser_preserves_well_formed_unknown_evidence_id" time="0.002" /><testcase classname="tests.test_diagnosis_generation" name="test_provider_rejects_empty_choices" time="0.019" /><testcase classname="tests.test_diagnosis_generation" name="test_provider_empty_content_reports_safe_metadata" time="0.024" /><testcase classname="tests.test_diagnosis_generation" name="test_provider_converts_timeout" time="0.019" /><testcase classname="tests.test_diagnosis_generation" name="test_provider_converts_connection_error" time="0.017" /><testcase classname="tests.test_diagnosis_generation" name="test_provider_converts_status_error" time="0.021" /><testcase classname="tests.test_diagnosis_generation" name="test_prompt_validation_happens_before_sdk_call" time="0.013" /><testcase classname="tests.test_diagnosis_llm_schemas" name="test_completed_draft_is_valid" time="0.003" /><testcase classname="tests.test_diagnosis_llm_schemas" name="test_evidence_id_requires_temporary_format[E0]" time="0.004" /><testcase classname="tests.test_diagnosis_llm_schemas" name="test_evidence_id_requires_temporary_format[e1]" time="0.002" /><testcase classname="tests.test_diagnosis_llm_schemas" name="test_evidence_id_requires_temporary_format[real-chunk-id]" time="0.002" /><testcase classname="tests.test_diagnosis_llm_schemas" name="test_cause_rejects_duplicate_evidence_ids" time="0.002" /><testcase classname="tests.test_diagnosis_llm_schemas" name="test_high_risk_draft_check_requires_qualification" time="0.003" /><testcase classname="tests.test_diagnosis_llm_schemas" name="test_status_and_abstained_must_agree[abstained-False]" time="0.002" /><testcase classname="tests.test_diagnosis_llm_schemas" name="test_status_and_abstained_must_agree[completed-True]" time="0.002" /><testcase classname="tests.test_diagnosis_llm_schemas" name="test_status_and_abstained_must_agree[partial-True]" time="0.003" /><testcase classname="tests.test_diagnosis_llm_schemas" name="test_abstained_draft_requires_missing_information" time="0.002" /><testcase classname="tests.test_diagnosis_llm_schemas" name="test_abstained_draft_cannot_include_conclusions" time="0.002" /><testcase classname="tests.test_diagnosis_llm_schemas" name="test_non_abstained_draft_requires_a_conclusion" time="0.002" /><testcase classname="tests.test_diagnosis_llm_schemas" name="test_partial_draft_requires_missing_information" time="0.002" /><testcase classname="tests.test_diagnosis_llm_schemas" name="test_completed_draft_rejects_missing_information" time="0.002" /><testcase classname="tests.test_diagnosis_llm_schemas" name="test_missing_information_rejects_blank_item" time="0.002" /><testcase classname="tests.test_diagnosis_llm_schemas" name="test_draft_rejects_unknown_fields" time="0.002" /><testcase classname="tests.test_diagnosis_prompt_comparison" name="test_run_variant_records_success" time="0.006" /><testcase classname="tests.test_diagnosis_prompt_comparison" name="test_run_variant_records_expected_failure[error0-invalid_response]" time="0.006" /><testcase classname="tests.test_diagnosis_prompt_comparison" name="test_run_variant_records_expected_failure[error1-timeout]" time="0.007" /><testcase classname="tests.test_diagnosis_prompt_comparison" name="test_run_variant_records_expected_failure[error2-upstream_error]" time="0.008" /><testcase classname="tests.test_diagnosis_prompt_comparison" name="test_run_variant_does_not_hide_programming_error" time="0.006" /><testcase classname="tests.test_diagnosis_prompt_comparison" name="test_compare_case_uses_identical_input" time="0.005" /><testcase classname="tests.test_diagnosis_prompt_comparison" name="test_compare_case_rejects_same_prompt_version" time="0.005" /><testcase classname="tests.test_diagnosis_prompt_comparison" name="test_collect_evidence_ids_preserves_first_seen_order" time="0.002" /><testcase classname="tests.test_diagnosis_prompt_comparison" name="test_calculate_metrics_counts_failures_and_whitelist" time="0.003" /><testcase classname="tests.test_diagnosis_prompt_comparison" name="test_calculate_metrics_rejects_mixed_versions" time="0.003" /><testcase classname="tests.test_diagnosis_prompt_comparison" name="test_build_report_calculates_both_groups" time="0.002" /><testcase classname="tests.test_diagnosis_prompt_comparison_schemas" name="test_success_result_requires_validated_draft" time="0.002" /><testcase classname="tests.test_diagnosis_prompt_comparison_schemas" name="test_success_result_rejects_missing_draft" time="0.002" /><testcase classname="tests.test_diagnosis_prompt_comparison_schemas" name="test_success_result_rejects_error_detail" time="0.002" /><testcase classname="tests.test_diagnosis_prompt_comparison_schemas" name="test_failure_result_requires_safe_error_detail[invalid_response]" time="0.003" /><testcase classname="tests.test_diagnosis_prompt_comparison_schemas" name="test_failure_result_requires_safe_error_detail[timeout]" time="0.002" /><testcase classname="tests.test_diagnosis_prompt_comparison_schemas" name="test_failure_result_requires_safe_error_detail[upstream_error]" time="0.003" /><testcase classname="tests.test_diagnosis_prompt_comparison_schemas" name="test_failure_result_rejects_draft" time="0.002" /><testcase classname="tests.test_diagnosis_prompt_comparison_schemas" name="test_failure_result_requires_error_detail" time="0.003" /><testcase classname="tests.test_diagnosis_prompt_comparison_schemas" name="test_comparison_case_binds_same_input_to_two_results" time="0.003" /><testcase classname="tests.test_diagnosis_prompt_comparison_schemas" name="test_comparison_case_requires_distinct_versions" time="0.004" /><testcase classname="tests.test_diagnosis_prompt_comparison_schemas" name="test_variant_metrics_accept_consistent_counts" time="0.002" /><testcase classname="tests.test_diagnosis_prompt_comparison_schemas" name="test_variant_metrics_reject_outcome_count_mismatch" time="0.002" /><testcase classname="tests.test_diagnosis_prompt_comparison_schemas" name="test_variant_metrics_reject_incorrect_rate" time="0.002" /><testcase classname="tests.test_diagnosis_prompt_comparison_schemas" name="test_report_rejects_duplicate_case_ids" time="0.005" /><testcase classname="tests.test_diagnosis_prompt_comparison_schemas" name="test_report_serializes_complete_experiment" time="0.003" /><testcase classname="tests.test_diagnosis_prompt_comparison_schemas" name="test_unknown_report_field_is_rejected" time="0.003" /><testcase classname="tests.test_diagnosis_prompt_comparison_schemas" name="test_report_rejects_generated_at_field" time="0.003" /><testcase classname="tests.test_diagnosis_prompts" name="test_prompt_version_is_stable" time="0.002" /><testcase classname="tests.test_diagnosis_prompts" name="test_prompt_variants_have_auditable_versions" time="0.002" /><testcase classname="tests.test_diagnosis_prompts" name="test_basic_variant_changes_only_prompt_variables" time="0.013" /><testcase classname="tests.test_diagnosis_prompts" name="test_prompt_variant_must_use_internal_contract" time="0.002" /><testcase classname="tests.test_diagnosis_prompts" name="test_prompt_variant_rejects_blank_values[-\u6709\u6548\u63d0\u793a-Prompt\u7248\u672c\u53f7\u4e0d\u80fd\u4e3a\u7a7a]" time="0.004" /><testcase classname="tests.test_diagnosis_prompts" name="test_prompt_variant_rejects_blank_values[diagnosis-test-v1-   -System Prompt\u4e0d\u80fd\u4e3a\u7a7a]" time="0.003" /><testcase classname="tests.test_diagnosis_prompts" name="test_evidence_map_orders_candidates_and_assigns_ids" time="0.001" /><testcase classname="tests.test_diagnosis_prompts" name="test_messages_serialize_request_evidence_and_schema" time="0.008" /><testcase classname="tests.test_diagnosis_prompts" name="test_request_data_is_json_escaped" time="0.004" /><testcase classname="tests.test_diagnosis_prompts" name="test_system_prompt_requires_evidence_whitelist" time="0.001" /><testcase classname="tests.test_diagnosis_prompts" name="test_system_prompt_requires_abstention_on_conflict" time="0.001" /><testcase classname="tests.test_diagnosis_prompts" name="test_system_prompt_restricts_high_risk_actions" time="0.002" /><testcase classname="tests.test_diagnosis_prompts" name="test_empty_evidence_is_rejected" time="0.002" /><testcase classname="tests.test_diagnosis_prompts" name="test_evidence_container_must_be_tuple" time="0.002" /><testcase classname="tests.test_diagnosis_prompts" name="test_invalid_candidate_type_is_rejected" time="0.002" /><testcase classname="tests.test_diagnosis_prompts" name="test_non_contiguous_ranks_are_rejected" time="0.001" /><testcase classname="tests.test_diagnosis_prompts" name="test_duplicate_chunk_ids_are_rejected" time="0.002" /><testcase classname="tests.test_diagnosis_prompts" name="test_request_type_is_checked" time="0.002" /><testcase classname="tests.test_diagnosis_report_builder" name="test_symptoms_preserve_request_sources" time="0.003" /><testcase classname="tests.test_diagnosis_report_builder" name="test_evidence_copies_trusted_candidate_fields" time="0.002" /><testcase classname="tests.test_diagnosis_report_builder" name="test_completed_draft_maps_ids_to_real_chunks" time="0.002" /><testcase classname="tests.test_diagnosis_report_builder" name="test_unreferenced_candidate_is_not_exposed" time="0.002" /><testcase classname="tests.test_diagnosis_report_builder" name="test_unknown_evidence_id_is_rejected" time="0.002" /><testcase classname="tests.test_diagnosis_report_builder" name="test_model_abstention_preserves_retrieved_evidence" time="0.002" /><testcase classname="tests.test_diagnosis_report_builder" name="test_partial_draft_preserves_missing_information" time="0.002" /><testcase classname="tests.test_diagnosis_report_builder" name="test_high_risk_check_preserves_qualification_boundary" time="0.002" /><testcase classname="tests.test_diagnosis_report_builder" name="test_no_candidate_gate_rejection_builds_stable_report" time="0.002" /><testcase classname="tests.test_diagnosis_report_builder" name="test_weak_gate_rejection_does_not_expose_candidates" time="0.002" /><testcase classname="tests.test_diagnosis_report_builder" name="test_draft_path_requires_accepted_gate" time="0.002" /><testcase classname="tests.test_diagnosis_report_builder" name="test_gate_rejection_path_rejects_accepted_gate" time="0.002" /><testcase classname="tests.test_diagnosis_report_builder" name="test_draft_builder_checks_runtime_types[invalid-request]" time="0.003" /><testcase classname="tests.test_diagnosis_report_builder" name="test_draft_builder_checks_runtime_types[invalid-retrieval-result]" time="0.003" /><testcase classname="tests.test_diagnosis_report_builder" name="test_draft_builder_checks_runtime_types[invalid-draft]" time="0.003" /><testcase classname="tests.test_diagnosis_report_builder" name="test_generation_failure_builds_stable_abstained_report[invalid-output]" time="0.002" /><testcase classname="tests.test_diagnosis_report_builder" name="test_generation_failure_builds_stable_abstained_report[timeout]" time="0.003" /><testcase classname="tests.test_diagnosis_report_builder" name="test_generation_failure_builds_stable_abstained_report[upstream-error]" time="0.002" /><testcase classname="tests.test_diagnosis_report_builder" name="test_generation_failure_path_requires_accepted_gate" time="0.002" /><testcase classname="tests.test_diagnosis_report_builder" name="test_generation_failure_rejects_unknown_reason" time="0.002" /><testcase classname="tests.test_diagnosis_service" name="test_retrieval_query_uses_symptom_and_log_but_not_robot_id" time="0.002" /><testcase classname="tests.test_diagnosis_service" name="test_unrestricted_request_builds_no_internal_scope" time="0.001" /><testcase classname="tests.test_diagnosis_service" name="test_api_scope_is_copied_into_immutable_internal_scope" time="0.003" /><testcase classname="tests.test_diagnosis_service" name="test_gate_rejection_skips_llm_and_returns_stable_report" time="0.006" /><testcase classname="tests.test_diagnosis_service" name="test_accepted_evidence_calls_llm_and_builds_traceable_report" time="0.007" /><testcase classname="tests.test_diagnosis_service" name="test_constructor_rejects_invalid_retrieval_top_k[boolean]" time="0.003" /><testcase classname="tests.test_diagnosis_service" name="test_constructor_rejects_invalid_retrieval_top_k[zero]" time="0.003" /><testcase classname="tests.test_diagnosis_service" name="test_blank_request_id_is_rejected_before_retrieval" time="0.006" /><testcase classname="tests.test_diagnosis_service" name="test_invalid_retrieval_result_stops_before_llm" time="0.006" /><testcase classname="tests.test_diagnosis_service" name="test_known_generation_error_returns_stable_report[invalid-llm-response]" time="0.007" /><testcase classname="tests.test_diagnosis_service" name="test_known_generation_error_returns_stable_report[llm-timeout]" time="0.007" /><testcase classname="tests.test_diagnosis_service" name="test_known_generation_error_returns_stable_report[llm-upstream-error]" time="0.007" /><testcase classname="tests.test_diagnosis_service" name="test_unknown_draft_reference_is_degraded" time="0.007" /><testcase classname="tests.test_diagnosis_service" name="test_unexpected_generation_error_is_not_hidden" time="0.005" /><testcase classname="tests.test_diagnostics_api" name="test_diagnostics_returns_traceable_report" time="0.048" /><testcase classname="tests.test_diagnostics_api" name="test_diagnostics_returns_abstained_report_with_200" time="0.046" /><testcase classname="tests.test_diagnostics_api" name="test_invalid_diagnostics_request_returns_422_before_service[missing-robot-id]" time="0.044" /><testcase classname="tests.test_diagnostics_api" name="test_invalid_diagnostics_request_returns_422_before_service[blank-symptom]" time="0.046" /><testcase classname="tests.test_diagnostics_api" name="test_invalid_diagnostics_request_returns_422_before_service[extra-field]" time="0.042" /><testcase classname="tests.test_diagnostics_api" name="test_invalid_diagnostics_request_returns_422_before_service[empty-retrieval-scope]" time="0.039" /><testcase classname="tests.test_diagnostics_schemas" name="test_request_strips_text_and_accepts_scope" time="0.001" /><testcase classname="tests.test_diagnostics_schemas" name="test_retrieval_scope_requires_a_filter" time="0.002" /><testcase classname="tests.test_diagnostics_schemas" name="test_retrieval_scope_rejects_blank_source_file" time="0.002" /><testcase classname="tests.test_diagnostics_schemas" name="test_retrieval_scope_rejects_duplicates[duplicate-document-id]" time="0.002" /><testcase classname="tests.test_diagnostics_schemas" name="test_retrieval_scope_rejects_duplicates[duplicate-source-file]" time="0.002" /><testcase classname="tests.test_diagnostics_schemas" name="test_high_risk_check_requires_qualified_person" time="0.002" /><testcase classname="tests.test_diagnostics_schemas" name="test_completed_report_accepts_known_evidence" time="0.002" /><testcase classname="tests.test_diagnostics_schemas" name="test_report_rejects_unknown_evidence_reference" time="0.002" /><testcase classname="tests.test_diagnostics_schemas" name="test_report_rejects_duplicate_evidence_chunks" time="0.002" /><testcase classname="tests.test_diagnostics_schemas" name="test_abstained_report_requires_missing_information" time="0.002" /><testcase classname="tests.test_diagnostics_schemas" name="test_missing_information_rejects_blank_item" time="0.001" /><testcase classname="tests.test_diagnostics_schemas" name="test_abstained_report_cannot_include_conclusions" time="0.002" /><testcase classname="tests.test_diagnostics_schemas" name="test_non_abstained_report_requires_evidence" time="0.002" /><testcase classname="tests.test_diagnostics_schemas" name="test_status_and_abstained_must_agree[abstained-False]" time="0.002" /><testcase classname="tests.test_diagnostics_schemas" name="test_status_and_abstained_must_agree[completed-True]" time="0.001" /><testcase classname="tests.test_diagnostics_schemas" name="test_status_and_abstained_must_agree[partial-True]" time="0.002" /><testcase classname="tests.test_diagnostics_schemas" name="test_partial_report_requires_missing_information" time="0.001" /><testcase classname="tests.test_diagnostics_schemas" name="test_completed_report_rejects_missing_information" time="0.001" /><testcase classname="tests.test_diagnostics_schemas" name="test_request_rejects_unknown_fields" time="0.001" /><testcase classname="tests.test_document_catalog" name="test_list_documents_returns_stored_records" time="0.001" /><testcase classname="tests.test_document_catalog" name="test_delete_document_removes_existing_record" time="0.001" /><testcase classname="tests.test_document_catalog" name="test_delete_missing_document_raises_error" time="0.001" /><testcase classname="tests.test_document_loader" name="test_txt_loader_splits_fault_sections" time="0.008" /><testcase classname="tests.test_document_loader" name="test_malformed_marker_does_not_create_fake_section" time="0.007" /><testcase classname="tests.test_document_loader" name="test_generic_txt_becomes_one_segment" time="0.007" /><testcase classname="tests.test_document_loader" name="test_empty_txt_is_rejected" time="0.007" /><testcase classname="tests.test_document_loader" name="test_wrong_file_extension_is_rejected" time="0.005" /><testcase classname="tests.test_document_loader" name="test_markdown_loader_builds_heading_paths" time="0.008" /><testcase classname="tests.test_document_loader" name="test_markdown_section_keeps_heading_in_content" time="0.008" /><testcase classname="tests.test_document_loader" name="test_markdown_without_headings_becomes_one_segment" time="0.007" /><testcase classname="tests.test_document_loader" name="test_markdown_preamble_is_preserved" time="0.009" /><testcase classname="tests.test_document_loader" name="test_markdown_loader_rejects_txt" time="0.010" /><testcase classname="tests.test_document_loader" name="test_pdf_loader_extracts_non_empty_pages" time="0.015" /><testcase classname="tests.test_document_loader" name="test_pdf_loader_rejects_document_without_text" time="0.009" /><testcase classname="tests.test_document_loader" name="test_pdf_loader_wraps_parsing_failure" time="0.007" /><testcase classname="tests.test_document_loader" name="test_markdown_groups_subsections_into_level_three" time="0.009" /><testcase classname="tests.test_document_loader" name="test_grouped_markdown_sections_do_not_overlap" time="0.010" /><testcase classname="tests.test_document_preparation" name="test_calculate_file_sha256_uses_original_bytes" time="0.010" /><testcase classname="tests.test_document_preparation" name="test_prepare_txt_creates_traceable_chunks" time="0.012" /><testcase classname="tests.test_document_preparation" name="test_prepare_markdown_preserves_heading_path" time="0.007" /><testcase classname="tests.test_document_preparation" name="test_same_file_content_has_same_document_id" time="0.010" /><testcase classname="tests.test_document_preparation" name="test_changed_file_content_changes_document_id" time="0.009" /><testcase classname="tests.test_document_preparation" name="test_unsupported_file_type_is_rejected" time="0.007" /><testcase classname="tests.test_document_preparation" name="test_invalid_hash_block_size_is_rejected" time="0.005" /><testcase classname="tests.test_document_preparation" name="test_prepare_pdf_preserves_page_metadata" time="0.009" /><testcase classname="tests.test_document_service" name="test_ingest_document_runs_complete_pipeline" time="0.013" /><testcase classname="tests.test_document_service" name="test_duplicate_is_rejected_before_embedding" time="0.014" /><testcase classname="tests.test_document_service" name="test_unsupported_file_type_is_rejected" time="0.011" /><testcase classname="tests.test_document_service" name="test_oversized_file_is_rejected" time="0.009" /><testcase classname="tests.test_embedding_client" name="test_create_embedding_client_requires_own_api_key" time="0.002" /><testcase classname="tests.test_embedding_client" name="test_get_embedding_model_rejects_blank_name" time="0.003" /><testcase classname="tests.test_embedding_client" name="test_create_embedding_client_uses_embedding_base_url" time="0.056" /><testcase classname="tests.test_embedding_service" name="test_embed_texts_restores_input_order" time="0.005" /><testcase classname="tests.test_embedding_service" name="test_embed_texts_rejects_empty_batch" time="0.006" /><testcase classname="tests.test_embedding_service" name="test_embed_texts_rejects_incomplete_response" time="0.004" /><testcase classname="tests.test_error_responses" name="test_triage_success_contains_same_request_id" time="0.007" /><testcase classname="tests.test_error_responses" name="test_application_error_response[application_error0-503-llm_configuration_error-LLM \u670d\u52a1\u672a\u6b63\u786e\u914d\u7f6e]" time="0.007" /><testcase classname="tests.test_error_responses" name="test_application_error_response[application_error1-504-llm_timeout-LLM \u670d\u52a1\u54cd\u5e94\u8d85\u65f6]" time="0.009" /><testcase classname="tests.test_error_responses" name="test_application_error_response[application_error2-502-llm_upstream_error-LLM \u4e0a\u6e38\u670d\u52a1\u6682\u65f6\u4e0d\u53ef\u7528]" time="0.009" /><testcase classname="tests.test_error_responses" name="test_application_error_response[application_error3-502-invalid_llm_response-LLM \u8fd4\u56de\u4e86\u65e0\u6cd5\u5904\u7406\u7684\u54cd\u5e94]" time="0.008" /><testcase classname="tests.test_evaluate_citations" name="test_evaluate_citations_via_api_builds_report" time="0.006" /><testcase classname="tests.test_evaluate_citations" name="test_evaluation_reports_http_error_with_request_id" time="0.004" /><testcase classname="tests.test_evaluate_citations" name="test_evaluation_rejects_invalid_json_response" time="0.004" /><testcase classname="tests.test_evaluate_citations" name="test_evaluation_rejects_invalid_response_contract" time="0.006" /><testcase classname="tests.test_evaluate_citations" name="test_evaluation_converts_http_timeout" time="0.004" /><testcase classname="tests.test_evaluate_citations" name="test_duplicate_question_id_is_rejected_before_http" time="0.004" /><testcase classname="tests.test_evaluate_citations" name="test_render_markdown_contains_summary_and_passed_questions" time="0.002" /><testcase classname="tests.test_evaluate_citations" name="test_render_markdown_describes_hybrid_gate_strategy" time="0.002" /><testcase classname="tests.test_evaluate_citations" name="test_render_markdown_explains_answerable_abstention" time="0.002" /><testcase classname="tests.test_evaluate_citations" name="test_write_reports_creates_parseable_files" time="0.016" /><testcase classname="tests.test_evaluate_citations" name="test_compact_preview_normalizes_and_truncates" time="0.002" /><testcase classname="tests.test_evaluate_citations" name="test_compact_preview_rejects_invalid_length" time="0.002" /><testcase classname="tests.test_evaluate_citations" name="test_parse_args_uses_reproducible_defaults" time="0.008" /><testcase classname="tests.test_evaluate_citations" name="test_parse_args_converts_user_overrides" time="0.010" /><testcase classname="tests.test_evaluate_citations" name="test_print_summary_outputs_key_metrics" time="0.003" /><testcase classname="tests.test_evaluate_hybrid_gate" name="test_parse_args_uses_documented_default_paths" time="0.008" /><testcase classname="tests.test_evaluate_hybrid_gate" name="test_parse_args_preserves_explicit_paths" time="0.008" /><testcase classname="tests.test_evaluate_hybrid_gate" name="test_load_candidate_report_validates_json" time="0.006" /><testcase classname="tests.test_evaluate_hybrid_gate" name="test_gate_report_to_dict_is_json_serializable" time="0.002" /><testcase classname="tests.test_evaluate_hybrid_gate" name="test_markdown_is_a_redacted_audit_summary" time="0.003" /><testcase classname="tests.test_evaluate_hybrid_gate" name="test_write_evaluation_reports_creates_both_files" time="0.008" /><testcase classname="tests.test_evaluate_hybrid_gate" name="test_run_evaluation_executes_complete_local_flow" time="0.011" /><testcase classname="tests.test_evaluate_hybrid_gate" name="test_print_summary_reports_safety_and_scope" time="0.008" /><testcase classname="tests.test_evaluate_retrieval_strategies" name="test_positive_integer_parser_accepts_integer" time="0.002" /><testcase classname="tests.test_evaluate_retrieval_strategies" name="test_positive_integer_parser_rejects_invalid_values[invalid-text]" time="0.002" /><testcase classname="tests.test_evaluate_retrieval_strategies" name="test_positive_integer_parser_rejects_invalid_values[zero]" time="0.002" /><testcase classname="tests.test_evaluate_retrieval_strategies" name="test_positive_integer_parser_rejects_invalid_values[negative]" time="0.002" /><testcase classname="tests.test_evaluate_retrieval_strategies" name="test_top_k_parser_requires_at_least_three[top-one]" time="0.002" /><testcase classname="tests.test_evaluate_retrieval_strategies" name="test_top_k_parser_requires_at_least_three[top-two]" time="0.002" /><testcase classname="tests.test_evaluate_retrieval_strategies" name="test_parse_args_uses_expected_defaults" time="0.007" /><testcase classname="tests.test_evaluate_retrieval_strategies" name="test_parse_args_accepts_rewrite_rerank_strategy" time="0.008" /><testcase classname="tests.test_evaluate_retrieval_strategies" name="test_strategy_parameters_match_selected_strategy[vector]" time="0.002" /><testcase classname="tests.test_evaluate_retrieval_strategies" name="test_strategy_parameters_match_selected_strategy[hybrid]" time="0.002" /><testcase classname="tests.test_evaluate_retrieval_strategies" name="test_strategy_parameters_match_selected_strategy[hybrid-rewrite]" time="0.003" /><testcase classname="tests.test_evaluate_retrieval_strategies" name="test_strategy_parameters_match_selected_strategy[hybrid-rewrite-rerank]" time="0.002" /><testcase classname="tests.test_evaluate_retrieval_strategies" name="test_runtime_rerank_policy_is_built_from_audited_parameters" time="0.001" /><testcase classname="tests.test_evaluate_retrieval_strategies" name="test_runtime_rerank_policy_is_none_for_plain_strategy" time="0.002" /><testcase classname="tests.test_evaluate_retrieval_strategies" name="test_runtime_rerank_policy_rejects_version_mismatch" time="0.001" /><testcase classname="tests.test_evaluate_retrieval_strategies" name="test_unsupported_strategy_is_rejected" time="0.001" /><testcase classname="tests.test_evaluate_retrieval_strategies" name="test_default_output_paths_include_strategy_name" time="0.001" /><testcase classname="tests.test_evaluate_retrieval_strategies" name="test_rerank_default_output_paths_include_full_strategy_name" time="0.001" /><testcase classname="tests.test_evaluate_retrieval_strategies" name="test_explicit_output_paths_are_preserved" time="0.007" /><testcase classname="tests.test_evaluate_retrieval_strategies" name="test_vector_markdown_contains_similarity_and_metrics" time="0.002" /><testcase classname="tests.test_evaluate_retrieval_strategies" name="test_hybrid_markdown_contains_rrf_audit_fields" time="0.002" /><testcase classname="tests.test_evaluate_retrieval_strategies" name="test_rerank_markdown_contains_version_and_head_depths" time="0.002" /><testcase classname="tests.test_evaluate_retrieval_strategies" name="test_write_reports_creates_json_and_markdown" time="0.016" /><testcase classname="tests.test_evaluation_data" name="test_load_gold_questions" time="0.011" /><testcase classname="tests.test_evaluation_data" name="test_invalid_json_reports_line_number" time="0.011" /><testcase classname="tests.test_evaluation_data" name="test_duplicate_question_id_is_rejected" time="0.011" /><testcase classname="tests.test_evaluation_data" name="test_unanswerable_question_cannot_have_evidence" time="0.014" /><testcase classname="tests.test_evaluation_schema" name="test_valid_retrieval_evaluation_report" time="0.003" /><testcase classname="tests.test_evaluation_schema" name="test_report_top_k_cannot_be_less_than_three" time="0.002" /><testcase classname="tests.test_evaluation_schema" name="test_similarity_cannot_exceed_one" time="0.003" /><testcase classname="tests.test_evaluation_schema" name="test_report_rejects_unknown_fields" time="0.003" /><testcase classname="tests.test_evaluation_schema" name="test_report_can_be_serialized_for_json" time="0.002" /><testcase classname="tests.test_gated_hybrid_retrieval" name="test_exact_identifier_candidate_is_accepted" time="0.007" /><testcase classname="tests.test_gated_hybrid_retrieval" name="test_weak_candidate_is_rejected" time="0.007" /><testcase classname="tests.test_gated_hybrid_retrieval" name="test_empty_candidates_return_no_candidates" time="0.006" /><testcase classname="tests.test_gated_hybrid_retrieval" name="test_invalid_provider_result_is_rejected" time="0.007" /><testcase classname="tests.test_gated_hybrid_retrieval" name="test_provider_exception_is_not_hidden" time="0.006" /><testcase classname="tests.test_gated_hybrid_retrieval" name="test_result_owns_deep_candidate_snapshot" time="0.007" /><testcase classname="tests.test_gated_hybrid_retrieval" name="test_constructor_rejects_invalid_policy" time="0.003" /><testcase classname="tests.test_gated_hybrid_retrieval" name="test_retrieval_scope_is_forwarded_before_gate_evaluation" time="0.007" /><testcase classname="tests.test_gated_hybrid_retrieval" name="test_invalid_retrieval_scope_is_rejected_before_provider" time="0.008" /><testcase classname="tests.test_head_preserving_reranking" name="test_default_policy_and_version_are_stable" time="0.002" /><testcase classname="tests.test_head_preserving_reranking" name="test_keyword_head_outside_top_k_is_rescued" time="0.003" /><testcase classname="tests.test_head_preserving_reranking" name="test_vector_and_keyword_heads_preserve_complementary_evidence" time="0.004" /><testcase classname="tests.test_head_preserving_reranking" name="test_existing_heads_keep_original_rrf_order" time="0.004" /><testcase classname="tests.test_head_preserving_reranking" name="test_too_many_heads_use_original_fused_order" time="0.003" /><testcase classname="tests.test_head_preserving_reranking" name="test_returned_chunks_are_deep_copies" time="0.003" /><testcase classname="tests.test_head_preserving_reranking" name="test_policy_rejects_invalid_head_depths[fused_head_k-True-TypeError]" time="0.004" /><testcase classname="tests.test_head_preserving_reranking" name="test_policy_rejects_invalid_head_depths[vector_head_k--1-ValueError]" time="0.003" /><testcase classname="tests.test_head_preserving_reranking" name="test_policy_rejects_invalid_head_depths[keyword_head_k-False-TypeError]" time="0.005" /><testcase classname="tests.test_head_preserving_reranking" name="test_reranker_rejects_invalid_top_k[True-TypeError]" time="0.005" /><testcase classname="tests.test_head_preserving_reranking" name="test_reranker_rejects_invalid_top_k[0-ValueError]" time="0.004" /><testcase classname="tests.test_hybrid_gate_evaluation" name="test_gate_question_outcomes_are_classified[answerable-full]" time="0.009" /><testcase classname="tests.test_hybrid_gate_evaluation" name="test_gate_question_outcomes_are_classified[answerable-incomplete]" time="0.010" /><testcase classname="tests.test_hybrid_gate_evaluation" name="test_gate_question_outcomes_are_classified[answerable-rejected]" time="0.008" /><testcase classname="tests.test_hybrid_gate_evaluation" name="test_gate_question_outcomes_are_classified[unanswerable-false-accept]" time="0.009" /><testcase classname="tests.test_hybrid_gate_evaluation" name="test_gate_question_outcomes_are_classified[unanswerable-correct-abstain]" time="0.010" /><testcase classname="tests.test_hybrid_gate_evaluation" name="test_gate_metrics_count_all_five_outcomes" time="0.007" /><testcase classname="tests.test_hybrid_gate_evaluation" name="test_report_preserves_candidate_and_policy_snapshots" time="0.013" /><testcase classname="tests.test_hybrid_gate_evaluation" name="test_metrics_reject_empty_duplicate_and_invalid_items" time="0.009" /><testcase classname="tests.test_hybrid_gate_evaluation" name="test_question_evaluation_rejects_wrong_types" time="0.004" /><testcase classname="tests.test_hybrid_gate_evaluation" name="test_report_rejects_vector_candidate_report" time="0.004" /><testcase classname="tests.test_hybrid_gate_evaluation" name="test_report_contract_has_no_generated_at_field" time="0.004" /><testcase classname="tests.test_hybrid_knowledge_query_service" name="test_build_hybrid_citations_preserves_real_scores" time="0.006" /><testcase classname="tests.test_hybrid_knowledge_query_service" name="test_accepted_gate_calls_llm_and_maps_e2_to_real_chunk" time="0.012" /><testcase classname="tests.test_hybrid_knowledge_query_service" name="test_rejected_gate_abstains_without_calling_llm" time="0.013" /><testcase classname="tests.test_hybrid_knowledge_query_service" name="test_llm_secondary_abstention_returns_stable_response" time="0.011" /><testcase classname="tests.test_hybrid_knowledge_query_service" name="test_unknown_evidence_id_is_rejected" time="0.010" /><testcase classname="tests.test_hybrid_knowledge_query_service" name="test_invalid_retrieval_result_stops_before_llm" time="0.009" /><testcase classname="tests.test_hybrid_knowledge_query_service" name="test_invalid_answer_result_is_rejected" time="0.009" /><testcase classname="tests.test_hybrid_retrieval" name="test_consensus_candidate_accumulates_both_rrf_contributions" time="0.004" /><testcase classname="tests.test_hybrid_retrieval" name="test_single_source_candidates_keep_only_their_own_fields" time="0.004" /><testcase classname="tests.test_hybrid_retrieval" name="test_rrf_ignores_vector_similarity_magnitude" time="0.005" /><testcase classname="tests.test_hybrid_retrieval" name="test_rrf_ignores_keyword_score_magnitude" time="0.004" /><testcase classname="tests.test_hybrid_retrieval" name="test_custom_rank_constant_changes_formula" time="0.004" /><testcase classname="tests.test_hybrid_retrieval" name="test_top_k_limits_union_and_reassigns_final_ranks" time="0.005" /><testcase classname="tests.test_hybrid_retrieval" name="test_unsorted_inputs_are_sorted_without_mutating_input_lists" time="0.003" /><testcase classname="tests.test_hybrid_retrieval" name="test_empty_rankings_return_empty_results" time="0.003" /><testcase classname="tests.test_hybrid_retrieval" name="test_duplicate_vector_chunk_id_is_rejected" time="0.004" /><testcase classname="tests.test_hybrid_retrieval" name="test_duplicate_keyword_chunk_id_is_rejected" time="0.006" /><testcase classname="tests.test_hybrid_retrieval" name="test_rank_sequence_must_be_continuous[vector-rank-gap]" time="0.003" /><testcase classname="tests.test_hybrid_retrieval" name="test_rank_sequence_must_be_continuous[keyword-rank-gap]" time="0.003" /><testcase classname="tests.test_hybrid_retrieval" name="test_result_items_must_match_their_contract[invalid-vector-item]" time="0.004" /><testcase classname="tests.test_hybrid_retrieval" name="test_result_items_must_match_their_contract[invalid-keyword-item]" time="0.003" /><testcase classname="tests.test_hybrid_retrieval" name="test_ranked_sources_must_be_lists[vector-tuple]" time="0.003" /><testcase classname="tests.test_hybrid_retrieval" name="test_ranked_sources_must_be_lists[keyword-tuple]" time="0.004" /><testcase classname="tests.test_hybrid_retrieval" name="test_invalid_configuration_is_rejected[boolean-top-k]" time="0.003" /><testcase classname="tests.test_hybrid_retrieval" name="test_invalid_configuration_is_rejected[zero-top-k]" time="0.005" /><testcase classname="tests.test_hybrid_retrieval" name="test_invalid_configuration_is_rejected[boolean-rank-constant]" time="0.004" /><testcase classname="tests.test_hybrid_retrieval" name="test_invalid_configuration_is_rejected[zero-rank-constant]" time="0.005" /><testcase classname="tests.test_hybrid_retrieval" name="test_same_chunk_id_with_different_snapshot_is_rejected" time="0.004" /><testcase classname="tests.test_hybrid_retrieval" name="test_fused_chunk_is_deeply_isolated_from_input" time="0.003" /><testcase classname="tests.test_hybrid_retrieval" name="test_hybrid_retriever_orchestrates_both_candidate_paths" time="0.003" /><testcase classname="tests.test_hybrid_retrieval" name="test_hybrid_retriever_forwards_same_scope_to_both_paths" time="0.002" /><testcase classname="tests.test_hybrid_retrieval" name="test_hybrid_retriever_rejects_invalid_scope_before_dependencies" time="0.002" /><testcase classname="tests.test_hybrid_retrieval" name="test_hybrid_retriever_returns_empty_when_both_paths_are_empty" time="0.002" /><testcase classname="tests.test_hybrid_retrieval" name="test_hybrid_retriever_rejects_invalid_constructor_configuration[non-string-embedding-model]" time="0.005" /><testcase classname="tests.test_hybrid_retrieval" name="test_hybrid_retriever_rejects_invalid_constructor_configuration[blank-embedding-model]" time="0.003" /><testcase classname="tests.test_hybrid_retrieval" name="test_hybrid_retriever_rejects_invalid_constructor_configuration[boolean-candidate-k]" time="0.003" /><testcase classname="tests.test_hybrid_retrieval" name="test_hybrid_retriever_rejects_invalid_constructor_configuration[zero-candidate-k]" time="0.003" /><testcase classname="tests.test_hybrid_retrieval" name="test_hybrid_retriever_rejects_invalid_constructor_configuration[boolean-rank-constant]" time="0.004" /><testcase classname="tests.test_hybrid_retrieval" name="test_hybrid_retriever_rejects_invalid_constructor_configuration[zero-rank-constant]" time="0.003" /><testcase classname="tests.test_hybrid_retrieval" name="test_hybrid_retriever_rejects_invalid_constructor_configuration[invalid-rerank-policy]" time="0.004" /><testcase classname="tests.test_hybrid_retrieval" name="test_hybrid_retriever_rejects_invalid_query_before_dependencies[non-string-query]" time="0.004" /><testcase classname="tests.test_hybrid_retrieval" name="test_hybrid_retriever_rejects_invalid_query_before_dependencies[blank-query]" time="0.004" /><testcase classname="tests.test_hybrid_retrieval" name="test_hybrid_retriever_rejects_invalid_top_k_before_dependencies[boolean-top-k]" time="0.004" /><testcase classname="tests.test_hybrid_retrieval" name="test_hybrid_retriever_rejects_invalid_top_k_before_dependencies[zero-top-k]" time="0.003" /><testcase classname="tests.test_hybrid_retrieval" name="test_hybrid_retriever_rejects_invalid_top_k_before_dependencies[top-k-larger-than-candidate-k]" time="0.004" /><testcase classname="tests.test_hybrid_retrieval" name="test_hybrid_retriever_stops_when_vector_path_fails" time="0.003" /><testcase classname="tests.test_hybrid_retrieval" name="test_hybrid_retriever_propagates_keyword_path_failure" time="0.003" /><testcase classname="tests.test_hybrid_retrieval" name="test_hybrid_retriever_applies_optional_reranking_to_full_fused_pool[plain-rrf-keeps-fused-top-k]" time="0.005" /><testcase classname="tests.test_hybrid_retrieval" name="test_hybrid_retriever_applies_optional_reranking_to_full_fused_pool[rerank-rescues-keyword-head]" time="0.004" /><testcase classname="tests.test_hybrid_retrieval_gate" name="test_default_policy_records_calibrated_parameters" time="0.002" /><testcase classname="tests.test_hybrid_retrieval_gate" name="test_policy_is_immutable_after_creation" time="0.003" /><testcase classname="tests.test_hybrid_retrieval_gate" name="test_empty_candidates_are_rejected" time="0.002" /><testcase classname="tests.test_hybrid_retrieval_gate" name="test_general_dual_path_support_is_accepted" time="0.002" /><testcase classname="tests.test_hybrid_retrieval_gate" name="test_high_similarity_with_only_model_name_is_rejected" time="0.003" /><testcase classname="tests.test_hybrid_retrieval_gate" name="test_exact_identifier_in_top_k_can_use_lower_threshold" time="0.003" /><testcase classname="tests.test_hybrid_retrieval_gate" name="test_model_and_lexical_support_can_use_lower_threshold" time="0.003" /><testcase classname="tests.test_hybrid_retrieval_gate" name="test_vector_only_candidate_is_rejected" time="0.002" /><testcase classname="tests.test_hybrid_retrieval_gate" name="test_similarity_equal_to_threshold_is_accepted[general-equality]" time="0.003" /><testcase classname="tests.test_hybrid_retrieval_gate" name="test_similarity_equal_to_threshold_is_accepted[identifier-equality]" time="0.003" /><testcase classname="tests.test_hybrid_retrieval_gate" name="test_similarity_equal_to_threshold_is_accepted[model-equality]" time="0.004" /><testcase classname="tests.test_hybrid_retrieval_gate" name="test_invalid_policy_parameters_are_rejected[general-above-one]" time="0.003" /><testcase classname="tests.test_hybrid_retrieval_gate" name="test_invalid_policy_parameters_are_rejected[identifier-below-zero]" time="0.004" /><testcase classname="tests.test_hybrid_retrieval_gate" name="test_invalid_policy_parameters_are_rejected[model-nan]" time="0.004" /><testcase classname="tests.test_hybrid_retrieval_gate" name="test_invalid_policy_parameters_are_rejected[zero-model-terms]" time="0.003" /><testcase classname="tests.test_hybrid_retrieval_gate" name="test_gate_rejects_invalid_container_and_items" time="0.003" /><testcase classname="tests.test_hybrid_retrieval_gate" name="test_gate_rejects_rank_gaps_and_duplicate_chunks" time="0.004" /><testcase classname="tests.test_hybrid_retrieval_gate" name="test_gate_requires_policy_instance" time="0.002" /><testcase classname="tests.test_hybrid_retrieval_schema" name="test_vector_only_hybrid_result_is_valid" time="0.003" /><testcase classname="tests.test_hybrid_retrieval_schema" name="test_keyword_only_hybrid_result_is_valid" time="0.003" /><testcase classname="tests.test_hybrid_retrieval_schema" name="test_dual_source_hybrid_result_is_valid" time="0.003" /><testcase classname="tests.test_hybrid_retrieval_schema" name="test_vector_fields_must_appear_together[rank-without-similarity]" time="0.004" /><testcase classname="tests.test_hybrid_retrieval_schema" name="test_vector_fields_must_appear_together[similarity-without-rank]" time="0.004" /><testcase classname="tests.test_hybrid_retrieval_schema" name="test_keyword_fields_must_appear_together[rank-without-score]" time="0.003" /><testcase classname="tests.test_hybrid_retrieval_schema" name="test_keyword_fields_must_appear_together[score-without-rank]" time="0.003" /><testcase classname="tests.test_hybrid_retrieval_schema" name="test_result_without_any_retrieval_source_is_rejected" time="0.003" /><testcase classname="tests.test_hybrid_retrieval_schema" name="test_keyword_source_without_explanation_is_rejected" time="0.003" /><testcase classname="tests.test_hybrid_retrieval_schema" name="test_vector_only_result_cannot_claim_keyword_matches" time="0.003" /><testcase classname="tests.test_hybrid_retrieval_schema" name="test_numeric_constraints_are_enforced[zero-rrf-score]" time="0.003" /><testcase classname="tests.test_hybrid_retrieval_schema" name="test_numeric_constraints_are_enforced[zero-final-rank]" time="0.003" /><testcase classname="tests.test_hybrid_retrieval_schema" name="test_numeric_constraints_are_enforced[nan-rrf-score]" time="0.003" /><testcase classname="tests.test_hybrid_retrieval_schema" name="test_numeric_constraints_are_enforced[similarity-above-one]" time="0.003" /><testcase classname="tests.test_hybrid_retrieval_schema" name="test_extra_field_is_rejected" time="0.003" /><testcase classname="tests.test_in_memory_retriever" name="test_retrieve_returns_top_k_in_similarity_order" time="0.003" /><testcase classname="tests.test_in_memory_retriever" name="test_equal_scores_use_chunk_id_as_tiebreaker" time="0.002" /><testcase classname="tests.test_in_memory_retriever" name="test_top_k_larger_than_corpus_returns_all_chunks" time="0.002" /><testcase classname="tests.test_in_memory_retriever" name="test_empty_corpus_returns_empty_results" time="0.002" /><testcase classname="tests.test_in_memory_retriever" name="test_non_positive_top_k_is_rejected" time="0.002" /><testcase classname="tests.test_in_memory_retriever" name="test_query_model_must_match_document_model" time="0.003" /><testcase classname="tests.test_in_memory_retriever" name="test_mixed_document_models_are_rejected" time="0.004" /><testcase classname="tests.test_in_memory_retriever" name="test_mixed_vector_dimensions_are_rejected" time="0.004" /><testcase classname="tests.test_ingest_documents" name="test_find_source_files_filters_and_sorts" time="0.025" /><testcase classname="tests.test_ingest_documents" name="test_ingest_files_classifies_results" time="0.018" /><testcase classname="tests.test_ingest_documents" name="test_build_ingestion_report_contains_summary" time="0.006" /><testcase classname="tests.test_keyword_retrieval" name="test_structured_terms_are_classified_separately" time="0.003" /><testcase classname="tests.test_keyword_retrieval" name="test_chinese_text_generates_ordered_bigrams_and_trigrams" time="0.002" /><testcase classname="tests.test_keyword_retrieval" name="test_ascii_terms_are_normalized_filtered_and_deduplicated" time="0.003" /><testcase classname="tests.test_keyword_retrieval" name="test_single_character_ascii_terms_are_filtered" time="0.002" /><testcase classname="tests.test_keyword_retrieval" name="test_exact_chinese_stop_term_is_removed" time="0.003" /><testcase classname="tests.test_keyword_retrieval" name="test_longer_context_around_stop_term_is_preserved" time="0.002" /><testcase classname="tests.test_keyword_retrieval" name="test_duplicate_chinese_ngrams_keep_first_order" time="0.003" /><testcase classname="tests.test_keyword_retrieval" name="test_blank_input_error_is_propagated[empty]" time="0.003" /><testcase classname="tests.test_keyword_retrieval" name="test_blank_input_error_is_propagated[spaces-only]" time="0.003" /><testcase classname="tests.test_keyword_retrieval" name="test_non_string_input_error_is_propagated" time="0.002" /><testcase classname="tests.test_keyword_retrieval" name="test_keyword_features_are_immutable" time="0.002" /><testcase classname="tests.test_keyword_retrieval" name="test_retrieve_scores_all_match_categories" time="0.004" /><testcase classname="tests.test_keyword_retrieval" name="test_lexical_score_is_capped" time="0.002" /><testcase classname="tests.test_keyword_retrieval" name="test_structured_weights_determine_top_k_order" time="0.002" /><testcase classname="tests.test_keyword_retrieval" name="test_lexical_only_candidate_requires_two_matches" time="0.002" /><testcase classname="tests.test_keyword_retrieval" name="test_equal_scores_use_chunk_id_as_stable_tie_breaker" time="0.003" /><testcase classname="tests.test_keyword_retrieval" name="test_empty_index_returns_empty_results" time="0.002" /><testcase classname="tests.test_keyword_retrieval" name="test_query_without_searchable_features_returns_empty_results" time="0.002" /><testcase classname="tests.test_keyword_retrieval" name="test_source_file_participates_in_keyword_index" time="0.001" /><testcase classname="tests.test_keyword_retrieval" name="test_page_number_does_not_become_numeric_evidence" time="0.002" /><testcase classname="tests.test_keyword_retrieval" name="test_duplicate_chunk_id_is_rejected" time="0.002" /><testcase classname="tests.test_keyword_retrieval" name="test_non_chunk_index_item_is_rejected" time="0.001" /><testcase classname="tests.test_keyword_retrieval" name="test_retrieve_rejects_non_integer_top_k[boolean]" time="0.001" /><testcase classname="tests.test_keyword_retrieval" name="test_retrieve_rejects_non_integer_top_k[float]" time="0.001" /><testcase classname="tests.test_keyword_retrieval" name="test_retrieve_rejects_non_integer_top_k[string]" time="0.002" /><testcase classname="tests.test_keyword_retrieval" name="test_retrieve_rejects_non_positive_top_k[zero]" time="0.001" /><testcase classname="tests.test_keyword_retrieval" name="test_retrieve_rejects_non_positive_top_k[negative]" time="0.001" /><testcase classname="tests.test_keyword_retrieval" name="test_retrieve_propagates_blank_query_error[empty]" time="0.001" /><testcase classname="tests.test_keyword_retrieval" name="test_retrieve_propagates_blank_query_error[spaces-only]" time="0.001" /><testcase classname="tests.test_keyword_retrieval" name="test_retrieve_propagates_non_string_query_error" time="0.001" /><testcase classname="tests.test_keyword_retrieval" name="test_index_and_returned_chunks_are_isolated_copies" time="0.002" /><testcase classname="tests.test_keyword_retrieval" name="test_source_scope_filters_before_top_k" time="0.002" /><testcase classname="tests.test_keyword_retrieval" name="test_document_id_scope_filters_keyword_candidates" time="0.002" /><testcase classname="tests.test_keyword_retrieval" name="test_combined_scope_requires_document_and_file" time="0.002" /><testcase classname="tests.test_keyword_retrieval" name="test_scope_without_matching_chunks_returns_empty" time="0.002" /><testcase classname="tests.test_keyword_retrieval" name="test_retrieve_rejects_invalid_scope_type" time="0.002" /><testcase classname="tests.test_knowledge_answer" name="test_prompt_serializes_question_and_evidence" time="0.002" /><testcase classname="tests.test_knowledge_answer" name="test_prompt_serializes_dual_path_hybrid_evidence" time="0.002" /><testcase classname="tests.test_knowledge_answer" name="test_prompt_keeps_keyword_only_similarity_null" time="0.001" /><testcase classname="tests.test_knowledge_answer" name="test_prompt_requires_status_qualifiers_to_be_preserved" time="0.002" /><testcase classname="tests.test_knowledge_answer" name="test_prompt_requires_safety_constraints_to_be_preserved" time="0.002" /><testcase classname="tests.test_knowledge_answer" name="test_prompt_requires_minimal_sufficient_evidence" time="0.002" /><testcase classname="tests.test_knowledge_answer" name="test_provider_returns_cleaned_content" time="0.009" /><testcase classname="tests.test_knowledge_answer" name="test_provider_converts_sdk_timeout" time="0.010" /><testcase classname="tests.test_knowledge_answer" name="test_provider_rejects_empty_choices" time="0.009" /><testcase classname="tests.test_knowledge_answer" name="test_provider_rejects_empty_content" time="0.008" /><testcase classname="tests.test_knowledge_answer" name="test_provider_rejects_invalid_json" time="0.007" /><testcase classname="tests.test_knowledge_answer" name="test_prompt_defines_secondary_abstention_contract" time="0.001" /><testcase classname="tests.test_knowledge_answer" name="test_provider_accepts_secondary_abstention" time="0.006" /><testcase classname="tests.test_knowledge_api" name="test_list_documents_returns_records" time="0.030" /><testcase classname="tests.test_knowledge_api" name="test_list_documents_returns_empty_list" time="0.044" /><testcase classname="tests.test_knowledge_api" name="test_delete_document_returns_success" time="0.026" /><testcase classname="tests.test_knowledge_api" name="test_delete_missing_document_returns_404" time="0.021" /><testcase classname="tests.test_knowledge_api" name="test_delete_invalid_document_id_returns_422" time="0.019" /><testcase classname="tests.test_knowledge_api" name="test_upload_document_returns_created_record" time="0.026" /><testcase classname="tests.test_knowledge_api" name="test_upload_duplicate_document_returns_409" time="0.027" /><testcase classname="tests.test_knowledge_api" name="test_upload_oversize_document_returns_422" time="0.025" /><testcase classname="tests.test_knowledge_api" name="test_query_knowledge_returns_answer_and_citations" time="0.017" /><testcase classname="tests.test_knowledge_api" name="test_query_knowledge_returns_abstained_response" time="0.016" /><testcase classname="tests.test_knowledge_api" name="test_query_knowledge_rejects_blank_question" time="0.016" /><testcase classname="tests.test_knowledge_api" name="test_query_knowledge_timeout_returns_504" time="0.018" /><testcase classname="tests.test_knowledge_config" name="test_knowledge_configuration_is_parsed" time="0.006" /><testcase classname="tests.test_knowledge_config" name="test_overlap_must_be_smaller_than_chunk_size" time="0.002" /><testcase classname="tests.test_knowledge_config" name="test_embedding_batch_size_must_be_positive" time="0.002" /><testcase classname="tests.test_knowledge_config" name="test_max_document_size_must_be_positive" time="0.002" /><testcase classname="tests.test_knowledge_config" name="test_similarity_threshold_must_be_in_range" time="0.002" /><testcase classname="tests.test_knowledge_config" name="test_default_similarity_threshold_uses_calibrated_baseline" time="0.002" /><testcase classname="tests.test_knowledge_dependencies" name="test_embedding_client_is_closed" time="0.007" /><testcase classname="tests.test_knowledge_dependencies" name="test_vector_store_uses_temporary_collection" time="0.255" /><testcase classname="tests.test_knowledge_dependencies" name="test_document_service_can_be_assembled_without_network" time="0.131" /><testcase classname="tests.test_knowledge_dependencies" name="test_knowledge_query_service_can_be_assembled_without_network" time="0.156" /><testcase classname="tests.test_knowledge_dependencies" name="test_knowledge_query_service_reuses_generic_hybrid_factory" time="0.012" /><testcase classname="tests.test_knowledge_query_schemas" name="test_query_request_strips_question_and_uses_default_top_k" time="0.002" /><testcase classname="tests.test_knowledge_query_schemas" name="test_query_request_rejects_invalid_top_k" time="0.002" /><testcase classname="tests.test_knowledge_query_schemas" name="test_answered_response_requires_citation" time="0.002" /><testcase classname="tests.test_knowledge_query_schemas" name="test_hybrid_citation_accepts_keyword_only_candidate" time="0.001" /><testcase classname="tests.test_knowledge_query_schemas" name="test_hybrid_citation_rejects_non_positive_rrf_score" time="0.003" /><testcase classname="tests.test_knowledge_query_schemas" name="test_citation_requires_at_least_one_retrieval_score" time="0.002" /><testcase classname="tests.test_knowledge_query_schemas" name="test_abstained_response_accepts_empty_citations" time="0.001" /><testcase classname="tests.test_knowledge_query_schemas" name="test_abstained_response_rejects_citations" time="0.003" /><testcase classname="tests.test_knowledge_query_schemas" name="test_answered_response_rejects_empty_citations" time="0.003" /><testcase classname="tests.test_knowledge_query_schemas" name="test_answer_draft_accepts_selected_evidence" time="0.002" /><testcase classname="tests.test_knowledge_query_schemas" name="test_answer_draft_accepts_secondary_abstention" time="0.002" /><testcase classname="tests.test_knowledge_query_schemas" name="test_answer_draft_rejects_answer_without_evidence" time="0.003" /><testcase classname="tests.test_knowledge_query_schemas" name="test_answer_draft_rejects_abstention_with_evidence" time="0.002" /><testcase classname="tests.test_knowledge_query_schemas" name="test_answer_draft_rejects_duplicate_evidence_ids" time="0.002" /><testcase classname="tests.test_knowledge_query_service" name="test_answer_query_uses_retrieved_evidence" time="0.014" /><testcase classname="tests.test_knowledge_query_service" name="test_low_similarity_abstains_without_llm" time="0.012" /><testcase classname="tests.test_knowledge_query_service" name="test_empty_store_abstains_without_llm" time="0.011" /><testcase classname="tests.test_knowledge_query_service" name="test_query_service_rejects_invalid_threshold" time="0.003" /><testcase classname="tests.test_knowledge_query_service" name="test_answer_query_rejects_unknown_evidence_id" time="0.009" /><testcase classname="tests.test_knowledge_schemas" name="test_document_record_accepts_valid_data" time="0.003" /><testcase classname="tests.test_knowledge_schemas" name="test_document_record_rejects_invalid_hash" time="0.003" /><testcase classname="tests.test_knowledge_schemas" name="test_document_record_rejects_unsupported_type" time="0.003" /><testcase classname="tests.test_knowledge_schemas" name="test_document_record_rejects_extra_fields" time="0.002" /><testcase classname="tests.test_knowledge_schemas" name="test_document_list_response_serializes_records" time="0.003" /><testcase classname="tests.test_knowledge_schemas" name="test_document_list_response_has_independent_empty_list" time="0.002" /><testcase classname="tests.test_lexical_normalization" name="test_identifier_variants_are_normalized[hyphen]" time="0.003" /><testcase classname="tests.test_lexical_normalization" name="test_identifier_variants_are_normalized[spaces]" time="0.003" /><testcase classname="tests.test_lexical_normalization" name="test_identifier_variants_are_normalized[underscores]" time="0.003" /><testcase classname="tests.test_lexical_normalization" name="test_identifier_variants_are_normalized[no-separators]" time="0.003" /><testcase classname="tests.test_lexical_normalization" name="test_identifiers_are_unique_and_ordered" time="0.003" /><testcase classname="tests.test_lexical_normalization" name="test_model_aliases_are_normalized[full-name]" time="0.003" /><testcase classname="tests.test_lexical_normalization" name="test_model_aliases_are_normalized[short-name]" time="0.004" /><testcase classname="tests.test_lexical_normalization" name="test_model_aliases_are_normalized[hyphenated-short-name]" time="0.003" /><testcase classname="tests.test_lexical_normalization" name="test_model_aliases_are_normalized[full-width-short-name]" time="0.004" /><testcase classname="tests.test_lexical_normalization" name="test_numeric_terms_preserve_sign_and_unit[ascii-minus-celsius]" time="0.004" /><testcase classname="tests.test_lexical_normalization" name="test_numeric_terms_preserve_sign_and_unit[unicode-minus-celsius]" time="0.004" /><testcase classname="tests.test_lexical_normalization" name="test_numeric_terms_preserve_sign_and_unit[milliseconds]" time="0.005" /><testcase classname="tests.test_lexical_normalization" name="test_numeric_terms_preserve_sign_and_unit[decimal-meters]" time="0.004" /><testcase classname="tests.test_lexical_normalization" name="test_numeric_terms_preserve_sign_and_unit[positive-voltage]" time="0.004" /><testcase classname="tests.test_lexical_normalization" name="test_structured_numbers_are_not_double_counted" time="0.004" /><testcase classname="tests.test_lexical_normalization" name="test_duplicate_numeric_terms_keep_first_order" time="0.003" /><testcase classname="tests.test_lexical_normalization" name="test_unicode_case_whitespace_and_dash_are_normalized" time="0.003" /><testcase classname="tests.test_lexical_normalization" name="test_blank_text_is_rejected[empty]" time="0.004" /><testcase classname="tests.test_lexical_normalization" name="test_blank_text_is_rejected[spaces-only]" time="0.003" /><testcase classname="tests.test_lexical_normalization" name="test_blank_text_is_rejected[control-whitespace-only]" time="0.003" /><testcase classname="tests.test_lexical_normalization" name="test_non_string_input_is_rejected[integer]" time="0.004" /><testcase classname="tests.test_lexical_normalization" name="test_non_string_input_is_rejected[none]" time="0.005" /><testcase classname="tests.test_lexical_normalization" name="test_numeric_normalization_preserves_word_boundaries[identifier-before-chinese]" time="0.004" /><testcase classname="tests.test_lexical_normalization" name="test_numeric_normalization_preserves_word_boundaries[unitless-number-between-chinese]" time="0.004" /><testcase classname="tests.test_lexical_normalization" name="test_numeric_normalization_preserves_word_boundaries[number-with-unit-before-chinese]" time="0.005" /><testcase classname="tests.test_query_rewriting" name="test_model_and_electrical_terms_are_expanded" time="0.004" /><testcase classname="tests.test_query_rewriting" name="test_charge_discharge_temperature_is_expanded" time="0.003" /><testcase classname="tests.test_query_rewriting" name="test_context_rule_requires_all_required_terms" time="0.002" /><testcase classname="tests.test_query_rewriting" name="test_electrical_context_requires_cable_term" time="0.003" /><testcase classname="tests.test_query_rewriting" name="test_cleaning_query_is_expanded" time="0.003" /><testcase classname="tests.test_query_rewriting" name="test_network_recovery_query_is_expanded" time="0.002" /><testcase classname="tests.test_query_rewriting" name="test_structured_terms_remain_normalized" time="0.003" /><testcase classname="tests.test_query_rewriting" name="test_query_without_matching_rule_is_unchanged" time="0.002" /><testcase classname="tests.test_query_rewriting" name="test_existing_expansion_terms_are_not_duplicated" time="0.003" /><testcase classname="tests.test_query_rewriting" name="test_same_query_produces_same_result" time="0.003" /><testcase classname="tests.test_query_rewriting" name="test_rewrite_rule_configuration_is_valid" time="0.003" /><testcase classname="tests.test_query_rewriting" name="test_non_string_query_is_rejected[none]" time="0.004" /><testcase classname="tests.test_query_rewriting" name="test_non_string_query_is_rejected[integer]" time="0.004" /><testcase classname="tests.test_query_rewriting" name="test_non_string_query_is_rejected[list]" time="0.003" /><testcase classname="tests.test_query_rewriting" name="test_blank_query_is_rejected[empty]" time="0.004" /><testcase classname="tests.test_query_rewriting" name="test_blank_query_is_rejected[spaces]" time="0.002" /><testcase classname="tests.test_query_rewriting" name="test_blank_query_is_rejected[newline-and-tab]" time="0.004" /><testcase classname="tests.test_query_rewriting" name="test_rewrite_result_is_immutable" time="0.003" /><testcase classname="tests.test_query_rewriting_retrieval" name="test_rewritten_query_is_used_by_both_paths" time="0.008" /><testcase classname="tests.test_query_rewriting_retrieval" name="test_query_without_expansion_still_uses_normalization" time="0.009" /><testcase classname="tests.test_query_rewriting_retrieval" name="test_non_integer_top_k_is_rejected_before_embedding[boolean]" time="0.007" /><testcase classname="tests.test_query_rewriting_retrieval" name="test_non_integer_top_k_is_rejected_before_embedding[float]" time="0.006" /><testcase classname="tests.test_query_rewriting_retrieval" name="test_non_integer_top_k_is_rejected_before_embedding[string]" time="0.008" /><testcase classname="tests.test_query_rewriting_retrieval" name="test_non_integer_top_k_is_rejected_before_embedding[none]" time="0.016" /><testcase classname="tests.test_query_rewriting_retrieval" name="test_non_positive_top_k_is_rejected_before_embedding[zero]" time="0.005" /><testcase classname="tests.test_query_rewriting_retrieval" name="test_non_positive_top_k_is_rejected_before_embedding[negative]" time="0.006" /><testcase classname="tests.test_query_rewriting_retrieval" name="test_blank_query_is_rejected_before_embedding" time="0.005" /><testcase classname="tests.test_query_rewriting_retrieval" name="test_non_list_retrieval_result_is_rejected" time="0.006" /><testcase classname="tests.test_query_rewriting_retrieval" name="test_invalid_retrieval_item_is_rejected" time="0.005" /><testcase classname="tests.test_query_rewriting_retrieval" name="test_empty_retrieval_result_is_allowed" time="0.006" /><testcase classname="tests.test_query_rewriting_retrieval" name="test_embedding_error_propagates_without_retrieval" time="0.006" /><testcase classname="tests.test_query_rewriting_retrieval" name="test_retrieval_result_container_is_immutable" time="0.006" /><testcase classname="tests.test_query_rewriting_retrieval" name="test_retrieval_scope_is_forwarded_after_query_rewrite" time="0.006" /><testcase classname="tests.test_query_rewriting_retrieval" name="test_invalid_retrieval_scope_is_rejected_before_embedding" time="0.003" /><testcase classname="tests.test_rag_comparison_schema" name="test_valid_report_preserves_both_experiment_groups" time="0.002" /><testcase classname="tests.test_rag_comparison_schema" name="test_bare_result_rejects_negative_latency" time="0.002" /><testcase classname="tests.test_rag_comparison_schema" name="test_bare_result_rejects_unexpected_fields" time="0.001" /><testcase classname="tests.test_rag_comparison_schema" name="test_report_rejects_duplicate_question_ids" time="0.002" /><testcase classname="tests.test_rag_comparison_schema" name="test_report_requires_at_least_one_case" time="0.001" /><testcase classname="tests.test_retrieval_baseline" name="test_embeddings_are_requested_in_batches" time="0.004" /><testcase classname="tests.test_retrieval_baseline" name="test_duplicate_content_is_embedded_once" time="0.003" /><testcase classname="tests.test_retrieval_baseline" name="test_external_cache_is_reused" time="0.004" /><testcase classname="tests.test_retrieval_baseline" name="test_cache_is_isolated_by_model" time="0.004" /><testcase classname="tests.test_retrieval_baseline" name="test_invalid_provider_response_is_rejected" time="0.003" /><testcase classname="tests.test_retrieval_baseline" name="test_invalid_batch_size_is_rejected" time="0.004" /><testcase classname="tests.test_retrieval_baseline" name="test_blank_model_name_is_rejected" time="0.003" /><testcase classname="tests.test_retrieval_evaluation" name="test_pdf_evidence_matches_physical_page" time="0.001" /><testcase classname="tests.test_retrieval_evaluation" name="test_markdown_evidence_matches_heading_path" time="0.001" /><testcase classname="tests.test_retrieval_evaluation" name="test_evidence_requires_same_source_file" time="0.001" /><testcase classname="tests.test_retrieval_evaluation" name="test_multi_hop_question_is_fully_recalled_at_three" time="0.002" /><testcase classname="tests.test_retrieval_evaluation" name="test_unanswerable_question_can_false_recall" time="0.002" /><testcase classname="tests.test_retrieval_evaluation" name="test_calculate_metrics" time="0.002" /><testcase classname="tests.test_retrieval_math" name="test_identical_vectors_have_similarity_one" time="0.002" /><testcase classname="tests.test_retrieval_math" name="test_orthogonal_vectors_have_similarity_zero" time="0.001" /><testcase classname="tests.test_retrieval_math" name="test_opposite_vectors_have_similarity_negative_one" time="0.001" /><testcase classname="tests.test_retrieval_math" name="test_known_angle_has_expected_similarity" time="0.001" /><testcase classname="tests.test_retrieval_math" name="test_different_dimensions_are_rejected" time="0.002" /><testcase classname="tests.test_retrieval_math" name="test_zero_vector_is_rejected" time="0.001" /><testcase classname="tests.test_retrieval_math" name="test_non_finite_value_is_rejected" time="0.002" /><testcase classname="tests.test_retrieval_scope" name="test_scope_requires_at_least_one_constraint" time="0.002" /><testcase classname="tests.test_retrieval_scope" name="test_scope_normalizes_string_whitespace" time="0.001" /><testcase classname="tests.test_retrieval_scope" name="test_scope_is_immutable" time="0.001" /><testcase classname="tests.test_retrieval_scope" name="test_scope_fields_require_tuples[document_ids]" time="0.002" /><testcase classname="tests.test_retrieval_scope" name="test_scope_fields_require_tuples[source_files]" time="0.002" /><testcase classname="tests.test_retrieval_scope" name="test_scope_rejects_invalid_document_id" time="0.002" /><testcase classname="tests.test_retrieval_scope" name="test_scope_rejects_duplicates_after_cleaning" time="0.001" /><testcase classname="tests.test_ret
[...]
se classname="tests.test_retrieval_strategy_comparison" name="test_non_list_and_invalid_items_are_rejected" time="0.005" /><testcase classname="tests.test_retrieval_strategy_comparison" name="test_markdown_contains_metrics_changes_and_safety_boundary" time="0.003" /><testcase classname="tests.test_retrieval_strategy_comparison" name="test_renderer_rejects_wrong_object_type" time="0.001" /><testcase classname="tests.test_retrieval_strategy_evaluation" name="test_vector_question_is_scored_by_rank" time="0.001" /><testcase classname="tests.test_retrieval_strategy_evaluation" name="test_multi_hop_question_requires_all_evidence" time="0.002" /><testcase classname="tests.test_retrieval_strategy_evaluation" name="test_unanswerable_question_is_not_fully_recalled" time="0.001" /><testcase classname="tests.test_retrieval_strategy_evaluation" name="test_candidate_metrics_are_calculated_from_questions" time="0.002" /><testcase classname="tests.test_retrieval_strategy_evaluation" name="test_strategy_report_contains_parameters_and_metrics" time="0.002" /><testcase classname="tests.test_retrieval_strategy_evaluation" name="test_duplicate_chunk_ids_are_rejected" time="0.001" /><testcase classname="tests.test_retrieval_strategy_evaluation" name="test_non_continuous_ranks_are_rejected" time="0.001" /><testcase classname="tests.test_retrieval_strategy_evaluation" name="test_empty_evaluations_are_rejected" time="0.001" /><testcase classname="tests.test_retrieval_strategy_evaluation" name="test_duplicate_question_ids_are_rejected" time="0.001" /><testcase classname="tests.test_retrieval_strategy_runner" name="test_vector_baseline_uses_one_embedding_batch" time="0.003" /><testcase classname="tests.test_retrieval_strategy_runner" name="test_hybrid_rrf_uses_original_query" time="0.003" /><testcase classname="tests.test_retrieval_strategy_runner" name="test_rewrite_strategy_uses_rewritten_query" time="0.003" /><testcase classname="tests.test_retrieval_strategy_runner" name="test_rewrite_rerank_strategy_uses_rewritten_query_and_reports_policy" time="0.003" /><testcase classname="tests.test_retrieval_strategy_runner" name="test_rewrite_version_mismatch_stops_before_embedding" time="0.004" /><testcase classname="tests.test_retrieval_strategy_runner" name="test_empty_questions_stop_before_embedding" time="0.003" /><testcase classname="tests.test_retrieval_strategy_runner" name="test_duplicate_question_ids_stop_before_embedding" time="0.003" /><testcase classname="tests.test_retrieval_strategy_runner" name="test_non_list_embedding_result_is_rejected" time="0.002" /><testcase classname="tests.test_retrieval_strategy_runner" name="test_embedding_count_mismatch_is_rejected" time="0.003" /><testcase classname="tests.test_retrieval_strategy_runner" name="test_invalid_embedding_model_stops_before_embedding[non-string]" time="0.003" /><testcase classname="tests.test_retrieval_strategy_runner" name="test_invalid_embedding_model_stops_before_embedding[blank]" time="0.004" /><testcase classname="tests.test_retrieval_strategy_runner" name="test_invalid_collection_name_stops_before_embedding[non-string]" time="0.003" /><testcase classname="tests.test_retrieval_strategy_runner" name="test_invalid_collection_name_stops_before_embedding[blank]" time="0.003" /><testcase classname="tests.test_retrieval_strategy_schema" name="test_strategy_parameters_accept_each_supported_strategy[vector_baseline]" time="0.001" /><testcase classname="tests.test_retrieval_strategy_schema" name="test_strategy_parameters_accept_each_supported_strategy[hybrid_rrf]" time="0.001" /><testcase classname="tests.test_retrieval_strategy_schema" name="test_strategy_parameters_accept_each_supported_strategy[hybrid_rrf_rewrite]" time="0.001" /><testcase classname="tests.test_retrieval_strategy_schema" name="test_strategy_parameters_accept_each_supported_strategy[hybrid_rrf_rewrite_rerank]" time="0.001" /><testcase classname="tests.test_retrieval_strategy_schema" name="test_strategy_parameters_reject_inconsistent_combinations[vector-with-candidate-k]" time="0.001" /><testcase classname="tests.test_retrieval_strategy_schema" name="test_strategy_parameters_reject_inconsistent_combinations[vector-with-rank-constant]" time="0.001" /><testcase classname="tests.test_retrieval_strategy_schema" name="test_strategy_parameters_reject_inconsistent_combinations[vector-with-rewrite-version]" time="0.001" /><testcase classname="tests.test_retrieval_strategy_schema" name="test_strategy_parameters_reject_inconsistent_combinations[hybrid-without-candidate-k]" time="0.001" /><testcase classname="tests.test_retrieval_strategy_schema" name="test_strategy_parameters_reject_inconsistent_combinations[hybrid-without-rank-constant]" time="0.001" /><testcase classname="tests.test_retrieval_strategy_schema" name="test_strategy_parameters_reject_inconsistent_combinations[top-k-larger-than-candidate-k]" time="0.001" /><testcase classname="tests.test_retrieval_strategy_schema" name="test_strategy_parameters_reject_inconsistent_combinations[plain-hybrid-with-rewrite-version]" time="0.001" /><testcase classname="tests.test_retrieval_strategy_schema" name="test_strategy_parameters_reject_inconsistent_combinations[rewrite-strategy-without-version]" time="0.002" /><testcase classname="tests.test_retrieval_strategy_schema" name="test_strategy_parameters_reject_inconsistent_combinations[vector-with-rerank-parameters]" time="0.001" /><testcase classname="tests.test_retrieval_strategy_schema" name="test_strategy_parameters_reject_inconsistent_combinations[plain-hybrid-with-rerank-parameters]" time="0.001" /><testcase classname="tests.test_retrieval_strategy_schema" name="test_strategy_parameters_reject_inconsistent_combinations[rewrite-with-rerank-parameters]" time="0.002" /><testcase classname="tests.test_retrieval_strategy_schema" name="test_strategy_parameters_reject_inconsistent_combinations[rerank-strategy-without-rewrite-version]" time="0.001" /><testcase classname="tests.test_retrieval_strategy_schema" name="test_strategy_parameters_reject_inconsistent_combinations[rerank-strategy-without-rerank-parameters]" time="0.001" /><testcase classname="tests.test_retrieval_strategy_schema" name="test_rerank_parameters_require_at_least_one_preserved_head" time="0.001" /><testcase classname="tests.test_retrieval_strategy_schema" name="test_question_evaluation_accepts_both_result_contracts[vector-result]" time="0.001" /><testcase classname="tests.test_retrieval_strategy_schema" name="test_question_evaluation_accepts_both_result_contracts[hybrid-result]" time="0.001" /><testcase classname="tests.test_retrieval_strategy_schema" name="test_question_evaluation_rejects_inconsistent_fields[non-continuous-rank]" time="0.002" /><testcase classname="tests.test_retrieval_strategy_schema" name="test_question_evaluation_rejects_inconsistent_fields[unanswerable-marked-answerable]" time="0.002" /><testcase classname="tests.test_retrieval_strategy_schema" name="test_question_evaluation_rejects_inconsistent_fields[answerable-type-marked-false]" time="0.001" /><testcase classname="tests.test_retrieval_strategy_schema" name="test_question_evaluation_rejects_inconsistent_fields[multi-hop-with-one-evidence]" time="0.002" /><testcase classname="tests.test_retrieval_strategy_schema" name="test_question_evaluation_rejects_inconsistent_fields[answerable-without-evidence]" time="0.002" /><testcase classname="tests.test_retrieval_strategy_schema" name="test_question_evaluation_rejects_inconsistent_fields[top-one-exceeds-expected]" time="0.001" /><testcase classname="tests.test_retrieval_strategy_schema" name="test_question_evaluation_rejects_inconsistent_fields[top-one-exceeds-top-three]" time="0.001" /><testcase classname="tests.test_retrieval_strategy_schema" name="test_question_evaluation_rejects_inconsistent_fields[wrong-fully-recalled-flag]" time="0.002" /><testcase classname="tests.test_retrieval_strategy_schema" name="test_question_evaluation_rejects_inconsistent_fields[unanswerable-with-evidence]" time="0.001" /><testcase classname="tests.test_retrieval_strategy_schema" name="test_question_evaluation_rejects_inconsistent_fields[unanswerable-with-match-count]" time="0.002" /><testcase classname="tests.test_retrieval_strategy_schema" name="test_question_evaluation_rejects_inconsistent_fields[unanswerable-marked-fully-recalled]" time="0.001" /><testcase classname="tests.test_retrieval_strategy_schema" name="test_metrics_accept_counts_and_matching_recall_values" time="0.001" /><testcase classname="tests.test_retrieval_strategy_schema" name="test_metrics_reject_inconsistent_counts_or_recall[matches-exceed-expected]" time="0.002" /><testcase classname="tests.test_retrieval_strategy_schema" name="test_metrics_reject_inconsistent_counts_or_recall[top-one-matches-exceed-top-three]" time="0.001" /><testcase classname="tests.test_retrieval_strategy_schema" name="test_metrics_reject_inconsistent_counts_or_recall[fully-recalled-exceeds-answerable]" time="0.001" /><testcase classname="tests.test_retrieval_strategy_schema" name="test_metrics_reject_inconsistent_counts_or_recall[top-one-full-count-exceeds-top-three]" time="0.001" /><testcase classname="tests.test_retrieval_strategy_schema" name="test_metrics_reject_inconsistent_counts_or_recall[wrong-recall-at-one]" time="0.002" /><testcase classname="tests.test_retrieval_strategy_schema" name="test_metrics_reject_inconsistent_counts_or_recall[wrong-recall-at-three]" time="0.001" /><testcase classname="tests.test_retrieval_strategy_schema" name="test_report_accepts_matching_strategy_results_and_metrics[vector_baseline]" time="0.001" /><testcase classname="tests.test_retrieval_strategy_schema" name="test_report_accepts_matching_strategy_results_and_metrics[hybrid_rrf]" time="0.001" /><testcase classname="tests.test_retrieval_strategy_schema" name="test_report_accepts_matching_strategy_results_and_metrics[hybrid_rrf_rewrite]" time="0.001" /><testcase classname="tests.test_retrieval_strategy_schema" name="test_report_rejects_duplicate_question_ids" time="0.001" /><testcase classname="tests.test_retrieval_strategy_schema" name="test_report_rejects_result_type_that_does_not_match_strategy[hybrid-result-in-vector-report]" time="0.001" /><testcase classname="tests.test_retrieval_strategy_schema" name="test_report_rejects_result_type_that_does_not_match_strategy[vector-result-in-hybrid-report]" time="0.001" /><testcase classname="tests.test_retrieval_strategy_schema" name="test_report_rejects_summary_that_disagrees_with_questions" time="0.002" /><testcase classname="tests.test_retrieval_strategy_schema" name="test_report_rejects_more_candidates_than_top_k" time="0.001" /><testcase classname="tests.test_retrieval_strategy_schema" name="test_serialization_keeps_rrf_and_similarity_as_different_fields" time="0.001" /><testcase classname="tests.test_run_retrieval_baseline" name="test_normalize_location_removes_prefix_and_spaces" time="0.001" /><testcase classname="tests.test_run_retrieval_baseline" name="test_evidence_matches_hierarchical_location" time="0.001" /><testcase classname="tests.test_run_retrieval_baseline" name="test_evidence_requires_matching_source_file" time="0.001" /><testcase classname="tests.test_run_retrieval_baseline" name="test_duplicate_results_count_one_expected_evidence" time="0.001" /><testcase classname="tests.test_run_retrieval_baseline" name="test_select_supported_questions" time="0.001" /><testcase classname="tests.test_service_errors" name="test_create_llm_client_without_api_key" time="0.003" /><testcase classname="tests.test_service_errors" name="test_service_converts_sdk_timeout" time="0.005" /><testcase classname="tests.test_service_responses" name="test_service_parses_valid_llm_response" time="0.005" /><testcase classname="tests.test_service_responses" name="test_service_rejects_invalid_llm_content[none-content]" time="0.008" /><testcase classname="tests.test_service_responses" name="test_service_rejects_invalid_llm_content[empty-content]" time="0.007" /><testcase classname="tests.test_service_responses" name="test_service_rejects_invalid_llm_content[invalid-json]" time="0.006" /><testcase classname="tests.test_service_responses" name="test_service_rejects_invalid_llm_content[wrong-json-structure]" time="0.007" /><testcase classname="tests.test_service_responses" name="test_service_rejects_empty_choices" time="0.007" /><testcase classname="tests.test_smoke_chroma_retrieval" name="test_parse_args_uses_public_demo_defaults" time="0.006" /><testcase classname="tests.test_smoke_chroma_retrieval" name="test_parse_args_accepts_user_overrides" time="0.004" /><testcase classname="tests.test_smoke_chroma_retrieval" name="test_parse_args_rejects_invalid_values[blank-query]" time="0.011" /><testcase classname="tests.test_smoke_chroma_retrieval" name="test_parse_args_rejects_invalid_values[non-positive-top-k]" time="0.007" /><testcase classname="tests.test_smoke_hybrid_retrieval" name="test_parse_args_uses_reproducible_defaults" time="0.004" /><testcase classname="tests.test_smoke_hybrid_retrieval" name="test_parse_args_accepts_and_converts_overrides" time="0.004" /><testcase classname="tests.test_smoke_hybrid_retrieval" name="test_parse_args_rejects_invalid_cli_values[blank-query]" time="0.008" /><testcase classname="tests.test_smoke_hybrid_retrieval" name="test_parse_args_rejects_invalid_cli_values[zero-top-k]" time="0.006" /><testcase classname="tests.test_smoke_hybrid_retrieval" name="test_parse_args_rejects_invalid_cli_values[non-integer-candidate-k]" time="0.008" /><testcase classname="tests.test_smoke_hybrid_retrieval" name="test_parse_args_rejects_invalid_cli_values[negative-rank-constant]" time="0.007" /><testcase classname="tests.test_smoke_hybrid_retrieval" name="test_parse_args_rejects_invalid_cli_values[top-k-larger-than-candidate-k]" time="0.008" /><testcase classname="tests.test_smoke_hybrid_retrieval" name="test_runtime_validation_rejects_invalid_direct_calls[non-string-query]" time="0.001" /><testcase classname="tests.test_smoke_hybrid_retrieval" name="test_runtime_validation_rejects_invalid_direct_calls[blank-query]" time="0.001" /><testcase classname="tests.test_smoke_hybrid_retrieval" name="test_runtime_validation_rejects_invalid_direct_calls[boolean-top-k]" time="0.002" /><testcase classname="tests.test_smoke_hybrid_retrieval" name="test_runtime_validation_rejects_invalid_direct_calls[zero-top-k]" time="0.002" /><testcase classname="tests.test_smoke_hybrid_retrieval" name="test_runtime_validation_rejects_invalid_direct_calls[boolean-candidate-k]" time="0.001" /><testcase classname="tests.test_smoke_hybrid_retrieval" name="test_runtime_validation_rejects_invalid_direct_calls[zero-candidate-k]" time="0.002" /><testcase classname="tests.test_smoke_hybrid_retrieval" name="test_runtime_validation_rejects_invalid_direct_calls[boolean-rank-constant]" time="0.001" /><testcase classname="tests.test_smoke_hybrid_retrieval" name="test_runtime_validation_rejects_invalid_direct_calls[zero-rank-constant]" time="0.001" /><testcase classname="tests.test_smoke_hybrid_retrieval" name="test_runtime_validation_rejects_invalid_direct_calls[top-k-larger-than-candidate-k]" time="0.001" /><testcase classname="tests.test_smoke_hybrid_retrieval" name="test_run_smoke_executes_real_keyword_and_rrf_flow" time="0.005" /><testcase classname="tests.test_smoke_hybrid_retrieval" name="test_run_smoke_closes_client_when_embedding_fails" time="0.005" /><testcase classname="tests.test_smoke_hybrid_retrieval" name="test_run_smoke_rejects_empty_collection_before_client_creation" time="0.004" /><testcase classname="tests.test_stream" name="test_stream_success_event_order" time="0.023" /><testcase classname="tests.test_stream" name="test_stream_timeout_event[False-expected_event_names0]" time="0.018" /><testcase classname="tests.test_stream" name="test_stream_timeout_event[True-expected_event_names1]" time="0.011" /><testcase classname="tests.test_upload_staging" name="test_stage_uploaded_file_preserves_content" time="0.009" /><testcase classname="tests.test_upload_staging" name="test_stage_uploaded_file_rejects_oversize" time="0.007" /><testcase classname="tests.test_upload_staging" name="test_stage_uploaded_file_rejects_missing_name" time="0.004" /><testcase classname="tests.test_vector_store" name="test_add_and_list_document" time="0.220" /><testcase classname="tests.test_vector_store" name="test_data_survives_new_store_instance" time="0.207" /><testcase classname="tests.test_vector_store" name="test_list_chunks_empty_store_returns_empty_list" time="0.094" /><testcase classname="tests.test_vector_store" name="test_list_chunks_restores_complete_sorted_chunks" time="0.118" /><testcase classname="tests.test_vector_store" name="test_list_chunks_survives_new_store_instance" time="0.152" /><testcase classname="tests.test_vector_store" name="test_list_chunks_wraps_incomplete_metadata" time="0.191" /><testcase classname="tests.test_vector_store" name="test_list_chunks_rejects_mismatched_embedding_model" time="0.428" /><testcase classname="tests.test_vector_store" name="test_duplicate_document_is_rejected" time="0.219" /><testcase classname="tests.test_vector_store" name="test_delete_document_removes_all_chunks" time="0.196" /><testcase classname="tests.test_vector_store" name="test_retrieve_returns_ranked_traceable_chunks" time="0.192" /><testcase classname="tests.test_vector_store" name="test_retrieve_respects_top_k" time="0.168" /><testcase classname="tests.test_vector_store" name="test_retrieve_empty_store_returns_empty_list" time="0.119" /><testcase classname="tests.test_vector_store" name="test_retrieve_rejects_different_model" time="0.116" /><testcase classname="tests.test_vector_store" name="test_retrieve_rejects_invalid_top_k" time="0.128" /><testcase classname="tests.test_vector_store" name="test_retrieve_source_scope_filters_before_top_k" time="0.220" /><testcase classname="tests.test_vector_store" name="test_retrieve_document_id_scope_filters_vectors" time="0.186" /><testcase classname="tests.test_vector_store" name="test_retrieve_combined_scope_uses_chroma_and" time="0.213" /><testcase classname="tests.test_vector_store" name="test_retrieve_scope_without_matches_returns_empty" time="0.141" /><testcase classname="tests.test_vector_store" name="test_retrieve_rejects_invalid_scope_type" time="0.092" /><testcase classname="tests.test_week3_gold_questions" name="test_gold_dataset_contains_required_questions" time="0.003" /><testcase classname="tests.test_week3_gold_questions" name="test_gold_dataset_has_required_distribution" time="0.002" /><testcase classname="tests.test_week3_gold_questions" name="test_q021_requires_fault_steps_and_reset_safety_evidence" time="0.001" /><testcase classname="tests.test_week3_gold_questions" name="test_new_questions_cover_required_challenges" time="0.002" /><testcase classname="tests.test_week3_gold_questions" name="test_difficult_variant_reuses_known_evidence[fault-code-space-variant]" time="0.002" /><testcase classname="tests.test_week3_gold_questions" name="test_difficult_variant_reuses_known_evidence[fault-code-underscore-variant]" time="0.001" /><testcase classname="tests.test_week3_gold_questions" name="test_difficult_variant_reuses_known_evidence[model-alias-variant]" time="0.001" /><testcase classname="tests.test_week3_gold_questions" name="test_difficult_variant_reuses_known_evidence[negative-temperature-variant]" time="0.001" /><testcase classname="tests.test_week3_gold_questions" name="test_difficult_variant_reuses_known_evidence[fault-injection-variant]" time="0.001" /><testcase classname="tests.test_week3_gold_questions" name="test_difficult_variant_reuses_known_evidence[cross-document-model-variant]" time="0.001" /><testcase classname="tests.test_week3_gold_questions" name="test_evidence_locations_are_stable_and_safe" time="0.001" /><testcase classname="tests.test_week3_gold_questions" name="test_new_dataset_contains_relationship_abstention" time="0.002" /></testsuite></testsuites>